<?xml version="1.0" encoding="UTF-8"?>
<testsuite name="cn.stu.cache.CacheChannelTest" tests="19" skipped="0" failures="0" errors="0" timestamp="2019-04-13T02:14:22" hostname="zhanghanlin" time="1.509">
  <properties/>
  <testcase name="exists" classname="cn.stu.cache.CacheChannelTest" time="0.808"/>
  <testcase name="get" classname="cn.stu.cache.CacheChannelTest" time="0.045"/>
  <testcase name="set" classname="cn.stu.cache.CacheChannelTest" time="0.013"/>
  <testcase name="get1" classname="cn.stu.cache.CacheChannelTest" time="0.028"/>
  <testcase name="get2" classname="cn.stu.cache.CacheChannelTest" time="0.072"/>
  <testcase name="get3" classname="cn.stu.cache.CacheChannelTest" time="0.038"/>
  <testcase name="keys" classname="cn.stu.cache.CacheChannelTest" time="0.04"/>
  <testcase name="set1" classname="cn.stu.cache.CacheChannelTest" time="0.012"/>
  <testcase name="set2" classname="cn.stu.cache.CacheChannelTest" time="0.021"/>
  <testcase name="set3" classname="cn.stu.cache.CacheChannelTest" time="0.014"/>
  <testcase name="set4" classname="cn.stu.cache.CacheChannelTest" time="0.015"/>
  <testcase name="set5" classname="cn.stu.cache.CacheChannelTest" time="0.02"/>
  <testcase name="set6" classname="cn.stu.cache.CacheChannelTest" time="0.016"/>
  <testcase name="set7" classname="cn.stu.cache.CacheChannelTest" time="0.025"/>
  <testcase name="testCaffeineExpire" classname="cn.stu.cache.CacheChannelTest" time="0.038"/>
  <testcase name="check" classname="cn.stu.cache.CacheChannelTest" time="0.046"/>
  <testcase name="clear" classname="cn.stu.cache.CacheChannelTest" time="0.071"/>
  <testcase name="evict" classname="cn.stu.cache.CacheChannelTest" time="0.022"/>
  <testcase name="regions" classname="cn.stu.cache.CacheChannelTest" time="0.149"/>
  <system-out><![CDATA[init cache and clear all data.
close cache 7
init cache and clear all data.
close cache 7
init cache and clear all data.
close cache 7
init cache and clear all data.
close cache 8
init cache and clear all data.
close cache 7
init cache and clear all data.
close cache 8
init cache and clear all data.
close cache 8
init cache and clear all data.
close cache 8
init cache and clear all data.
close cache 8
init cache and clear all data.
close cache 9
init cache and clear all data.
close cache 9
init cache and clear all data.
close cache 10
init cache and clear all data.
close cache 10
init cache and clear all data.
close cache 11
init cache and clear all data.
close cache 10
init cache and clear all data.
close cache 11
init cache and clear all data.
close cache 10
init cache and clear all data.
close cache 11
init cache and clear all data.
close cache 11
]]></system-out>
  <system-err><![CDATA[[Test worker] INFO cn.stu.cache.util.SerializationUtils - Using Serializer -> [json:cn.stu.cache.util.FstJSONSerializer]
[Test worker] INFO cn.stu.cache.CacheProviderHolder - Using L1 CacheProvider : cn.stu.cache.caffeine.CaffeineProvider
[Test worker] INFO cn.stu.cache.redis.RedisCacheProvider - Redis client starts with mode(single),db(0),storage(generic),namespace(),time(125ms)
[Test worker] INFO cn.stu.cache.CacheProviderHolder - Using L2 CacheProvider : cn.stu.cache.redis.RedisCacheProvider
[Test worker] INFO cn.stu.cache.redis.RedisPubSubClusterPolicy - Connected to redis channel:j2cache, time 186 ms.
[Test worker] INFO cn.stu.cache.ZhCacheBuilder - Using cluster policy : cn.stu.cache.redis.RedisPubSubClusterPolicy
[Test worker] INFO cn.stu.cache.util.SerializationUtils - Using Serializer -> [json:cn.stu.cache.util.FstJSONSerializer]
[Test worker] INFO cn.stu.cache.CacheProviderHolder - Using L1 CacheProvider : cn.stu.cache.caffeine.CaffeineProvider
[Test worker] INFO cn.stu.cache.redis.RedisCacheProvider - Redis client starts with mode(single),db(0),storage(generic),namespace(),time(3ms)
[Test worker] INFO cn.stu.cache.CacheProviderHolder - Using L2 CacheProvider : cn.stu.cache.redis.RedisCacheProvider
[Test worker] INFO cn.stu.cache.redis.RedisPubSubClusterPolicy - Connected to redis channel:j2cache, time 1 ms.
[Test worker] INFO cn.stu.cache.ZhCacheBuilder - Using cluster policy : cn.stu.cache.redis.RedisPubSubClusterPolicy
[RedisSubscribeThread] INFO cn.stu.cache.redis.RedisPubSubClusterPolicy - Disconnect to redis channel: j2cache
[RedisSubscribeThread] INFO cn.stu.cache.redis.RedisPubSubClusterPolicy - Disconnect to redis channel: j2cache
[Test worker] INFO cn.stu.cache.util.SerializationUtils - Using Serializer -> [json:cn.stu.cache.util.FstJSONSerializer]
[Test worker] INFO cn.stu.cache.CacheProviderHolder - Using L1 CacheProvider : cn.stu.cache.caffeine.CaffeineProvider
[Test worker] INFO cn.stu.cache.redis.RedisCacheProvider - Redis client starts with mode(single),db(0),storage(generic),namespace(),time(5ms)
[Test worker] INFO cn.stu.cache.CacheProviderHolder - Using L2 CacheProvider : cn.stu.cache.redis.RedisCacheProvider
[Test worker] INFO cn.stu.cache.redis.RedisPubSubClusterPolicy - Connected to redis channel:j2cache, time 1 ms.
[Test worker] INFO cn.stu.cache.ZhCacheBuilder - Using cluster policy : cn.stu.cache.redis.RedisPubSubClusterPolicy
[Test worker] INFO cn.stu.cache.util.SerializationUtils - Using Serializer -> [json:cn.stu.cache.util.FstJSONSerializer]
[Test worker] INFO cn.stu.cache.CacheProviderHolder - Using L1 CacheProvider : cn.stu.cache.caffeine.CaffeineProvider
[Test worker] INFO cn.stu.cache.redis.RedisCacheProvider - Redis client starts with mode(single),db(0),storage(generic),namespace(),time(7ms)
[Test worker] INFO cn.stu.cache.CacheProviderHolder - Using L2 CacheProvider : cn.stu.cache.redis.RedisCacheProvider
[Test worker] INFO cn.stu.cache.redis.RedisPubSubClusterPolicy - Connected to redis channel:j2cache, time 2 ms.
[RedisSubscribeThread] INFO cn.stu.cache.cluster.ClusterPolicy - Node-1013309 joined !
[Test worker] INFO cn.stu.cache.ZhCacheBuilder - Using cluster policy : cn.stu.cache.redis.RedisPubSubClusterPolicy
[RedisSubscribeThread] ERROR cn.stu.cache.cluster.ClusterPolicy - Failed to handle received msg
cn.stu.cache.CacheException: Undefined [default] caffeine cache
	at cn.stu.cache.caffeine.CaffeineProvider.lambda$buildCache$1(CaffeineProvider.java:70)
	at java.util.concurrent.ConcurrentHashMap.computeIfAbsent(ConcurrentHashMap.java:1660)
	at cn.stu.cache.caffeine.CaffeineProvider.buildCache(CaffeineProvider.java:65)
	at cn.stu.cache.CacheProviderHolder.getLevel1Cache(CacheProviderHolder.java:108)
	at cn.stu.cache.redis.RedisPubSubClusterPolicy.evict(RedisPubSubClusterPolicy.java:89)
	at cn.stu.cache.cluster.ClusterPolicy.handleCommand(ClusterPolicy.java:102)
	at cn.stu.cache.redis.RedisPubSubClusterPolicy.onMessage(RedisPubSubClusterPolicy.java:167)
	at redis.clients.jedis.JedisPubSub.process(JedisPubSub.java:142)
	at redis.clients.jedis.JedisPubSub.proceed(JedisPubSub.java:115)
	at redis.clients.jedis.Jedis.subscribe(Jedis.java:2680)
	at cn.stu.cache.redis.RedisPubSubClusterPolicy.lambda$connect$0(RedisPubSubClusterPolicy.java:115)
	at java.lang.Thread.run(Thread.java:748)
[RedisSubscribeThread] ERROR cn.stu.cache.cluster.ClusterPolicy - Failed to handle received msg
cn.stu.cache.CacheException: Undefined [default] caffeine cache
	at cn.stu.cache.caffeine.CaffeineProvider.lambda$buildCache$1(CaffeineProvider.java:70)
	at java.util.concurrent.ConcurrentHashMap.computeIfAbsent(ConcurrentHashMap.java:1660)
	at cn.stu.cache.caffeine.CaffeineProvider.buildCache(CaffeineProvider.java:65)
	at cn.stu.cache.CacheProviderHolder.getLevel1Cache(CacheProviderHolder.java:108)
	at cn.stu.cache.redis.RedisPubSubClusterPolicy.clear(RedisPubSubClusterPolicy.java:98)
	at cn.stu.cache.cluster.ClusterPolicy.handleCommand(ClusterPolicy.java:106)
	at cn.stu.cache.redis.RedisPubSubClusterPolicy.onMessage(RedisPubSubClusterPolicy.java:167)
	at redis.clients.jedis.JedisPubSub.process(JedisPubSub.java:142)
	at redis.clients.jedis.JedisPubSub.proceed(JedisPubSub.java:115)
	at redis.clients.jedis.Jedis.subscribe(Jedis.java:2680)
[Test worker] INFO cn.stu.cache.util.SerializationUtils - Using Serializer -> [json:cn.stu.cache.util.FstJSONSerializer]
	at cn.stu.cache.redis.RedisPubSubClusterPolicy.lambda$connect$0(RedisPubSubClusterPolicy.java:115)
	at java.lang.Thread.run(Thread.java:748)
[RedisSubscribeThread] INFO cn.stu.cache.cluster.ClusterPolicy - Node-1013309 quit !
[Test worker] INFO cn.stu.cache.CacheProviderHolder - Using L1 CacheProvider : cn.stu.cache.caffeine.CaffeineProvider
[RedisSubscribeThread] INFO cn.stu.cache.redis.RedisPubSubClusterPolicy - Disconnect to redis channel: j2cache
[Test worker] INFO cn.stu.cache.redis.RedisCacheProvider - Redis client starts with mode(single),db(0),storage(generic),namespace(),time(11ms)
[Test worker] INFO cn.stu.cache.CacheProviderHolder - Using L2 CacheProvider : cn.stu.cache.redis.RedisCacheProvider
[RedisSubscribeThread] INFO cn.stu.cache.cluster.ClusterPolicy - Node-5031341 joined !
[Test worker] INFO cn.stu.cache.redis.RedisPubSubClusterPolicy - Connected to redis channel:j2cache, time 1 ms.
[Test worker] INFO cn.stu.cache.ZhCacheBuilder - Using cluster policy : cn.stu.cache.redis.RedisPubSubClusterPolicy
[RedisSubscribeThread] ERROR cn.stu.cache.cluster.ClusterPolicy - Failed to handle received msg
cn.stu.cache.CacheException: Undefined [default] caffeine cache
	at cn.stu.cache.caffeine.CaffeineProvider.lambda$buildCache$1(CaffeineProvider.java:70)
	at java.util.concurrent.ConcurrentHashMap.computeIfAbsent(ConcurrentHashMap.java:1660)
	at cn.stu.cache.caffeine.CaffeineProvider.buildCache(CaffeineProvider.java:65)
	at cn.stu.cache.CacheProviderHolder.getLevel1Cache(CacheProviderHolder.java:108)
	at cn.stu.cache.redis.RedisPubSubClusterPolicy.evict(RedisPubSubClusterPolicy.java:89)
	at cn.stu.cache.cluster.ClusterPolicy.handleCommand(ClusterPolicy.java:102)
	at cn.stu.cache.redis.RedisPubSubClusterPolicy.onMessage(RedisPubSubClusterPolicy.java:167)
	at redis.clients.jedis.JedisPubSub.process(JedisPubSub.java:142)
	at redis.clients.jedis.JedisPubSub.proceed(JedisPubSub.java:115)
	at redis.clients.jedis.Jedis.subscribe(Jedis.java:2680)
	at cn.stu.cache.redis.RedisPubSubClusterPolicy.lambda$connect$0(RedisPubSubClusterPolicy.java:115)
	at java.lang.Thread.run(Thread.java:748)
[RedisSubscribeThread] ERROR cn.stu.cache.cluster.ClusterPolicy - Failed to handle received msg
cn.stu.cache.CacheException: Undefined [default] caffeine cache
	at cn.stu.cache.caffeine.CaffeineProvider.lambda$buildCache$1(CaffeineProvider.java:70)
	at java.util.concurrent.ConcurrentHashMap.computeIfAbsent(ConcurrentHashMap.java:1660)
	at cn.stu.cache.caffeine.CaffeineProvider.buildCache(CaffeineProvider.java:65)
	at cn.stu.cache.CacheProviderHolder.getLevel1Cache(CacheProviderHolder.java:108)
	at cn.stu.cache.redis.RedisPubSubClusterPolicy.evict(RedisPubSubClusterPolicy.java:89)
	at cn.stu.cache.cluster.ClusterPolicy.handleCommand(ClusterPolicy.java:102)
	at cn.stu.cache.redis.RedisPubSubClusterPolicy.onMessage(RedisPubSubClusterPolicy.java:167)
	at redis.clients.jedis.JedisPubSub.process(JedisPubSub.java:142)
	at redis.clients.jedis.JedisPubSub.proceed(JedisPubSub.java:115)
	at redis.clients.jedis.Jedis.subscribe(Jedis.java:2680)
	at cn.stu.cache.redis.RedisPubSubClusterPolicy.lambda$connect$0(RedisPubSubClusterPolicy.java:115)
	at java.lang.Thread.run(Thread.java:748)
[RedisSubscribeThread] ERROR cn.stu.cache.cluster.ClusterPolicy - Failed to handle received msg
cn.stu.cache.CacheException: Undefined [default] caffeine cache
	at cn.stu.cache.caffeine.CaffeineProvider.lambda$buildCache$1(CaffeineProvider.java:70)
	at java.util.concurrent.ConcurrentHashMap.computeIfAbsent(ConcurrentHashMap.java:1660)
	at cn.stu.cache.caffeine.CaffeineProvider.buildCache(CaffeineProvider.java:65)
	at cn.stu.cache.CacheProviderHolder.getLevel1Cache(CacheProviderHolder.java:108)
	at cn.stu.cache.redis.RedisPubSubClusterPolicy.evict(RedisPubSubClusterPolicy.java:89)
	at cn.stu.cache.cluster.ClusterPolicy.handleCommand(ClusterPolicy.java:102)
	at cn.stu.cache.redis.RedisPubSubClusterPolicy.onMessage(RedisPubSubClusterPolicy.java:167)
	at redis.clients.jedis.JedisPubSub.process(JedisPubSub.java:142)
	at redis.clients.jedis.JedisPubSub.proceed(JedisPubSub.java:115)
	at redis.clients.jedis.Jedis.subscribe(Jedis.java:2680)
	at cn.stu.cache.redis.RedisPubSubClusterPolicy.lambda$connect$0(RedisPubSubClusterPolicy.java:115)
	at java.lang.Thread.run(Thread.java:748)
[RedisSubscribeThread] ERROR cn.stu.cache.cluster.ClusterPolicy - Failed to handle received msg
cn.stu.cache.CacheException: Undefined [default] caffeine cache
	at cn.stu.cache.caffeine.CaffeineProvider.lambda$buildCache$1(CaffeineProvider.java:70)
	at java.util.concurrent.ConcurrentHashMap.computeIfAbsent(ConcurrentHashMap.java:1660)
	at cn.stu.cache.caffeine.CaffeineProvider.buildCache(CaffeineProvider.java:65)
	at cn.stu.cache.CacheProviderHolder.getLevel1Cache(CacheProviderHolder.java:108)
	at cn.stu.cache.redis.RedisPubSubClusterPolicy.evict(RedisPubSubClusterPolicy.java:89)
	at cn.stu.cache.cluster.ClusterPolicy.handleCommand(ClusterPolicy.java:102)
	at cn.stu.cache.redis.RedisPubSubClusterPolicy.onMessage(RedisPubSubClusterPolicy.java:167)
	at redis.clients.jedis.JedisPubSub.process(JedisPubSub.java:142)
	at redis.clients.jedis.JedisPubSub.proceed(JedisPubSub.java:115)
	at redis.clients.jedis.Jedis.subscribe(Jedis.java:2680)
	at cn.stu.cache.redis.RedisPubSubClusterPolicy.lambda$connect$0(RedisPubSubClusterPolicy.java:115)
	at java.lang.Thread.run(Thread.java:748)
[RedisSubscribeThread] ERROR cn.stu.cache.cluster.ClusterPolicy - Failed to handle received msg
cn.stu.cache.CacheException: Undefined [default] caffeine cache
	at cn.stu.cache.caffeine.CaffeineProvider.lambda$buildCache$1(CaffeineProvider.java:70)
	at java.util.concurrent.ConcurrentHashMap.computeIfAbsent(ConcurrentHashMap.java:1660)
	at cn.stu.cache.caffeine.CaffeineProvider.buildCache(CaffeineProvider.java:65)
	at cn.stu.cache.CacheProviderHolder.getLevel1Cache(CacheProviderHolder.java:108)
	at cn.stu.cache.redis.RedisPubSubClusterPolicy.evict(RedisPubSubClusterPolicy.java:89)
	at cn.stu.cache.cluster.ClusterPolicy.handleCommand(ClusterPolicy.java:102)
	at cn.stu.cache.redis.RedisPubSubClusterPolicy.onMessage(RedisPubSubClusterPolicy.java:167)
	at redis.clients.jedis.JedisPubSub.process(JedisPubSub.java:142)
	at redis.clients.jedis.JedisPubSub.proceed(JedisPubSub.java:115)
	at redis.clients.jedis.Jedis.subscribe(Jedis.java:2680)
	at cn.stu.cache.redis.RedisPubSubClusterPolicy.lambda$connect$0(RedisPubSubClusterPolicy.java:115)
	at java.lang.Thread.run(Thread.java:748)
[RedisSubscribeThread] ERROR cn.stu.cache.cluster.ClusterPolicy - Failed to handle received msg
cn.stu.cache.CacheException: Undefined [default] caffeine cache
	at cn.stu.cache.caffeine.CaffeineProvider.lambda$buildCache$1(CaffeineProvider.java:70)
	at java.util.concurrent.ConcurrentHashMap.computeIfAbsent(ConcurrentHashMap.java:1660)
	at cn.stu.cache.caffeine.CaffeineProvider.buildCache(CaffeineProvider.java:65)
	at cn.stu.cache.CacheProviderHolder.getLevel1Cache(CacheProviderHolder.java:108)
[RedisSubscribeThread] INFO cn.stu.cache.redis.RedisPubSubClusterPolicy - Disconnect to redis channel: j2cache
	at cn.stu.cache.redis.RedisPubSubClusterPolicy.clear(RedisPubSubClusterPolicy.java:98)
	at cn.stu.cache.cluster.ClusterPolicy.handleCommand(ClusterPolicy.java:106)
	at cn.stu.cache.redis.RedisPubSubClusterPolicy.onMessage(RedisPubSubClusterPolicy.java:167)
	at redis.clients.jedis.JedisPubSub.process(JedisPubSub.java:142)
	at redis.clients.jedis.JedisPubSub.proceed(JedisPubSub.java:115)
	at redis.clients.jedis.Jedis.subscribe(Jedis.java:2680)
	at cn.stu.cache.redis.RedisPubSubClusterPolicy.lambda$connect$0(RedisPubSubClusterPolicy.java:115)
	at java.lang.Thread.run(Thread.java:748)
[RedisSubscribeThread] INFO cn.stu.cache.cluster.ClusterPolicy - Node-5031341 quit !
[Test worker] INFO cn.stu.cache.util.SerializationUtils - Using Serializer -> [json:cn.stu.cache.util.FstJSONSerializer]
[Test worker] INFO cn.stu.cache.CacheProviderHolder - Using L1 CacheProvider : cn.stu.cache.caffeine.CaffeineProvider
[Test worker] INFO cn.stu.cache.redis.RedisCacheProvider - Redis client starts with mode(single),db(0),storage(generic),namespace(),time(2ms)
[Test worker] INFO cn.stu.cache.CacheProviderHolder - Using L2 CacheProvider : cn.stu.cache.redis.RedisCacheProvider
[RedisSubscribeThread] INFO cn.stu.cache.cluster.ClusterPolicy - Node-5172403 joined !
[Test worker] INFO cn.stu.cache.redis.RedisPubSubClusterPolicy - Connected to redis channel:j2cache, time 2 ms.
[Test worker] INFO cn.stu.cache.ZhCacheBuilder - Using cluster policy : cn.stu.cache.redis.RedisPubSubClusterPolicy
[RedisSubscribeThread] ERROR cn.stu.cache.cluster.ClusterPolicy - Failed to handle received msg
cn.stu.cache.CacheException: Undefined [default] caffeine cache
	at cn.stu.cache.caffeine.CaffeineProvider.lambda$buildCache$1(CaffeineProvider.java:70)
	at java.util.concurrent.ConcurrentHashMap.computeIfAbsent(ConcurrentHashMap.java:1660)
	at cn.stu.cache.caffeine.CaffeineProvider.buildCache(CaffeineProvider.java:65)
	at cn.stu.cache.CacheProviderHolder.getLevel1Cache(CacheProviderHolder.java:108)
	at cn.stu.cache.redis.RedisPubSubClusterPolicy.evict(RedisPubSubClusterPolicy.java:89)
	at cn.stu.cache.cluster.ClusterPolicy.handleCommand(ClusterPolicy.java:102)
	at cn.stu.cache.redis.RedisPubSubClusterPolicy.onMessage(RedisPubSubClusterPolicy.java:167)
	at redis.clients.jedis.JedisPubSub.process(JedisPubSub.java:142)
	at redis.clients.jedis.JedisPubSub.proceed(JedisPubSub.java:115)
	at redis.clients.jedis.Jedis.subscribe(Jedis.java:2680)
	at cn.stu.cache.redis.RedisPubSubClusterPolicy.lambda$connect$0(RedisPubSubClusterPolicy.java:115)
	at java.lang.Thread.run(Thread.java:748)
[RedisSubscribeThread] ERROR cn.stu.cache.cluster.ClusterPolicy - Failed to handle received msg
cn.stu.cache.CacheException: Undefined [default] caffeine cache
	at cn.stu.cache.caffeine.CaffeineProvider.lambda$buildCache$1(CaffeineProvider.java:70)
	at java.util.concurrent.ConcurrentHashMap.computeIfAbsent(ConcurrentHashMap.java:1660)
	at cn.stu.cache.caffeine.CaffeineProvider.buildCache(CaffeineProvider.java:65)
	at cn.stu.cache.CacheProviderHolder.getLevel1Cache(CacheProviderHolder.java:108)
	at cn.stu.cache.redis.RedisPubSubClusterPolicy.evict(RedisPubSubClusterPolicy.java:89)
	at cn.stu.cache.cluster.ClusterPolicy.handleCommand(ClusterPolicy.java:102)
	at cn.stu.cache.redis.RedisPubSubClusterPolicy.onMessage(RedisPubSubClusterPolicy.java:167)
	at redis.clients.jedis.JedisPubSub.process(JedisPubSub.java:142)
	at redis.clients.jedis.JedisPubSub.proceed(JedisPubSub.java:115)
	at redis.clients.jedis.Jedis.subscribe(Jedis.java:2680)
	at cn.stu.cache.redis.RedisPubSubClusterPolicy.lambda$connect$0(RedisPubSubClusterPolicy.java:115)
	at java.lang.Thread.run(Thread.java:748)
[RedisSubscribeThread] ERROR cn.stu.cache.cluster.ClusterPolicy - Failed to handle received msg
cn.stu.cache.CacheException: Undefined [default] caffeine cache
	at cn.stu.cache.caffeine.CaffeineProvider.lambda$buildCache$1(CaffeineProvider.java:70)
	at java.util.concurrent.ConcurrentHashMap.computeIfAbsent(ConcurrentHashMap.java:1660)
	at cn.stu.cache.caffeine.CaffeineProvider.buildCache(CaffeineProvider.java:65)
	at cn.stu.cache.CacheProviderHolder.getLevel1Cache(CacheProviderHolder.java:108)
	at cn.stu.cache.redis.RedisPubSubClusterPolicy.evict(RedisPubSubClusterPolicy.java:89)
	at cn.stu.cache.cluster.ClusterPolicy.handleCommand(ClusterPolicy.java:102)
	at cn.stu.cache.redis.RedisPubSubClusterPolicy.onMessage(RedisPubSubClusterPolicy.java:167)
	at redis.clients.jedis.JedisPubSub.process(JedisPubSub.java:142)
	at redis.clients.jedis.JedisPubSub.proceed(JedisPubSub.java:115)
	at redis.clients.jedis.Jedis.subscribe(Jedis.java:2680)
	at cn.stu.cache.redis.RedisPubSubClusterPolicy.lambda$connect$0(RedisPubSubClusterPolicy.java:115)
	at java.lang.Thread.run(Thread.java:748)
[RedisSubscribeThread] ERROR cn.stu.cache.cluster.ClusterPolicy - Failed to handle received msg
cn.stu.cache.CacheException: Undefined [default] caffeine cache
	at cn.stu.cache.caffeine.CaffeineProvider.lambda$buildCache$1(CaffeineProvider.java:70)
	at java.util.concurrent.ConcurrentHashMap.computeIfAbsent(ConcurrentHashMap.java:1660)
	at cn.stu.cache.caffeine.CaffeineProvider.buildCache(CaffeineProvider.java:65)
	at cn.stu.cache.CacheProviderHolder.getLevel1Cache(CacheProviderHolder.java:108)
	at cn.stu.cache.redis.RedisPubSubClusterPolicy.evict(RedisPubSubClusterPolicy.java:89)
	at cn.stu.cache.cluster.ClusterPolicy.handleCommand(ClusterPolicy.java:102)
	at cn.stu.cache.redis.RedisPubSubClusterPolicy.onMessage(RedisPubSubClusterPolicy.java:167)
	at redis.clients.jedis.JedisPubSub.process(JedisPubSub.java:142)
	at redis.clients.jedis.JedisPubSub.proceed(JedisPubSub.java:115)
	at redis.clients.jedis.Jedis.subscribe(Jedis.java:2680)
	at cn.stu.cache.redis.RedisPubSubClusterPolicy.lambda$connect$0(RedisPubSubClusterPolicy.java:115)
	at java.lang.Thread.run(Thread.java:748)
[RedisSubscribeThread] ERROR cn.stu.cache.cluster.ClusterPolicy - Failed to handle received msg
cn.stu.cache.CacheException: Undefined [default] caffeine cache
	at cn.stu.cache.caffeine.CaffeineProvider.lambda$buildCache$1(CaffeineProvider.java:70)
	at java.util.concurrent.ConcurrentHashMap.computeIfAbsent(ConcurrentHashMap.java:1660)
	at cn.stu.cache.caffeine.CaffeineProvider.buildCache(CaffeineProvider.java:65)
	at cn.stu.cache.CacheProviderHolder.getLevel1Cache(CacheProviderHolder.java:108)
	at cn.stu.cache.redis.RedisPubSubClusterPolicy.clear(RedisPubSubClusterPolicy.java:98)
	at cn.stu.cache.cluster.ClusterPolicy.handleCommand(ClusterPolicy.java:106)
	at cn.stu.cache.redis.RedisPubSubClusterPolicy.onMessage(RedisPubSubClusterPolicy.java:167)
	at redis.clients.jedis.JedisPubSub.process(JedisPubSub.java:142)
	at redis.clients.jedis.JedisPubSub.proceed(JedisPubSub.java:115)
	at redis.clients.jedis.Jedis.subscribe(Jedis.java:2680)
	at cn.stu.cache.redis.RedisPubSubClusterPolicy.lambda$connect$0(RedisPubSubClusterPolicy.java:115)
	at java.lang.Thread.run(Thread.java:748)
[RedisSubscribeThread] INFO cn.stu.cache.cluster.ClusterPolicy - Node-5172403 quit !
[RedisSubscribeThread] INFO cn.stu.cache.redis.RedisPubSubClusterPolicy - Disconnect to redis channel: j2cache
[Test worker] INFO cn.stu.cache.util.SerializationUtils - Using Serializer -> [json:cn.stu.cache.util.FstJSONSerializer]
[Test worker] INFO cn.stu.cache.CacheProviderHolder - Using L1 CacheProvider : cn.stu.cache.caffeine.CaffeineProvider
[Test worker] INFO cn.stu.cache.redis.RedisCacheProvider - Redis client starts with mode(single),db(0),storage(generic),namespace(),time(1ms)
[Test worker] INFO cn.stu.cache.CacheProviderHolder - Using L2 CacheProvider : cn.stu.cache.redis.RedisCacheProvider
[RedisSubscribeThread] INFO cn.stu.cache.cluster.ClusterPolicy - Node-8551442 joined !
[Test worker] INFO cn.stu.cache.redis.RedisPubSubClusterPolicy - Connected to redis channel:j2cache, time 1 ms.
[Test worker] INFO cn.stu.cache.ZhCacheBuilder - Using cluster policy : cn.stu.cache.redis.RedisPubSubClusterPolicy
[RedisSubscribeThread] ERROR cn.stu.cache.cluster.ClusterPolicy - Failed to handle received msg
cn.stu.cache.CacheException: Undefined [default] caffeine cache
	at cn.stu.cache.caffeine.CaffeineProvider.lambda$buildCache$1(CaffeineProvider.java:70)
	at java.util.concurrent.ConcurrentHashMap.computeIfAbsent(ConcurrentHashMap.java:1660)
	at cn.stu.cache.caffeine.CaffeineProvider.buildCache(CaffeineProvider.java:65)
	at cn.stu.cache.CacheProviderHolder.getLevel1Cache(CacheProviderHolder.java:108)
	at cn.stu.cache.redis.RedisPubSubClusterPolicy.evict(RedisPubSubClusterPolicy.java:89)
	at cn.stu.cache.cluster.ClusterPolicy.handleCommand(ClusterPolicy.java:102)
	at cn.stu.cache.redis.RedisPubSubClusterPolicy.onMessage(RedisPubSubClusterPolicy.java:167)
	at redis.clients.jedis.JedisPubSub.process(JedisPubSub.java:142)
	at redis.clients.jedis.JedisPubSub.proceed(JedisPubSub.java:115)
	at redis.clients.jedis.Jedis.subscribe(Jedis.java:2680)
	at cn.stu.cache.redis.RedisPubSubClusterPolicy.lambda$connect$0(RedisPubSubClusterPolicy.java:115)
	at java.lang.Thread.run(Thread.java:748)
[RedisSubscribeThread] ERROR cn.stu.cache.cluster.ClusterPolicy - Failed to handle received msg
cn.stu.cache.CacheException: Undefined [default] caffeine cache
	at cn.stu.cache.caffeine.CaffeineProvider.lambda$buildCache$1(CaffeineProvider.java:70)
	at java.util.concurrent.ConcurrentHashMap.computeIfAbsent(ConcurrentHashMap.java:1660)
	at cn.stu.cache.caffeine.CaffeineProvider.buildCache(CaffeineProvider.java:65)
	at cn.stu.cache.CacheProviderHolder.getLevel1Cache(CacheProviderHolder.java:108)
	at cn.stu.cache.redis.RedisPubSubClusterPolicy.evict(RedisPubSubClusterPolicy.java:89)
	at cn.stu.cache.cluster.ClusterPolicy.handleCommand(ClusterPolicy.java:102)
	at cn.stu.cache.redis.RedisPubSubClusterPolicy.onMessage(RedisPubSubClusterPolicy.java:167)
	at redis.clients.jedis.JedisPubSub.process(JedisPubSub.java:142)
	at redis.clients.jedis.JedisPubSub.proceed(JedisPubSub.java:115)
	at redis.clients.jedis.Jedis.subscribe(Jedis.java:2680)
	at cn.stu.cache.redis.RedisPubSubClusterPolicy.lambda$connect$0(RedisPubSubClusterPolicy.java:115)
	at java.lang.Thread.run(Thread.java:748)
[RedisSubscribeThread] ERROR cn.stu.cache.cluster.ClusterPolicy - Failed to handle received msg
cn.stu.cache.CacheException: Undefined [default] caffeine cache
	at cn.stu.cache.caffeine.CaffeineProvider.lambda$buildCache$1(CaffeineProvider.java:70)
	at java.util.concurrent.ConcurrentHashMap.computeIfAbsent(ConcurrentHashMap.java:1660)
	at cn.stu.cache.caffeine.CaffeineProvider.buildCache(CaffeineProvider.java:65)
	at cn.stu.cache.CacheProviderHolder.getLevel1Cache(CacheProviderHolder.java:108)
	at cn.stu.cache.redis.RedisPubSubClusterPolicy.evict(RedisPubSubClusterPolicy.java:89)
	at cn.stu.cache.cluster.ClusterPolicy.handleCommand(ClusterPolicy.java:102)
	at cn.stu.cache.redis.RedisPubSubClusterPolicy.onMessage(RedisPubSubClusterPolicy.java:167)
	at redis.clients.jedis.JedisPubSub.process(JedisPubSub.java:142)
	at redis.clients.jedis.JedisPubSub.proceed(JedisPubSub.java:115)
	at redis.clients.jedis.Jedis.subscribe(Jedis.java:2680)
	at cn.stu.cache.redis.RedisPubSubClusterPolicy.lambda$connect$0(RedisPubSubClusterPolicy.java:115)
	at java.lang.Thread.run(Thread.java:748)
[RedisSubscribeThread] ERROR cn.stu.cache.cluster.ClusterPolicy - Failed to handle received msg
cn.stu.cache.CacheException: Undefined [default] caffeine cache
	at cn.stu.cache.caffeine.CaffeineProvider.lambda$buildCache$1(CaffeineProvider.java:70)
	at java.util.concurrent.ConcurrentHashMap.computeIfAbsent(ConcurrentHashMap.java:1660)
	at cn.stu.cache.caffeine.CaffeineProvider.buildCache(CaffeineProvider.java:65)
	at cn.stu.cache.CacheProviderHolder.getLevel1Cache(CacheProviderHolder.java:108)
	at cn.stu.cache.redis.RedisPubSubClusterPolicy.evict(RedisPubSubClusterPolicy.java:89)
	at cn.stu.cache.cluster.ClusterPolicy.handleCommand(ClusterPolicy.java:102)
	at cn.stu.cache.redis.RedisPubSubClusterPolicy.onMessage(RedisPubSubClusterPolicy.java:167)
	at redis.clients.jedis.JedisPubSub.process(JedisPubSub.java:142)
	at redis.clients.jedis.JedisPubSub.proceed(JedisPubSub.java:115)
	at redis.clients.jedis.Jedis.subscribe(Jedis.java:2680)
	at cn.stu.cache.redis.RedisPubSubClusterPolicy.lambda$connect$0(RedisPubSubClusterPolicy.java:115)
	at java.lang.Thread.run(Thread.java:748)
[RedisSubscribeThread] ERROR cn.stu.cache.cluster.ClusterPolicy - Failed to handle received msg
cn.stu.cache.CacheException: Undefined [default] caffeine cache
	at cn.stu.cache.caffeine.CaffeineProvider.lambda$buildCache$1(CaffeineProvider.java:70)
	at java.util.concurrent.ConcurrentHashMap.computeIfAbsent(ConcurrentHashMap.java:1660)
	at cn.stu.cache.caffeine.CaffeineProvider.buildCache(CaffeineProvider.java:65)
	at cn.stu.cache.CacheProviderHolder.getLevel1Cache(CacheProviderHolder.java:108)
	at cn.stu.cache.redis.RedisPubSubClusterPolicy.evict(RedisPubSubClusterPolicy.java:89)
	at cn.stu.cache.cluster.ClusterPolicy.handleCommand(ClusterPolicy.java:102)
	at cn.stu.cache.redis.RedisPubSubClusterPolicy.onMessage(RedisPubSubClusterPolicy.java:167)
	at redis.clients.jedis.JedisPubSub.process(JedisPubSub.java:142)
	at redis.clients.jedis.JedisPubSub.proceed(JedisPubSub.java:115)
	at redis.clients.jedis.Jedis.subscribe(Jedis.java:2680)
	at cn.stu.cache.redis.RedisPubSubClusterPolicy.lambda$connect$0(RedisPubSubClusterPolicy.java:115)
	at java.lang.Thread.run(Thread.java:748)
[RedisSubscribeThread] ERROR cn.stu.cache.cluster.ClusterPolicy - Failed to handle received msg
cn.stu.cache.CacheException: Undefined [default] caffeine cache
	at cn.stu.cache.caffeine.CaffeineProvider.lambda$buildCache$1(CaffeineProvider.java:70)
	at java.util.concurrent.ConcurrentHashMap.computeIfAbsent(ConcurrentHashMap.java:1660)
	at cn.stu.cache.caffeine.CaffeineProvider.buildCache(CaffeineProvider.java:65)
	at cn.stu.cache.CacheProviderHolder.getLevel1Cache(CacheProviderHolder.java:108)
	at cn.stu.cache.redis.RedisPubSubClusterPolicy.evict(RedisPubSubClusterPolicy.java:89)
	at cn.stu.cache.cluster.ClusterPolicy.handleCommand(ClusterPolicy.java:102)
	at cn.stu.cache.redis.RedisPubSubClusterPolicy.onMessage(RedisPubSubClusterPolicy.java:167)
	at redis.clients.jedis.JedisPubSub.process(JedisPubSub.java:142)
	at redis.clients.jedis.JedisPubSub.proceed(JedisPubSub.java:115)
	at redis.clients.jedis.Jedis.subscribe(Jedis.java:2680)
	at cn.stu.cache.redis.RedisPubSubClusterPolicy.lambda$connect$0(RedisPubSubClusterPolicy.java:115)
	at java.lang.Thread.run(Thread.java:748)
[RedisSubscribeThread] ERROR cn.stu.cache.cluster.ClusterPolicy - Failed to handle received msg
cn.stu.cache.CacheException: Undefined [default] caffeine cache
	at cn.stu.cache.caffeine.CaffeineProvider.lambda$buildCache$1(CaffeineProvider.java:70)
	at java.util.concurrent.ConcurrentHashMap.computeIfAbsent(ConcurrentHashMap.java:1660)
	at cn.stu.cache.caffeine.CaffeineProvider.buildCache(CaffeineProvider.java:65)
	at cn.stu.cache.CacheProviderHolder.getLevel1Cache(CacheProviderHolder.java:108)
	at cn.stu.cache.redis.RedisPubSubClusterPolicy.evict(RedisPubSubClusterPolicy.java:89)
	at cn.stu.cache.cluster.ClusterPolicy.handleCommand(ClusterPolicy.java:102)
	at cn.stu.cache.redis.RedisPubSubClusterPolicy.onMessage(RedisPubSubClusterPolicy.java:167)
	at redis.clients.jedis.JedisPubSub.process(JedisPubSub.java:142)
	at redis.clients.jedis.JedisPubSub.proceed(JedisPubSub.java:115)
	at redis.clients.jedis.Jedis.subscribe(Jedis.java:2680)
	at cn.stu.cache.redis.RedisPubSubClusterPolicy.lambda$connect$0(RedisPubSubClusterPolicy.java:115)
	at java.lang.Thread.run(Thread.java:748)
[RedisSubscribeThread] ERROR cn.stu.cache.cluster.ClusterPolicy - Failed to handle received msg
cn.stu.cache.CacheException: Undefined [default] caffeine cache
	at cn.stu.cache.caffeine.CaffeineProvider.lambda$buildCache$1(CaffeineProvider.java:70)
	at java.util.concurrent.ConcurrentHashMap.computeIfAbsent(ConcurrentHashMap.java:1660)
	at cn.stu.cache.caffeine.CaffeineProvider.buildCache(CaffeineProvider.java:65)
	at cn.stu.cache.CacheProviderHolder.getLevel1Cache(CacheProviderHolder.java:108)
	at cn.stu.cache.redis.RedisPubSubClusterPolicy.evict(RedisPubSubClusterPolicy.java:89)
	at cn.stu.cache.cluster.ClusterPolicy.handleCommand(ClusterPolicy.java:102)
	at cn.stu.cache.redis.RedisPubSubClusterPolicy.onMessage(RedisPubSubClusterPolicy.java:167)
	at redis.clients.jedis.JedisPubSub.process(JedisPubSub.java:142)
	at redis.clients.jedis.JedisPubSub.proceed(JedisPubSub.java:115)
	at redis.clients.jedis.Jedis.subscribe(Jedis.java:2680)
	at cn.stu.cache.redis.RedisPubSubClusterPolicy.lambda$connect$0(RedisPubSubClusterPolicy.java:115)
	at java.lang.Thread.run(Thread.java:748)
[RedisSubscribeThread] ERROR cn.stu.cache.cluster.ClusterPolicy - Failed to handle received msg
cn.stu.cache.CacheException: Undefined [default] caffeine cache
	at cn.stu.cache.caffeine.CaffeineProvider.lambda$buildCache$1(CaffeineProvider.java:70)
	at java.util.concurrent.ConcurrentHashMap.computeIfAbsent(ConcurrentHashMap.java:1660)
	at cn.stu.cache.caffeine.CaffeineProvider.buildCache(CaffeineProvider.java:65)
	at cn.stu.cache.CacheProviderHolder.getLevel1Cache(CacheProviderHolder.java:108)
	at cn.stu.cache.redis.RedisPubSubClusterPolicy.evict(RedisPubSubClusterPolicy.java:89)
	at cn.stu.cache.cluster.ClusterPolicy.handleCommand(ClusterPolicy.java:102)
	at cn.stu.cache.redis.RedisPubSubClusterPolicy.onMessage(RedisPubSubClusterPolicy.java:167)
	at redis.clients.jedis.JedisPubSub.process(JedisPubSub.java:142)
	at redis.clients.jedis.JedisPubSub.proceed(JedisPubSub.java:115)
	at redis.clients.jedis.Jedis.subscribe(Jedis.java:2680)
	at cn.stu.cache.redis.RedisPubSubClusterPolicy.lambda$connect$0(RedisPubSubClusterPolicy.java:115)
	at java.lang.Thread.run(Thread.java:748)
[RedisSubscribeThread] ERROR cn.stu.cache.cluster.ClusterPolicy - Failed to handle received msg
cn.stu.cache.CacheException: Undefined [default] caffeine cache
	at cn.stu.cache.caffeine.CaffeineProvider.lambda$buildCache$1(CaffeineProvider.java:70)
	at java.util.concurrent.ConcurrentHashMap.computeIfAbsent(ConcurrentHashMap.java:1660)
	at cn.stu.cache.caffeine.CaffeineProvider.buildCache(CaffeineProvider.java:65)
	at cn.stu.cache.CacheProviderHolder.getLevel1Cache(CacheProviderHolder.java:108)
	at cn.stu.cache.redis.RedisPubSubClusterPolicy.evict(RedisPubSubClusterPolicy.java:89)
	at cn.stu.cache.cluster.ClusterPolicy.handleCommand(ClusterPolicy.java:102)
	at cn.stu.cache.redis.RedisPubSubClusterPolicy.onMessage(RedisPubSubClusterPolicy.java:167)
	at redis.clients.jedis.JedisPubSub.process(JedisPubSub.java:142)
	at redis.clients.jedis.JedisPubSub.proceed(JedisPubSub.java:115)
	at redis.clients.jedis.Jedis.subscribe(Jedis.java:2680)
	at cn.stu.cache.redis.RedisPubSubClusterPolicy.lambda$connect$0(RedisPubSubClusterPolicy.java:115)
	at java.lang.Thread.run(Thread.java:748)
[RedisSubscribeThread] ERROR cn.stu.cache.cluster.ClusterPolicy - Failed to handle received msg
cn.stu.cache.CacheException: Undefined [default] caffeine cache
	at cn.stu.cache.caffeine.CaffeineProvider.lambda$buildCache$1(CaffeineProvider.java:70)
	at java.util.concurrent.ConcurrentHashMap.computeIfAbsent(ConcurrentHashMap.java:1660)
	at cn.stu.cache.caffeine.CaffeineProvider.buildCache(CaffeineProvider.java:65)
	at cn.stu.cache.CacheProviderHolder.getLevel1Cache(CacheProviderHolder.java:108)
[RedisSubscribeThread] INFO cn.stu.cache.redis.RedisPubSubClusterPolicy - Disconnect to redis channel: j2cache
	at cn.stu.cache.redis.RedisPubSubClusterPolicy.clear(RedisPubSubClusterPolicy.java:98)
	at cn.stu.cache.cluster.ClusterPolicy.handleCommand(ClusterPolicy.java:106)
	at cn.stu.cache.redis.RedisPubSubClusterPolicy.onMessage(RedisPubSubClusterPolicy.java:167)
	at redis.clients.jedis.JedisPubSub.process(JedisPubSub.java:142)
	at redis.clients.jedis.JedisPubSub.proceed(JedisPubSub.java:115)
	at redis.clients.jedis.Jedis.subscribe(Jedis.java:2680)
	at cn.stu.cache.redis.RedisPubSubClusterPolicy.lambda$connect$0(RedisPubSubClusterPolicy.java:115)
	at java.lang.Thread.run(Thread.java:748)
[RedisSubscribeThread] INFO cn.stu.cache.cluster.ClusterPolicy - Node-8551442 quit !
[Test worker] INFO cn.stu.cache.util.SerializationUtils - Using Serializer -> [json:cn.stu.cache.util.FstJSONSerializer]
[Test worker] INFO cn.stu.cache.CacheProviderHolder - Using L1 CacheProvider : cn.stu.cache.caffeine.CaffeineProvider
[Test worker] INFO cn.stu.cache.redis.RedisCacheProvider - Redis client starts with mode(single),db(0),storage(generic),namespace(),time(2ms)
[Test worker] INFO cn.stu.cache.CacheProviderHolder - Using L2 CacheProvider : cn.stu.cache.redis.RedisCacheProvider
[RedisSubscribeThread] INFO cn.stu.cache.cluster.ClusterPolicy - Node-9326484 joined !
[Test worker] INFO cn.stu.cache.redis.RedisPubSubClusterPolicy - Connected to redis channel:j2cache, time 2 ms.
[Test worker] INFO cn.stu.cache.ZhCacheBuilder - Using cluster policy : cn.stu.cache.redis.RedisPubSubClusterPolicy
[RedisSubscribeThread] INFO cn.stu.cache.cluster.ClusterPolicy - Node-9326484 quit !
[RedisSubscribeThread] INFO cn.stu.cache.redis.RedisPubSubClusterPolicy - Disconnect to redis channel: j2cache
[Test worker] INFO cn.stu.cache.util.SerializationUtils - Using Serializer -> [json:cn.stu.cache.util.FstJSONSerializer]
[Test worker] INFO cn.stu.cache.CacheProviderHolder - Using L1 CacheProvider : cn.stu.cache.caffeine.CaffeineProvider
[Test worker] INFO cn.stu.cache.redis.RedisCacheProvider - Redis client starts with mode(single),db(0),storage(generic),namespace(),time(9ms)
[Test worker] INFO cn.stu.cache.CacheProviderHolder - Using L2 CacheProvider : cn.stu.cache.redis.RedisCacheProvider
[RedisSubscribeThread] INFO cn.stu.cache.cluster.ClusterPolicy - Node-8259504 joined !
[Test worker] INFO cn.stu.cache.redis.RedisPubSubClusterPolicy - Connected to redis channel:j2cache, time 2 ms.
[Test worker] INFO cn.stu.cache.ZhCacheBuilder - Using cluster policy : cn.stu.cache.redis.RedisPubSubClusterPolicy
[RedisSubscribeThread] INFO cn.stu.cache.cluster.ClusterPolicy - Node-8259504 quit !
[Test worker] INFO cn.stu.cache.util.SerializationUtils - Using Serializer -> [json:cn.stu.cache.util.FstJSONSerializer]
[Test worker] INFO cn.stu.cache.CacheProviderHolder - Using L1 CacheProvider : cn.stu.cache.caffeine.CaffeineProvider
[Test worker] INFO cn.stu.cache.redis.RedisCacheProvider - Redis client starts with mode(single),db(0),storage(generic),namespace(),time(5ms)
[Test worker] INFO cn.stu.cache.CacheProviderHolder - Using L2 CacheProvider : cn.stu.cache.redis.RedisCacheProvider
[RedisSubscribeThread] INFO cn.stu.cache.cluster.ClusterPolicy - Node-1911521 joined !
[RedisSubscribeThread] INFO cn.stu.cache.cluster.ClusterPolicy - Node-1911521 joined !
[Test worker] INFO cn.stu.cache.redis.RedisPubSubClusterPolicy - Connected to redis channel:j2cache, time 2 ms.
[Test worker] INFO cn.stu.cache.ZhCacheBuilder - Using cluster policy : cn.stu.cache.redis.RedisPubSubClusterPolicy
[RedisSubscribeThread] INFO cn.stu.cache.cluster.ClusterPolicy - Node-1911521 quit !
[RedisSubscribeThread] INFO cn.stu.cache.cluster.ClusterPolicy - Node-1911521 quit !
[Test worker] INFO cn.stu.cache.util.SerializationUtils - Using Serializer -> [json:cn.stu.cache.util.FstJSONSerializer]
[Test worker] INFO cn.stu.cache.CacheProviderHolder - Using L1 CacheProvider : cn.stu.cache.caffeine.CaffeineProvider
[Test worker] INFO cn.stu.cache.redis.RedisCacheProvider - Redis client starts with mode(single),db(0),storage(generic),namespace(),time(2ms)
[Test worker] INFO cn.stu.cache.CacheProviderHolder - Using L2 CacheProvider : cn.stu.cache.redis.RedisCacheProvider
[RedisSubscribeThread] INFO cn.stu.cache.cluster.ClusterPolicy - Node-5792532 joined !
[Test worker] INFO cn.stu.cache.redis.RedisPubSubClusterPolicy - Connected to redis channel:j2cache, time 2 ms.
[Test worker] INFO cn.stu.cache.ZhCacheBuilder - Using cluster policy : cn.stu.cache.redis.RedisPubSubClusterPolicy
[RedisSubscribeThread] INFO cn.stu.cache.cluster.ClusterPolicy - Node-5792532 joined !
[RedisSubscribeThread] INFO cn.stu.cache.cluster.ClusterPolicy - Node-5792532 quit !
[RedisSubscribeThread] INFO cn.stu.cache.cluster.ClusterPolicy - Node-5792532 quit !
[RedisSubscribeThread] INFO cn.stu.cache.cluster.ClusterPolicy - Node-5792532 joined !
[RedisSubscribeThread] INFO cn.stu.cache.cluster.ClusterPolicy - Node-5792532 quit !
[Test worker] INFO cn.stu.cache.util.SerializationUtils - Using Serializer -> [json:cn.stu.cache.util.FstJSONSerializer]
[Test worker] INFO cn.stu.cache.CacheProviderHolder - Using L1 CacheProvider : cn.stu.cache.caffeine.CaffeineProvider
[Test worker] INFO cn.stu.cache.redis.RedisCacheProvider - Redis client starts with mode(single),db(0),storage(generic),namespace(),time(1ms)
[Test worker] INFO cn.stu.cache.CacheProviderHolder - Using L2 CacheProvider : cn.stu.cache.redis.RedisCacheProvider
[RedisSubscribeThread] INFO cn.stu.cache.cluster.ClusterPolicy - Node-5656547 joined !
[RedisSubscribeThread] INFO cn.stu.cache.cluster.ClusterPolicy - Node-5656547 joined !
[RedisSubscribeThread] INFO cn.stu.cache.cluster.ClusterPolicy - Node-5656547 joined !
[Test worker] INFO cn.stu.cache.redis.RedisPubSubClusterPolicy - Connected to redis channel:j2cache, time 7 ms.
[Test worker] INFO cn.stu.cache.ZhCacheBuilder - Using cluster policy : cn.stu.cache.redis.RedisPubSubClusterPolicy
[RedisSubscribeThread] INFO cn.stu.cache.cluster.ClusterPolicy - Node-5656547 quit !
[RedisSubscribeThread] INFO cn.stu.cache.cluster.ClusterPolicy - Node-5656547 quit !
[RedisSubscribeThread] INFO cn.stu.cache.cluster.ClusterPolicy - Node-5656547 quit !
[Test worker] INFO cn.stu.cache.util.SerializationUtils - Using Serializer -> [json:cn.stu.cache.util.FstJSONSerializer]
[Test worker] INFO cn.stu.cache.CacheProviderHolder - Using L1 CacheProvider : cn.stu.cache.caffeine.CaffeineProvider
[Test worker] INFO cn.stu.cache.redis.RedisCacheProvider - Redis client starts with mode(single),db(0),storage(generic),namespace(),time(2ms)
[Test worker] INFO cn.stu.cache.CacheProviderHolder - Using L2 CacheProvider : cn.stu.cache.redis.RedisCacheProvider
[RedisSubscribeThread] INFO cn.stu.cache.cluster.ClusterPolicy - Node-2184567 joined !
[RedisSubscribeThread] INFO cn.stu.cache.cluster.ClusterPolicy - Node-2184567 joined !
[RedisSubscribeThread] INFO cn.stu.cache.cluster.ClusterPolicy - Node-2184567 joined !
[RedisSubscribeThread] INFO cn.stu.cache.cluster.ClusterPolicy - Node-2184567 joined !
[Test worker] INFO cn.stu.cache.redis.RedisPubSubClusterPolicy - Connected to redis channel:j2cache, time 4 ms.
[Test worker] INFO cn.stu.cache.ZhCacheBuilder - Using cluster policy : cn.stu.cache.redis.RedisPubSubClusterPolicy
[RedisSubscribeThread] INFO cn.stu.cache.cluster.ClusterPolicy - Node-2184567 quit !
[RedisSubscribeThread] INFO cn.stu.cache.cluster.ClusterPolicy - Node-2184567 quit !
[RedisSubscribeThread] INFO cn.stu.cache.cluster.ClusterPolicy - Node-2184567 quit !
[RedisSubscribeThread] INFO cn.stu.cache.cluster.ClusterPolicy - Node-2184567 quit !
[RedisSubscribeThread] INFO cn.stu.cache.redis.RedisPubSubClusterPolicy - Disconnect to redis channel: j2cache
[Test worker] INFO cn.stu.cache.util.SerializationUtils - Using Serializer -> [json:cn.stu.cache.util.FstJSONSerializer]
[Test worker] INFO cn.stu.cache.CacheProviderHolder - Using L1 CacheProvider : cn.stu.cache.caffeine.CaffeineProvider
[Test worker] INFO cn.stu.cache.redis.RedisCacheProvider - Redis client starts with mode(single),db(0),storage(generic),namespace(),time(10ms)
[Test worker] INFO cn.stu.cache.CacheProviderHolder - Using L2 CacheProvider : cn.stu.cache.redis.RedisCacheProvider
[RedisSubscribeThread] INFO cn.stu.cache.cluster.ClusterPolicy - Node-5197591 joined !
[RedisSubscribeThread] INFO cn.stu.cache.cluster.ClusterPolicy - Node-5197591 joined !
[RedisSubscribeThread] INFO cn.stu.cache.cluster.ClusterPolicy - Node-5197591 joined !
[RedisSubscribeThread] INFO cn.stu.cache.cluster.ClusterPolicy - Node-5197591 joined !
[Test worker] INFO cn.stu.cache.redis.RedisPubSubClusterPolicy - Connected to redis channel:j2cache, time 2 ms.
[Test worker] INFO cn.stu.cache.ZhCacheBuilder - Using cluster policy : cn.stu.cache.redis.RedisPubSubClusterPolicy
[RedisSubscribeThread] INFO cn.stu.cache.cluster.ClusterPolicy - Node-5197591 quit !
[RedisSubscribeThread] INFO cn.stu.cache.cluster.ClusterPolicy - Node-5197591 quit !
[RedisSubscribeThread] INFO cn.stu.cache.cluster.ClusterPolicy - Node-5197591 quit !
[RedisSubscribeThread] INFO cn.stu.cache.cluster.ClusterPolicy - Node-5197591 quit !
[RedisSubscribeThread] INFO cn.stu.cache.redis.RedisPubSubClusterPolicy - Disconnect to redis channel: j2cache
[Test worker] INFO cn.stu.cache.util.SerializationUtils - Using Serializer -> [json:cn.stu.cache.util.FstJSONSerializer]
[Test worker] INFO cn.stu.cache.CacheProviderHolder - Using L1 CacheProvider : cn.stu.cache.caffeine.CaffeineProvider
[Test worker] INFO cn.stu.cache.redis.RedisCacheProvider - Redis client starts with mode(single),db(0),storage(generic),namespace(),time(4ms)
[Test worker] INFO cn.stu.cache.CacheProviderHolder - Using L2 CacheProvider : cn.stu.cache.redis.RedisCacheProvider
[RedisSubscribeThread] INFO cn.stu.cache.cluster.ClusterPolicy - Node-4193615 joined !
[RedisSubscribeThread] INFO cn.stu.cache.cluster.ClusterPolicy - Node-4193615 joined !
[RedisSubscribeThread] INFO cn.stu.cache.cluster.ClusterPolicy - Node-4193615 joined !
[RedisSubscribeThread] INFO cn.stu.cache.cluster.ClusterPolicy - Node-4193615 joined !
[Test worker] INFO cn.stu.cache.redis.RedisPubSubClusterPolicy - Connected to redis channel:j2cache, time 6 ms.
[Test worker] INFO cn.stu.cache.ZhCacheBuilder - Using cluster policy : cn.stu.cache.redis.RedisPubSubClusterPolicy
[RedisSubscribeThread] ERROR cn.stu.cache.cluster.ClusterPolicy - Failed to handle received msg
cn.stu.cache.CacheException: Undefined [default] caffeine cache
[RedisSubscribeThread] ERROR cn.stu.cache.cluster.ClusterPolicy - Failed to handle received msg
	at cn.stu.cache.caffeine.CaffeineProvider.lambda$buildCache$1(CaffeineProvider.java:70)
	at java.util.concurrent.ConcurrentHashMap.computeIfAbsent(ConcurrentHashMap.java:1660)
	at cn.stu.cache.caffeine.CaffeineProvider.buildCache(CaffeineProvider.java:65)
	at cn.stu.cache.CacheProviderHolder.getLevel1Cache(CacheProviderHolder.java:108)
	at cn.stu.cache.redis.RedisPubSubClusterPolicy.evict(RedisPubSubClusterPolicy.java:89)
	at cn.stu.cache.cluster.ClusterPolicy.handleCommand(ClusterPolicy.java:102)
	at cn.stu.cache.redis.RedisPubSubClusterPolicy.onMessage(RedisPubSubClusterPolicy.java:167)
	at redis.clients.jedis.JedisPubSub.process(JedisPubSub.java:142)
	at redis.clients.jedis.JedisPubSub.proceed(JedisPubSub.java:115)
	at redis.clients.jedis.Jedis.subscribe(Jedis.java:2680)
	at cn.stu.cache.redis.RedisPubSubClusterPolicy.lambda$connect$0(RedisPubSubClusterPolicy.java:115)
	at java.lang.Thread.run(Thread.java:748)
cn.stu.cache.CacheException: Undefined [default] caffeine cache
	at cn.stu.cache.caffeine.CaffeineProvider.lambda$buildCache$1(CaffeineProvider.java:70)
	at java.util.concurrent.ConcurrentHashMap.computeIfAbsent(ConcurrentHashMap.java:1660)
	at cn.stu.cache.caffeine.CaffeineProvider.buildCache(CaffeineProvider.java:65)
	at cn.stu.cache.CacheProviderHolder.getLevel1Cache(CacheProviderHolder.java:108)
	at cn.stu.cache.redis.RedisPubSubClusterPolicy.evict(RedisPubSubClusterPolicy.java:89)
	at cn.stu.cache.cluster.ClusterPolicy.handleCommand(ClusterPolicy.java:102)
	at cn.stu.cache.redis.RedisPubSubClusterPolicy.onMessage(RedisPubSubClusterPolicy.java:167)
	at redis.clients.jedis.JedisPubSub.process(JedisPubSub.java:142)
	at redis.clients.jedis.JedisPubSub.proceed(JedisPubSub.java:115)
	at redis.clients.jedis.Jedis.subscribe(Jedis.java:2680)
[RedisSubscribeThread] ERROR cn.stu.cache.cluster.ClusterPolicy - Failed to handle received msg
[RedisSubscribeThread] ERROR cn.stu.cache.cluster.ClusterPolicy - Failed to handle received msg
	at cn.stu.cache.redis.RedisPubSubClusterPolicy.lambda$connect$0(RedisPubSubClusterPolicy.java:115)
	at java.lang.Thread.run(Thread.java:748)
[RedisSubscribeThread] ERROR cn.stu.cache.cluster.ClusterPolicy - Failed to handle received msg
cn.stu.cache.CacheException: Undefined [default] caffeine cache
	at cn.stu.cache.caffeine.CaffeineProvider.lambda$buildCache$1(CaffeineProvider.java:70)
	at java.util.concurrent.ConcurrentHashMap.computeIfAbsent(ConcurrentHashMap.java:1660)
	at cn.stu.cache.caffeine.CaffeineProvider.buildCache(CaffeineProvider.java:65)
	at cn.stu.cache.CacheProviderHolder.getLevel1Cache(CacheProviderHolder.java:108)
	at cn.stu.cache.redis.RedisPubSubClusterPolicy.clear(RedisPubSubClusterPolicy.java:98)
	at cn.stu.cache.cluster.ClusterPolicy.handleCommand(ClusterPolicy.java:106)
	at cn.stu.cache.redis.RedisPubSubClusterPolicy.onMessage(RedisPubSubClusterPolicy.java:167)
	at redis.clients.jedis.JedisPubSub.process(JedisPubSub.java:142)
	at redis.clients.jedis.JedisPubSub.proceed(JedisPubSub.java:115)
	at redis.clients.jedis.Jedis.subscribe(Jedis.java:2680)
	at cn.stu.cache.redis.RedisPubSubClusterPolicy.lambda$connect$0(RedisPubSubClusterPolicy.java:115)
	at java.lang.Thread.run(Thread.java:748)
[RedisSubscribeThread] ERROR cn.stu.cache.cluster.ClusterPolicy - Failed to handle received msg
cn.stu.cache.CacheException: Undefined [default] caffeine cache
	at cn.stu.cache.caffeine.CaffeineProvider.lambda$buildCache$1(CaffeineProvider.java:70)
	at java.util.concurrent.ConcurrentHashMap.computeIfAbsent(ConcurrentHashMap.java:1660)
	at cn.stu.cache.caffeine.CaffeineProvider.buildCache(CaffeineProvider.java:65)
	at cn.stu.cache.CacheProviderHolder.getLevel1Cache(CacheProviderHolder.java:108)
	at cn.stu.cache.redis.RedisPubSubClusterPolicy.evict(RedisPubSubClusterPolicy.java:89)
	at cn.stu.cache.cluster.ClusterPolicy.handleCommand(ClusterPolicy.java:102)
	at cn.stu.cache.redis.RedisPubSubClusterPolicy.onMessage(RedisPubSubClusterPolicy.java:167)
	at redis.clients.jedis.JedisPubSub.process(JedisPubSub.java:142)
	at redis.clients.jedis.JedisPubSub.proceed(JedisPubSub.java:115)
	at redis.clients.jedis.Jedis.subscribe(Jedis.java:2680)
	at cn.stu.cache.redis.RedisPubSubClusterPolicy.lambda$connect$0(RedisPubSubClusterPolicy.java:115)
	at java.lang.Thread.run(Thread.java:748)
[RedisSubscribeThread] ERROR cn.stu.cache.cluster.ClusterPolicy - Failed to handle received msg
cn.stu.cache.CacheException: Undefined [default] caffeine cache
	at cn.stu.cache.caffeine.CaffeineProvider.lambda$buildCache$1(CaffeineProvider.java:70)
	at java.util.concurrent.ConcurrentHashMap.computeIfAbsent(ConcurrentHashMap.java:1660)
	at cn.stu.cache.caffeine.CaffeineProvider.buildCache(CaffeineProvider.java:65)
	at cn.stu.cache.CacheProviderHolder.getLevel1Cache(CacheProviderHolder.java:108)
[RedisSubscribeThread] INFO cn.stu.cache.cluster.ClusterPolicy - Node-4193615 quit !
[RedisSubscribeThread] INFO cn.stu.cache.redis.RedisPubSubClusterPolicy - Disconnect to redis channel: j2cache
	at cn.stu.cache.redis.RedisPubSubClusterPolicy.clear(RedisPubSubClusterPolicy.java:98)
	at cn.stu.cache.cluster.ClusterPolicy.handleCommand(ClusterPolicy.java:106)
	at cn.stu.cache.redis.RedisPubSubClusterPolicy.onMessage(RedisPubSubClusterPolicy.java:167)
	at redis.clients.jedis.JedisPubSub.process(JedisPubSub.java:142)
	at redis.clients.jedis.JedisPubSub.proceed(JedisPubSub.java:115)
	at redis.clients.jedis.Jedis.subscribe(Jedis.java:2680)
	at cn.stu.cache.redis.RedisPubSubClusterPolicy.lambda$connect$0(RedisPubSubClusterPolicy.java:115)
	at java.lang.Thread.run(Thread.java:748)
[RedisSubscribeThread] INFO cn.stu.cache.cluster.ClusterPolicy - Node-4193615 quit !
cn.stu.cache.CacheException: Undefined [default] caffeine cache
	at cn.stu.cache.caffeine.CaffeineProvider.lambda$buildCache$1(CaffeineProvider.java:70)
	at java.util.concurrent.ConcurrentHashMap.computeIfAbsent(ConcurrentHashMap.java:1660)
	at cn.stu.cache.caffeine.CaffeineProvider.buildCache(CaffeineProvider.java:65)
	at cn.stu.cache.CacheProviderHolder.getLevel1Cache(CacheProviderHolder.java:108)
	at cn.stu.cache.redis.RedisPubSubClusterPolicy.evict(RedisPubSubClusterPolicy.java:89)
	at cn.stu.cache.cluster.ClusterPolicy.handleCommand(ClusterPolicy.java:102)
	at cn.stu.cache.redis.RedisPubSubClusterPolicy.onMessage(RedisPubSubClusterPolicy.java:167)
	at redis.clients.jedis.JedisPubSub.process(JedisPubSub.java:142)
	at redis.clients.jedis.JedisPubSub.proceed(JedisPubSub.java:115)
	at redis.clients.jedis.Jedis.subscribe(Jedis.java:2680)
	at cn.stu.cache.redis.RedisPubSubClusterPolicy.lambda$connect$0(RedisPubSubClusterPolicy.java:115)
	at java.lang.Thread.run(Thread.java:748)
cn.stu.cache.CacheException: Undefined [default] caffeine cache
	at cn.stu.cache.caffeine.CaffeineProvider.lambda$buildCache$1(CaffeineProvider.java:70)
	at java.util.concurrent.ConcurrentHashMap.computeIfAbsent(ConcurrentHashMap.java:1660)
	at cn.stu.cache.caffeine.CaffeineProvider.buildCache(CaffeineProvider.java:65)
	at cn.stu.cache.CacheProviderHolder.getLevel1Cache(CacheProviderHolder.java:108)
	at cn.stu.cache.redis.RedisPubSubClusterPolicy.clear(RedisPubSubClusterPolicy.java:98)
	at cn.stu.cache.cluster.ClusterPolicy.handleCommand(ClusterPolicy.java:106)
	at cn.stu.cache.redis.RedisPubSubClusterPolicy.onMessage(RedisPubSubClusterPolicy.java:167)
	at redis.clients.jedis.JedisPubSub.process(JedisPubSub.java:142)
	at redis.clients.jedis.JedisPubSub.proceed(JedisPubSub.java:115)
	at redis.clients.jedis.Jedis.subscribe(Jedis.java:2680)
[RedisSubscribeThread] ERROR cn.stu.cache.cluster.ClusterPolicy - Failed to handle received msg
	at cn.stu.cache.redis.RedisPubSubClusterPolicy.lambda$connect$0(RedisPubSubClusterPolicy.java:115)
	at java.lang.Thread.run(Thread.java:748)
cn.stu.cache.CacheException: Undefined [default] caffeine cache
	at cn.stu.cache.caffeine.CaffeineProvider.lambda$buildCache$1(CaffeineProvider.java:70)
	at java.util.concurrent.ConcurrentHashMap.computeIfAbsent(ConcurrentHashMap.java:1660)
	at cn.stu.cache.caffeine.CaffeineProvider.buildCache(CaffeineProvider.java:65)
	at cn.stu.cache.CacheProviderHolder.getLevel1Cache(CacheProviderHolder.java:108)
[RedisSubscribeThread] INFO cn.stu.cache.cluster.ClusterPolicy - Node-4193615 quit !
	at cn.stu.cache.redis.RedisPubSubClusterPolicy.clear(RedisPubSubClusterPolicy.java:98)
	at cn.stu.cache.cluster.ClusterPolicy.handleCommand(ClusterPolicy.java:106)
	at cn.stu.cache.redis.RedisPubSubClusterPolicy.onMessage(RedisPubSubClusterPolicy.java:167)
	at redis.clients.jedis.JedisPubSub.process(JedisPubSub.java:142)
	at redis.clients.jedis.JedisPubSub.proceed(JedisPubSub.java:115)
	at redis.clients.jedis.Jedis.subscribe(Jedis.java:2680)
	at cn.stu.cache.redis.RedisPubSubClusterPolicy.lambda$connect$0(RedisPubSubClusterPolicy.java:115)
	at java.lang.Thread.run(Thread.java:748)
[RedisSubscribeThread] INFO cn.stu.cache.cluster.ClusterPolicy - Node-4193615 quit !
[Test worker] INFO cn.stu.cache.util.SerializationUtils - Using Serializer -> [json:cn.stu.cache.util.FstJSONSerializer]
[Test worker] INFO cn.stu.cache.CacheProviderHolder - Using L1 CacheProvider : cn.stu.cache.caffeine.CaffeineProvider
[Test worker] INFO cn.stu.cache.redis.RedisCacheProvider - Redis client starts with mode(single),db(0),storage(generic),namespace(),time(5ms)
[Test worker] INFO cn.stu.cache.CacheProviderHolder - Using L2 CacheProvider : cn.stu.cache.redis.RedisCacheProvider
[RedisSubscribeThread] INFO cn.stu.cache.cluster.ClusterPolicy - Node-1594659 joined !
[RedisSubscribeThread] INFO cn.stu.cache.cluster.ClusterPolicy - Node-1594659 joined !
[RedisSubscribeThread] INFO cn.stu.cache.cluster.ClusterPolicy - Node-1594659 joined !
[RedisSubscribeThread] INFO cn.stu.cache.cluster.ClusterPolicy - Node-1594659 joined !
[Test worker] INFO cn.stu.cache.redis.RedisPubSubClusterPolicy - Connected to redis channel:j2cache, time 4 ms.
[Test worker] INFO cn.stu.cache.ZhCacheBuilder - Using cluster policy : cn.stu.cache.redis.RedisPubSubClusterPolicy
[RedisSubscribeThread] ERROR cn.stu.cache.cluster.ClusterPolicy - Failed to handle received msg
[RedisSubscribeThread] ERROR cn.stu.cache.cluster.ClusterPolicy - Failed to handle received msg
cn.stu.cache.CacheException: Undefined [default] caffeine cache
	at cn.stu.cache.caffeine.CaffeineProvider.lambda$buildCache$1(CaffeineProvider.java:70)
	at java.util.concurrent.ConcurrentHashMap.computeIfAbsent(ConcurrentHashMap.java:1660)
	at cn.stu.cache.caffeine.CaffeineProvider.buildCache(CaffeineProvider.java:65)
	at cn.stu.cache.CacheProviderHolder.getLevel1Cache(CacheProviderHolder.java:108)
	at cn.stu.cache.redis.RedisPubSubClusterPolicy.evict(RedisPubSubClusterPolicy.java:89)
	at cn.stu.cache.cluster.ClusterPolicy.handleCommand(ClusterPolicy.java:102)
	at cn.stu.cache.redis.RedisPubSubClusterPolicy.onMessage(RedisPubSubClusterPolicy.java:167)
	at redis.clients.jedis.JedisPubSub.process(JedisPubSub.java:142)
	at redis.clients.jedis.JedisPubSub.proceed(JedisPubSub.java:115)
	at redis.clients.jedis.Jedis.subscribe(Jedis.java:2680)
	at cn.stu.cache.redis.RedisPubSubClusterPolicy.lambda$connect$0(RedisPubSubClusterPolicy.java:115)
	at java.lang.Thread.run(Thread.java:748)
cn.stu.cache.CacheException: Undefined [default] caffeine cache
	at cn.stu.cache.caffeine.CaffeineProvider.lambda$buildCache$1(CaffeineProvider.java:70)
	at java.util.concurrent.ConcurrentHashMap.computeIfAbsent(ConcurrentHashMap.java:1660)
	at cn.stu.cache.caffeine.CaffeineProvider.buildCache(CaffeineProvider.java:65)
	at cn.stu.cache.CacheProviderHolder.getLevel1Cache(CacheProviderHolder.java:108)
	at cn.stu.cache.redis.RedisPubSubClusterPolicy.evict(RedisPubSubClusterPolicy.java:89)
	at cn.stu.cache.cluster.ClusterPolicy.handleCommand(ClusterPolicy.java:102)
[RedisSubscribeThread] ERROR cn.stu.cache.cluster.ClusterPolicy - Failed to handle received msg
	at cn.stu.cache.redis.RedisPubSubClusterPolicy.onMessage(RedisPubSubClusterPolicy.java:167)
	at redis.clients.jedis.JedisPubSub.process(JedisPubSub.java:142)
	at redis.clients.jedis.JedisPubSub.proceed(JedisPubSub.java:115)
	at redis.clients.jedis.Jedis.subscribe(Jedis.java:2680)
	at cn.stu.cache.redis.RedisPubSubClusterPolicy.lambda$connect$0(RedisPubSubClusterPolicy.java:115)
	at java.lang.Thread.run(Thread.java:748)
cn.stu.cache.CacheException: Undefined [default] caffeine cache
	at cn.stu.cache.caffeine.CaffeineProvider.lambda$buildCache$1(CaffeineProvider.java:70)
	at java.util.concurrent.ConcurrentHashMap.computeIfAbsent(ConcurrentHashMap.java:1660)
	at cn.stu.cache.caffeine.CaffeineProvider.buildCache(CaffeineProvider.java:65)
	at cn.stu.cache.CacheProviderHolder.getLevel1Cache(CacheProviderHolder.java:108)
	at cn.stu.cache.redis.RedisPubSubClusterPolicy.evict(RedisPubSubClusterPolicy.java:89)
	at cn.stu.cache.cluster.ClusterPolicy.handleCommand(ClusterPolicy.java:102)
	at cn.stu.cache.redis.RedisPubSubClusterPolicy.onMessage(RedisPubSubClusterPolicy.java:167)
	at redis.clients.jedis.JedisPubSub.process(JedisPubSub.java:142)
[RedisSubscribeThread] ERROR cn.stu.cache.cluster.ClusterPolicy - Failed to handle received msg
	at redis.clients.jedis.JedisPubSub.proceed(JedisPubSub.java:115)
	at redis.clients.jedis.Jedis.subscribe(Jedis.java:2680)
	at cn.stu.cache.redis.RedisPubSubClusterPolicy.lambda$connect$0(RedisPubSubClusterPolicy.java:115)
	at java.lang.Thread.run(Thread.java:748)
cn.stu.cache.CacheException: Undefined [default] caffeine cache
	at cn.stu.cache.caffeine.CaffeineProvider.lambda$buildCache$1(CaffeineProvider.java:70)
	at java.util.concurrent.ConcurrentHashMap.computeIfAbsent(ConcurrentHashMap.java:1660)
	at cn.stu.cache.caffeine.CaffeineProvider.buildCache(CaffeineProvider.java:65)
	at cn.stu.cache.CacheProviderHolder.getLevel1Cache(CacheProviderHolder.java:108)
	at cn.stu.cache.redis.RedisPubSubClusterPolicy.evict(RedisPubSubClusterPolicy.java:89)
	at cn.stu.cache.cluster.ClusterPolicy.handleCommand(ClusterPolicy.java:102)
	at cn.stu.cache.redis.RedisPubSubClusterPolicy.onMessage(RedisPubSubClusterPolicy.java:167)
	at redis.clients.jedis.JedisPubSub.process(JedisPubSub.java:142)
	at redis.clients.jedis.JedisPubSub.proceed(JedisPubSub.java:115)
	at redis.clients.jedis.Jedis.subscribe(Jedis.java:2680)
	at cn.stu.cache.redis.RedisPubSubClusterPolicy.lambda$connect$0(RedisPubSubClusterPolicy.java:115)
	at java.lang.Thread.run(Thread.java:748)
[RedisSubscribeThread] ERROR cn.stu.cache.cluster.ClusterPolicy - Failed to handle received msg
[RedisSubscribeThread] ERROR cn.stu.cache.cluster.ClusterPolicy - Failed to handle received msg
cn.stu.cache.CacheException: Undefined [default] caffeine cache
	at cn.stu.cache.caffeine.CaffeineProvider.lambda$buildCache$1(CaffeineProvider.java:70)
	at java.util.concurrent.ConcurrentHashMap.computeIfAbsent(ConcurrentHashMap.java:1660)
	at cn.stu.cache.caffeine.CaffeineProvider.buildCache(CaffeineProvider.java:65)
	at cn.stu.cache.CacheProviderHolder.getLevel1Cache(CacheProviderHolder.java:108)
	at cn.stu.cache.redis.RedisPubSubClusterPolicy.evict(RedisPubSubClusterPolicy.java:89)
	at cn.stu.cache.cluster.ClusterPolicy.handleCommand(ClusterPolicy.java:102)
	at cn.stu.cache.redis.RedisPubSubClusterPolicy.onMessage(RedisPubSubClusterPolicy.java:167)
	at redis.clients.jedis.JedisPubSub.process(JedisPubSub.java:142)
	at redis.clients.jedis.JedisPubSub.proceed(JedisPubSub.java:115)
	at redis.clients.jedis.Jedis.subscribe(Jedis.java:2680)
	at cn.stu.cache.redis.RedisPubSubClusterPolicy.lambda$connect$0(RedisPubSubClusterPolicy.java:115)
	at java.lang.Thread.run(Thread.java:748)
[RedisSubscribeThread] ERROR cn.stu.cache.cluster.ClusterPolicy - Failed to handle received msg
cn.stu.cache.CacheException: Undefined [default] caffeine cache
	at cn.stu.cache.caffeine.CaffeineProvider.lambda$buildCache$1(CaffeineProvider.java:70)
	at java.util.concurrent.ConcurrentHashMap.computeIfAbsent(ConcurrentHashMap.java:1660)
	at cn.stu.cache.caffeine.CaffeineProvider.buildCache(CaffeineProvider.java:65)
	at cn.stu.cache.CacheProviderHolder.getLevel1Cache(CacheProviderHolder.java:108)
	at cn.stu.cache.redis.RedisPubSubClusterPolicy.evict(RedisPubSubClusterPolicy.java:89)
[RedisSubscribeThread] ERROR cn.stu.cache.cluster.ClusterPolicy - Failed to handle received msg
	at cn.stu.cache.cluster.ClusterPolicy.handleCommand(ClusterPolicy.java:102)
	at cn.stu.cache.redis.RedisPubSubClusterPolicy.onMessage(RedisPubSubClusterPolicy.java:167)
	at redis.clients.jedis.JedisPubSub.process(JedisPubSub.java:142)
	at redis.clients.jedis.JedisPubSub.proceed(JedisPubSub.java:115)
	at redis.clients.jedis.Jedis.subscribe(Jedis.java:2680)
	at cn.stu.cache.redis.RedisPubSubClusterPolicy.lambda$connect$0(RedisPubSubClusterPolicy.java:115)
	at java.lang.Thread.run(Thread.java:748)
cn.stu.cache.CacheException: Undefined [default] caffeine cache
	at cn.stu.cache.caffeine.CaffeineProvider.lambda$buildCache$1(CaffeineProvider.java:70)
	at java.util.concurrent.ConcurrentHashMap.computeIfAbsent(ConcurrentHashMap.java:1660)
	at cn.stu.cache.caffeine.CaffeineProvider.buildCache(CaffeineProvider.java:65)
	at cn.stu.cache.CacheProviderHolder.getLevel1Cache(CacheProviderHolder.java:108)
	at cn.stu.cache.redis.RedisPubSubClusterPolicy.evict(RedisPubSubClusterPolicy.java:89)
	at cn.stu.cache.cluster.ClusterPolicy.handleCommand(ClusterPolicy.java:102)
	at cn.stu.cache.redis.RedisPubSubClusterPolicy.onMessage(RedisPubSubClusterPolicy.java:167)
	at redis.clients.jedis.JedisPubSub.process(JedisPubSub.java:142)
	at redis.clients.jedis.JedisPubSub.proceed(JedisPubSub.java:115)
	at redis.clients.jedis.Jedis.subscribe(Jedis.java:2680)
	at cn.stu.cache.redis.RedisPubSubClusterPolicy.lambda$connect$0(RedisPubSubClusterPolicy.java:115)
	at java.lang.Thread.run(Thread.java:748)
cn.stu.cache.CacheException: Undefined [default] caffeine cache
	at cn.stu.cache.caffeine.CaffeineProvider.lambda$buildCache$1(CaffeineProvider.java:70)
	at java.util.concurrent.ConcurrentHashMap.computeIfAbsent(ConcurrentHashMap.java:1660)
	at cn.stu.cache.caffeine.CaffeineProvider.buildCache(CaffeineProvider.java:65)
	at cn.stu.cache.CacheProviderHolder.getLevel1Cache(CacheProviderHolder.java:108)
	at cn.stu.cache.redis.RedisPubSubClusterPolicy.evict(RedisPubSubClusterPolicy.java:89)
	at cn.stu.cache.cluster.ClusterPolicy.handleCommand(ClusterPolicy.java:102)
	at cn.stu.cache.redis.RedisPubSubClusterPolicy.onMessage(RedisPubSubClusterPolicy.java:167)
	at redis.clients.jedis.JedisPubSub.process(JedisPubSub.java:142)
	at redis.clients.jedis.JedisPubSub.proceed(JedisPubSub.java:115)
	at redis.clients.jedis.Jedis.subscribe(Jedis.java:2680)
	at cn.stu.cache.redis.RedisPubSubClusterPolicy.lambda$connect$0(RedisPubSubClusterPolicy.java:115)
	at java.lang.Thread.run(Thread.java:748)
[RedisSubscribeThread] ERROR cn.stu.cache.cluster.ClusterPolicy - Failed to handle received msg
cn.stu.cache.CacheException: Undefined [default] caffeine cache
	at cn.stu.cache.caffeine.CaffeineProvider.lambda$buildCache$1(CaffeineProvider.java:70)
[RedisSubscribeThread] ERROR cn.stu.cache.cluster.ClusterPolicy - Failed to handle received msg
[RedisSubscribeThread] ERROR cn.stu.cache.cluster.ClusterPolicy - Failed to handle received msg
[RedisSubscribeThread] ERROR cn.stu.cache.cluster.ClusterPolicy - Failed to handle received msg
	at java.util.concurrent.ConcurrentHashMap.computeIfAbsent(ConcurrentHashMap.java:1660)
	at cn.stu.cache.caffeine.CaffeineProvider.buildCache(CaffeineProvider.java:65)
	at cn.stu.cache.CacheProviderHolder.getLevel1Cache(CacheProviderHolder.java:108)
	at cn.stu.cache.redis.RedisPubSubClusterPolicy.clear(RedisPubSubClusterPolicy.java:98)
	at cn.stu.cache.cluster.ClusterPolicy.handleCommand(ClusterPolicy.java:106)
	at cn.stu.cache.redis.RedisPubSubClusterPolicy.onMessage(RedisPubSubClusterPolicy.java:167)
	at redis.clients.jedis.JedisPubSub.process(JedisPubSub.java:142)
	at redis.clients.jedis.JedisPubSub.proceed(JedisPubSub.java:115)
	at redis.clients.jedis.Jedis.subscribe(Jedis.java:2680)
	at cn.stu.cache.redis.RedisPubSubClusterPolicy.lambda$connect$0(RedisPubSubClusterPolicy.java:115)
	at java.lang.Thread.run(Thread.java:748)
[RedisSubscribeThread] INFO cn.stu.cache.cluster.ClusterPolicy - Node-1594659 quit !
cn.stu.cache.CacheException: Undefined [default] caffeine cache
	at cn.stu.cache.caffeine.CaffeineProvider.lambda$buildCache$1(CaffeineProvider.java:70)
	at java.util.concurrent.ConcurrentHashMap.computeIfAbsent(ConcurrentHashMap.java:1660)
	at cn.stu.cache.caffeine.CaffeineProvider.buildCache(CaffeineProvider.java:65)
	at cn.stu.cache.CacheProviderHolder.getLevel1Cache(CacheProviderHolder.java:108)
	at cn.stu.cache.redis.RedisPubSubClusterPolicy.clear(RedisPubSubClusterPolicy.java:98)
	at cn.stu.cache.cluster.ClusterPolicy.handleCommand(ClusterPolicy.java:106)
	at cn.stu.cache.redis.RedisPubSubClusterPolicy.onMessage(RedisPubSubClusterPolicy.java:167)
	at redis.clients.jedis.JedisPubSub.process(JedisPubSub.java:142)
	at redis.clients.jedis.JedisPubSub.proceed(JedisPubSub.java:115)
	at redis.clients.jedis.Jedis.subscribe(Jedis.java:2680)
	at cn.stu.cache.redis.RedisPubSubClusterPolicy.lambda$connect$0(RedisPubSubClusterPolicy.java:115)
	at java.lang.Thread.run(Thread.java:748)
cn.stu.cache.CacheException: Undefined [default] caffeine cache
[RedisSubscribeThread] INFO cn.stu.cache.cluster.ClusterPolicy - Node-1594659 quit !
	at cn.stu.cache.caffeine.CaffeineProvider.lambda$buildCache$1(CaffeineProvider.java:70)
	at java.util.concurrent.ConcurrentHashMap.computeIfAbsent(ConcurrentHashMap.java:1660)
	at cn.stu.cache.caffeine.CaffeineProvider.buildCache(CaffeineProvider.java:65)
	at cn.stu.cache.CacheProviderHolder.getLevel1Cache(CacheProviderHolder.java:108)
	at cn.stu.cache.redis.RedisPubSubClusterPolicy.clear(RedisPubSubClusterPolicy.java:98)
	at cn.stu.cache.cluster.ClusterPolicy.handleCommand(ClusterPolicy.java:106)
	at cn.stu.cache.redis.RedisPubSubClusterPolicy.onMessage(RedisPubSubClusterPolicy.java:167)
	at redis.clients.jedis.JedisPubSub.process(JedisPubSub.java:142)
	at redis.clients.jedis.JedisPubSub.proceed(JedisPubSub.java:115)
	at redis.clients.jedis.Jedis.subscribe(Jedis.java:2680)
	at cn.stu.cache.redis.RedisPubSubClusterPolicy.lambda$connect$0(RedisPubSubClusterPolicy.java:115)
	at java.lang.Thread.run(Thread.java:748)
cn.stu.cache.CacheException: Undefined [default] caffeine cache
	at cn.stu.cache.caffeine.CaffeineProvider.lambda$buildCache$1(CaffeineProvider.java:70)
	at java.util.concurrent.ConcurrentHashMap.computeIfAbsent(ConcurrentHashMap.java:1660)
	at cn.stu.cache.caffeine.CaffeineProvider.buildCache(CaffeineProvider.java:65)
	at cn.stu.cache.CacheProviderHolder.getLevel1Cache(CacheProviderHolder.java:108)
	at cn.stu.cache.redis.RedisPubSubClusterPolicy.clear(RedisPubSubClusterPolicy.java:98)
	at cn.stu.cache.cluster.ClusterPolicy.handleCommand(ClusterPolicy.java:106)
	at cn.stu.cache.redis.RedisPubSubClusterPolicy.onMessage(RedisPubSubClusterPolicy.java:167)
	at redis.clients.jedis.JedisPubSub.process(JedisPubSub.java:142)
	at redis.clients.jedis.JedisPubSub.proceed(JedisPubSub.java:115)
	at redis.clients.jedis.Jedis.subscribe(Jedis.java:2680)
	at cn.stu.cache.redis.RedisPubSubClusterPolicy.lambda$connect$0(RedisPubSubClusterPolicy.java:115)
	at java.lang.Thread.run(Thread.java:748)
[RedisSubscribeThread] INFO cn.stu.cache.cluster.ClusterPolicy - Node-1594659 quit !
[RedisSubscribeThread] INFO cn.stu.cache.cluster.ClusterPolicy - Node-1594659 quit !
[RedisSubscribeThread] INFO cn.stu.cache.redis.RedisPubSubClusterPolicy - Disconnect to redis channel: j2cache
[Test worker] INFO cn.stu.cache.util.SerializationUtils - Using Serializer -> [json:cn.stu.cache.util.FstJSONSerializer]
[Test worker] INFO cn.stu.cache.CacheProviderHolder - Using L1 CacheProvider : cn.stu.cache.caffeine.CaffeineProvider
[Test worker] INFO cn.stu.cache.redis.RedisCacheProvider - Redis client starts with mode(single),db(0),storage(generic),namespace(),time(1ms)
[Test worker] INFO cn.stu.cache.CacheProviderHolder - Using L2 CacheProvider : cn.stu.cache.redis.RedisCacheProvider
[RedisSubscribeThread] INFO cn.stu.cache.cluster.ClusterPolicy - Node-8352701 joined !
[RedisSubscribeThread] INFO cn.stu.cache.cluster.ClusterPolicy - Node-8352701 joined !
[RedisSubscribeThread] INFO cn.stu.cache.cluster.ClusterPolicy - Node-8352701 joined !
[RedisSubscribeThread] INFO cn.stu.cache.cluster.ClusterPolicy - Node-8352701 joined !
[Test worker] INFO cn.stu.cache.redis.RedisPubSubClusterPolicy - Connected to redis channel:j2cache, time 3 ms.
[Test worker] INFO cn.stu.cache.ZhCacheBuilder - Using cluster policy : cn.stu.cache.redis.RedisPubSubClusterPolicy
[RedisSubscribeThread] ERROR cn.stu.cache.cluster.ClusterPolicy - Failed to handle received msg
cn.stu.cache.CacheException: Undefined [default] caffeine cache
	at cn.stu.cache.caffeine.CaffeineProvider.lambda$buildCache$1(CaffeineProvider.java:70)
	at java.util.concurrent.ConcurrentHashMap.computeIfAbsent(ConcurrentHashMap.java:1660)
	at cn.stu.cache.caffeine.CaffeineProvider.buildCache(CaffeineProvider.java:65)
	at cn.stu.cache.CacheProviderHolder.getLevel1Cache(CacheProviderHolder.java:108)
	at cn.stu.cache.redis.RedisPubSubClusterPolicy.evict(RedisPubSubClusterPolicy.java:89)
	at cn.stu.cache.cluster.ClusterPolicy.handleCommand(ClusterPolicy.java:102)
	at cn.stu.cache.redis.RedisPubSubClusterPolicy.onMessage(RedisPubSubClusterPolicy.java:167)
	at redis.clients.jedis.JedisPubSub.process(JedisPubSub.java:142)
	at redis.clients.jedis.JedisPubSub.proceed(JedisPubSub.java:115)
	at redis.clients.jedis.Jedis.subscribe(Jedis.java:2680)
	at cn.stu.cache.redis.RedisPubSubClusterPolicy.lambda$connect$0(RedisPubSubClusterPolicy.java:115)
	at java.lang.Thread.run(Thread.java:748)
[RedisSubscribeThread] ERROR cn.stu.cache.cluster.ClusterPolicy - Failed to handle received msg
cn.stu.cache.CacheException: Undefined [default] caffeine cache
	at cn.stu.cache.caffeine.CaffeineProvider.lambda$buildCache$1(CaffeineProvider.java:70)
	at java.util.concurrent.ConcurrentHashMap.computeIfAbsent(ConcurrentHashMap.java:1660)
	at cn.stu.cache.caffeine.CaffeineProvider.buildCache(CaffeineProvider.java:65)
	at cn.stu.cache.CacheProviderHolder.getLevel1Cache(CacheProviderHolder.java:108)
	at cn.stu.cache.redis.RedisPubSubClusterPolicy.evict(RedisPubSubClusterPolicy.java:89)
	at cn.stu.cache.cluster.ClusterPolicy.handleCommand(ClusterPolicy.java:102)
	at cn.stu.cache.redis.RedisPubSubClusterPolicy.onMessage(RedisPubSubClusterPolicy.java:167)
	at redis.clients.jedis.JedisPubSub.process(JedisPubSub.java:142)
	at redis.clients.jedis.JedisPubSub.proceed(JedisPubSub.java:115)
	at redis.clients.jedis.Jedis.subscribe(Jedis.java:2680)
	at cn.stu.cache.redis.RedisPubSubClusterPolicy.lambda$connect$0(RedisPubSubClusterPolicy.java:115)
	at java.lang.Thread.run(Thread.java:748)
[RedisSubscribeThread] ERROR cn.stu.cache.cluster.ClusterPolicy - Failed to handle received msg
cn.stu.cache.CacheException: Undefined [default] caffeine cache
	at cn.stu.cache.caffeine.CaffeineProvider.lambda$buildCache$1(CaffeineProvider.java:70)
	at java.util.concurrent.ConcurrentHashMap.computeIfAbsent(ConcurrentHashMap.java:1660)
	at cn.stu.cache.caffeine.CaffeineProvider.buildCache(CaffeineProvider.java:65)
	at cn.stu.cache.CacheProviderHolder.getLevel1Cache(CacheProviderHolder.java:108)
	at cn.stu.cache.redis.RedisPubSubClusterPolicy.evict(RedisPubSubClusterPolicy.java:89)
	at cn.stu.cache.cluster.ClusterPolicy.handleCommand(ClusterPolicy.java:102)
	at cn.stu.cache.redis.RedisPubSubClusterPolicy.onMessage(RedisPubSubClusterPolicy.java:167)
	at redis.clients.jedis.JedisPubSub.process(JedisPubSub.java:142)
	at redis.clients.jedis.JedisPubSub.proceed(JedisPubSub.java:115)
[RedisSubscribeThread] ERROR cn.stu.cache.cluster.ClusterPolicy - Failed to handle received msg
	at redis.clients.jedis.Jedis.subscribe(Jedis.java:2680)
	at cn.stu.cache.redis.RedisPubSubClusterPolicy.lambda$connect$0(RedisPubSubClusterPolicy.java:115)
	at java.lang.Thread.run(Thread.java:748)
cn.stu.cache.CacheException: Undefined [default] caffeine cache
	at cn.stu.cache.caffeine.CaffeineProvider.lambda$buildCache$1(CaffeineProvider.java:70)
	at java.util.concurrent.ConcurrentHashMap.computeIfAbsent(ConcurrentHashMap.java:1660)
	at cn.stu.cache.caffeine.CaffeineProvider.buildCache(CaffeineProvider.java:65)
	at cn.stu.cache.CacheProviderHolder.getLevel1Cache(CacheProviderHolder.java:108)
	at cn.stu.cache.redis.RedisPubSubClusterPolicy.evict(RedisPubSubClusterPolicy.java:89)
	at cn.stu.cache.cluster.ClusterPolicy.handleCommand(ClusterPolicy.java:102)
	at cn.stu.cache.redis.RedisPubSubClusterPolicy.onMessage(RedisPubSubClusterPolicy.java:167)
	at redis.clients.jedis.JedisPubSub.process(JedisPubSub.java:142)
	at redis.clients.jedis.JedisPubSub.proceed(JedisPubSub.java:115)
	at redis.clients.jedis.Jedis.subscribe(Jedis.java:2680)
	at cn.stu.cache.redis.RedisPubSubClusterPolicy.lambda$connect$0(RedisPubSubClusterPolicy.java:115)
	at java.lang.Thread.run(Thread.java:748)
[RedisSubscribeThread] ERROR cn.stu.cache.cluster.ClusterPolicy - Failed to handle received msg
cn.stu.cache.CacheException: Undefined [default] caffeine cache
	at cn.stu.cache.caffeine.CaffeineProvider.lambda$buildCache$1(CaffeineProvider.java:70)
	at java.util.concurrent.ConcurrentHashMap.computeIfAbsent(ConcurrentHashMap.java:1660)
	at cn.stu.cache.caffeine.CaffeineProvider.buildCache(CaffeineProvider.java:65)
	at cn.stu.cache.CacheProviderHolder.getLevel1Cache(CacheProviderHolder.java:108)
	at cn.stu.cache.redis.RedisPubSubClusterPolicy.evict(RedisPubSubClusterPolicy.java:89)
	at cn.stu.cache.cluster.ClusterPolicy.handleCommand(ClusterPolicy.java:102)
	at cn.stu.cache.redis.RedisPubSubClusterPolicy.onMessage(RedisPubSubClusterPolicy.java:167)
	at redis.clients.jedis.JedisPubSub.process(JedisPubSub.java:142)
	at redis.clients.jedis.JedisPubSub.proceed(JedisPubSub.java:115)
	at redis.clients.jedis.Jedis.subscribe(Jedis.java:2680)
	at cn.stu.cache.redis.RedisPubSubClusterPolicy.lambda$connect$0(RedisPubSubClusterPolicy.java:115)
	at java.lang.Thread.run(Thread.java:748)
[RedisSubscribeThread] ERROR cn.stu.cache.cluster.ClusterPolicy - Failed to handle received msg
cn.stu.cache.CacheException: Undefined [default] caffeine cache
[RedisSubscribeThread] ERROR cn.stu.cache.cluster.ClusterPolicy - Failed to handle received msg
	at cn.stu.cache.caffeine.CaffeineProvider.lambda$buildCache$1(CaffeineProvider.java:70)
	at java.util.concurrent.ConcurrentHashMap.computeIfAbsent(ConcurrentHashMap.java:1660)
	at cn.stu.cache.caffeine.CaffeineProvider.buildCache(CaffeineProvider.java:65)
	at cn.stu.cache.CacheProviderHolder.getLevel1Cache(CacheProviderHolder.java:108)
	at cn.stu.cache.redis.RedisPubSubClusterPolicy.evict(RedisPubSubClusterPolicy.java:89)
	at cn.stu.cache.cluster.ClusterPolicy.handleCommand(ClusterPolicy.java:102)
	at cn.stu.cache.redis.RedisPubSubClusterPolicy.onMessage(RedisPubSubClusterPolicy.java:167)
	at redis.clients.jedis.JedisPubSub.process(JedisPubSub.java:142)
	at redis.clients.jedis.JedisPubSub.proceed(JedisPubSub.java:115)
	at redis.clients.jedis.Jedis.subscribe(Jedis.java:2680)
	at cn.stu.cache.redis.RedisPubSubClusterPolicy.lambda$connect$0(RedisPubSubClusterPolicy.java:115)
	at java.lang.Thread.run(Thread.java:748)
cn.stu.cache.CacheException: Undefined [default] caffeine cache
	at cn.stu.cache.caffeine.CaffeineProvider.lambda$buildCache$1(CaffeineProvider.java:70)
	at java.util.concurrent.ConcurrentHashMap.computeIfAbsent(ConcurrentHashMap.java:1660)
	at cn.stu.cache.caffeine.CaffeineProvider.buildCache(CaffeineProvider.java:65)
	at cn.stu.cache.CacheProviderHolder.getLevel1Cache(CacheProviderHolder.java:108)
	at cn.stu.cache.redis.RedisPubSubClusterPolicy.evict(RedisPubSubClusterPolicy.java:89)
	at cn.stu.cache.cluster.ClusterPolicy.handleCommand(ClusterPolicy.java:102)
	at cn.stu.cache.redis.RedisPubSubClusterPolicy.onMessage(RedisPubSubClusterPolicy.java:167)
	at redis.clients.jedis.JedisPubSub.process(JedisPubSub.java:142)
	at redis.clients.jedis.JedisPubSub.proceed(JedisPubSub.java:115)
	at redis.clients.jedis.Jedis.subscribe(Jedis.java:2680)
	at cn.stu.cache.redis.RedisPubSubClusterPolicy.lambda$connect$0(RedisPubSubClusterPolicy.java:115)
	at java.lang.Thread.run(Thread.java:748)
[RedisSubscribeThread] ERROR cn.stu.cache.cluster.ClusterPolicy - Failed to handle received msg
cn.stu.cache.CacheException: Undefined [default] caffeine cache
	at cn.stu.cache.caffeine.CaffeineProvider.lambda$buildCache$1(CaffeineProvider.java:70)
	at java.util.concurrent.ConcurrentHashMap.computeIfAbsent(ConcurrentHashMap.java:1660)
	at cn.stu.cache.caffeine.CaffeineProvider.buildCache(CaffeineProvider.java:65)
	at cn.stu.cache.CacheProviderHolder.getLevel1Cache(CacheProviderHolder.java:108)
	at cn.stu.cache.redis.RedisPubSubClusterPolicy.evict(RedisPubSubClusterPolicy.java:89)
	at cn.stu.cache.cluster.ClusterPolicy.handleCommand(ClusterPolicy.java:102)
	at cn.stu.cache.redis.RedisPubSubClusterPolicy.onMessage(RedisPubSubClusterPolicy.java:167)
	at redis.clients.jedis.JedisPubSub.process(JedisPubSub.java:142)
	at redis.clients.jedis.JedisPubSub.proceed(JedisPubSub.java:115)
	at redis.clients.jedis.Jedis.subscribe(Jedis.java:2680)
	at cn.stu.cache.redis.RedisPubSubClusterPolicy.lambda$connect$0(RedisPubSubClusterPolicy.java:115)
	at java.lang.Thread.run(Thread.java:748)
[RedisSubscribeThread] ERROR cn.stu.cache.cluster.ClusterPolicy - Failed to handle received msg
[RedisSubscribeThread] ERROR cn.stu.cache.cluster.ClusterPolicy - Failed to handle received msg
cn.stu.cache.CacheException: Undefined [default] caffeine cache
[RedisSubscribeThread] ERROR cn.stu.cache.cluster.ClusterPolicy - Failed to handle received msg
	at cn.stu.cache.caffeine.CaffeineProvider.lambda$buildCache$1(CaffeineProvider.java:70)
	at java.util.concurrent.ConcurrentHashMap.computeIfAbsent(ConcurrentHashMap.java:1660)
	at cn.stu.cache.caffeine.CaffeineProvider.buildCache(CaffeineProvider.java:65)
	at cn.stu.cache.CacheProviderHolder.getLevel1Cache(CacheProviderHolder.java:108)
	at cn.stu.cache.redis.RedisPubSubClusterPolicy.evict(RedisPubSubClusterPolicy.java:89)
	at cn.stu.cache.cluster.ClusterPolicy.handleCommand(ClusterPolicy.java:102)
	at cn.stu.cache.redis.RedisPubSubClusterPolicy.onMessage(RedisPubSubClusterPolicy.java:167)
	at redis.clients.jedis.JedisPubSub.process(JedisPubSub.java:142)
	at redis.clients.jedis.JedisPubSub.proceed(JedisPubSub.java:115)
	at redis.clients.jedis.Jedis.subscribe(Jedis.java:2680)
	at cn.stu.cache.redis.RedisPubSubClusterPolicy.lambda$connect$0(RedisPubSubClusterPolicy.java:115)
	at java.lang.Thread.run(Thread.java:748)
cn.stu.cache.CacheException: Undefined [default] caffeine cache
	at cn.stu.cache.caffeine.CaffeineProvider.lambda$buildCache$1(CaffeineProvider.java:70)
	at java.util.concurrent.ConcurrentHashMap.computeIfAbsent(ConcurrentHashMap.java:1660)
	at cn.stu.cache.caffeine.CaffeineProvider.buildCache(CaffeineProvider.java:65)
	at cn.stu.cache.CacheProviderHolder.getLevel1Cache(CacheProviderHolder.java:108)
	at cn.stu.cache.redis.RedisPubSubClusterPolicy.evict(RedisPubSubClusterPolicy.java:89)
	at cn.stu.cache.cluster.ClusterPolicy.handleCommand(ClusterPolicy.java:102)
	at cn.stu.cache.redis.RedisPubSubClusterPolicy.onMessage(RedisPubSubClusterPolicy.java:167)
[RedisSubscribeThread] ERROR cn.stu.cache.cluster.ClusterPolicy - Failed to handle received msg
	at redis.clients.jedis.JedisPubSub.process(JedisPubSub.java:142)
	at redis.clients.jedis.JedisPubSub.proceed(JedisPubSub.java:115)
	at redis.clients.jedis.Jedis.subscribe(Jedis.java:2680)
	at cn.stu.cache.redis.RedisPubSubClusterPolicy.lambda$connect$0(RedisPubSubClusterPolicy.java:115)
	at java.lang.Thread.run(Thread.java:748)
cn.stu.cache.CacheException: Undefined [default] caffeine cache
	at cn.stu.cache.caffeine.CaffeineProvider.lambda$buildCache$1(CaffeineProvider.java:70)
	at java.util.concurrent.ConcurrentHashMap.computeIfAbsent(ConcurrentHashMap.java:1660)
	at cn.stu.cache.caffeine.CaffeineProvider.buildCache(CaffeineProvider.java:65)
	at cn.stu.cache.CacheProviderHolder.getLevel1Cache(CacheProviderHolder.java:108)
	at cn.stu.cache.redis.RedisPubSubClusterPolicy.evict(RedisPubSubClusterPolicy.java:89)
	at cn.stu.cache.cluster.ClusterPolicy.handleCommand(ClusterPolicy.java:102)
	at cn.stu.cache.redis.RedisPubSubClusterPolicy.onMessage(RedisPubSubClusterPolicy.java:167)
	at redis.clients.jedis.JedisPubSub.process(JedisPubSub.java:142)
	at redis.clients.jedis.JedisPubSub.proceed(JedisPubSub.java:115)
	at redis.clients.jedis.Jedis.subscribe(Jedis.java:2680)
	at cn.stu.cache.redis.RedisPubSubClusterPolicy.lambda$connect$0(RedisPubSubClusterPolicy.java:115)
[RedisSubscribeThread] ERROR cn.stu.cache.cluster.ClusterPolicy - Failed to handle received msg
	at java.lang.Thread.run(Thread.java:748)
[RedisSubscribeThread] ERROR cn.stu.cache.cluster.ClusterPolicy - Failed to handle received msg
[RedisSubscribeThread] ERROR cn.stu.cache.cluster.ClusterPolicy - Failed to handle received msg
cn.stu.cache.CacheException: Undefined [default] caffeine cache
	at cn.stu.cache.caffeine.CaffeineProvider.lambda$buildCache$1(CaffeineProvider.java:70)
	at java.util.concurrent.ConcurrentHashMap.computeIfAbsent(ConcurrentHashMap.java:1660)
	at cn.stu.cache.caffeine.CaffeineProvider.buildCache(CaffeineProvider.java:65)
	at cn.stu.cache.CacheProviderHolder.getLevel1Cache(CacheProviderHolder.java:108)
	at cn.stu.cache.redis.RedisPubSubClusterPolicy.evict(RedisPubSubClusterPolicy.java:89)
	at cn.stu.cache.cluster.ClusterPolicy.handleCommand(ClusterPolicy.java:102)
	at cn.stu.cache.redis.RedisPubSubClusterPolicy.onMessage(RedisPubSubClusterPolicy.java:167)
	at redis.clients.jedis.JedisPubSub.process(JedisPubSub.java:142)
	at redis.clients.jedis.JedisPubSub.proceed(JedisPubSub.java:115)
	at redis.clients.jedis.Jedis.subscribe(Jedis.java:2680)
	at cn.stu.cache.redis.RedisPubSubClusterPolicy.lambda$connect$0(RedisPubSubClusterPolicy.java:115)
	at java.lang.Thread.run(Thread.java:748)
cn.stu.cache.CacheException: Undefined [default] caffeine cache
	at cn.stu.cache.caffeine.CaffeineProvider.lambda$buildCache$1(CaffeineProvider.java:70)
	at java.util.concurrent.ConcurrentHashMap.computeIfAbsent(ConcurrentHashMap.java:1660)
	at cn.stu.cache.caffeine.CaffeineProvider.buildCache(CaffeineProvider.java:65)
	at cn.stu.cache.CacheProviderHolder.getLevel1Cache(CacheProviderHolder.java:108)
	at cn.stu.cache.redis.RedisPubSubClusterPolicy.evict(RedisPubSubClusterPolicy.java:89)
	at cn.stu.cache.cluster.ClusterPolicy.handleCommand(ClusterPolicy.java:102)
	at cn.stu.cache.redis.RedisPubSubClusterPolicy.onMessage(RedisPubSubClusterPolicy.java:167)
	at redis.clients.jedis.JedisPubSub.process(JedisPubSub.java:142)
	at redis.clients.jedis.JedisPubSub.proceed(JedisPubSub.java:115)
	at redis.clients.jedis.Jedis.subscribe(Jedis.java:2680)
	at cn.stu.cache.redis.RedisPubSubClusterPolicy.lambda$connect$0(RedisPubSubClusterPolicy.java:115)
	at java.lang.Thread.run(Thread.java:748)
cn.stu.cache.CacheException: Undefined [default] caffeine cache
	at cn.stu.cache.caffeine.CaffeineProvider.lambda$buildCache$1(CaffeineProvider.java:70)
	at java.util.concurrent.ConcurrentHashMap.computeIfAbsent(ConcurrentHashMap.java:1660)
	at cn.stu.cache.caffeine.CaffeineProvider.buildCache(CaffeineProvider.java:65)
	at cn.stu.cache.CacheProviderHolder.getLevel1Cache(CacheProviderHolder.java:108)
	at cn.stu.cache.redis.RedisPubSubClusterPolicy.evict(RedisPubSubClusterPolicy.java:89)
	at cn.stu.cache.cluster.ClusterPolicy.handleCommand(ClusterPolicy.java:102)
	at cn.stu.cache.redis.RedisPubSubClusterPolicy.onMessage(RedisPubSubClusterPolicy.java:167)
	at redis.clients.jedis.JedisPubSub.process(JedisPubSub.java:142)
	at redis.clients.jedis.JedisPubSub.proceed(JedisPubSub.java:115)
	at redis.clients.jedis.Jedis.subscribe(Jedis.java:2680)
	at cn.stu.cache.redis.RedisPubSubClusterPolicy.lambda$connect$0(RedisPubSubClusterPolicy.java:115)
	at java.lang.Thread.run(Thread.java:748)
[RedisSubscribeThread] ERROR cn.stu.cache.cluster.ClusterPolicy - Failed to handle received msg
cn.stu.cache.CacheException: Undefined [default] caffeine cache
	at cn.stu.cache.caffeine.CaffeineProvider.lambda$buildCache$1(CaffeineProvider.java:70)
	at java.util.concurrent.ConcurrentHashMap.computeIfAbsent(ConcurrentHashMap.java:1660)
	at cn.stu.cache.caffeine.CaffeineProvider.buildCache(CaffeineProvider.java:65)
	at cn.stu.cache.CacheProviderHolder.getLevel1Cache(CacheProviderHolder.java:108)
	at cn.stu.cache.redis.RedisPubSubClusterPolicy.evict(RedisPubSubClusterPolicy.java:89)
	at cn.stu.cache.cluster.ClusterPolicy.handleCommand(ClusterPolicy.java:102)
	at cn.stu.cache.redis.RedisPubSubClusterPolicy.onMessage(RedisPubSubClusterPolicy.java:167)
	at redis.clients.jedis.JedisPubSub.process(JedisPubSub.java:142)
	at redis.clients.jedis.JedisPubSub.proceed(JedisPubSub.java:115)
	at redis.clients.jedis.Jedis.subscribe(Jedis.java:2680)
	at cn.stu.cache.redis.RedisPubSubClusterPolicy.lambda$connect$0(RedisPubSubClusterPolicy.java:115)
	at java.lang.Thread.run(Thread.java:748)
cn.stu.cache.CacheException: Undefined [default] caffeine cache
	at cn.stu.cache.caffeine.CaffeineProvider.lambda$buildCache$1(CaffeineProvider.java:70)
	at java.util.concurrent.ConcurrentHashMap.computeIfAbsent(ConcurrentHashMap.java:1660)
	at cn.stu.cache.caffeine.CaffeineProvider.buildCache(CaffeineProvider.java:65)
	at cn.stu.cache.CacheProviderHolder.getLevel1Cache(CacheProviderHolder.java:108)
	at cn.stu.cache.redis.RedisPubSubClusterPolicy.evict(RedisPubSubClusterPolicy.java:89)
	at cn.stu.cache.cluster.ClusterPolicy.handleCommand(ClusterPolicy.java:102)
	at cn.stu.cache.redis.RedisPubSubClusterPolicy.onMessage(RedisPubSubClusterPolicy.java:167)
	at redis.clients.jedis.JedisPubSub.process(JedisPubSub.java:142)
	at redis.clients.jedis.JedisPubSub.proceed(JedisPubSub.java:115)
	at redis.clients.jedis.Jedis.subscribe(Jedis.java:2680)
	at cn.stu.cache.redis.RedisPubSubClusterPolicy.lambda$connect$0(RedisPubSubClusterPolicy.java:115)
	at java.lang.Thread.run(Thread.java:748)
[RedisSubscribeThread] ERROR cn.stu.cache.cluster.ClusterPolicy - Failed to handle received msg
cn.stu.cache.CacheException: Undefined [default] caffeine cache
	at cn.stu.cache.caffeine.CaffeineProvider.lambda$buildCache$1(CaffeineProvider.java:70)
	at java.util.concurrent.ConcurrentHashMap.computeIfAbsent(ConcurrentHashMap.java:1660)
	at cn.stu.cache.caffeine.CaffeineProvider.buildCache(CaffeineProvider.java:65)
	at cn.stu.cache.CacheProviderHolder.getLevel1Cache(CacheProviderHolder.java:108)
	at cn.stu.cache.redis.RedisPubSubClusterPolicy.evict(RedisPubSubClusterPolicy.java:89)
	at cn.stu.cache.cluster.ClusterPolicy.handleCommand(ClusterPolicy.java:102)
	at cn.stu.cache.redis.RedisPubSubClusterPolicy.onMessage(RedisPubSubClusterPolicy.java:167)
	at redis.clients.jedis.JedisPubSub.process(JedisPubSub.java:142)
[RedisSubscribeThread] ERROR cn.stu.cache.cluster.ClusterPolicy - Failed to handle received msg
[RedisSubscribeThread] ERROR cn.stu.cache.cluster.ClusterPolicy - Failed to handle received msg
[RedisSubscribeThread] ERROR cn.stu.cache.cluster.ClusterPolicy - Failed to handle received msg
	at redis.clients.jedis.JedisPubSub.proceed(JedisPubSub.java:115)
	at redis.clients.jedis.Jedis.subscribe(Jedis.java:2680)
	at cn.stu.cache.redis.RedisPubSubClusterPolicy.lambda$connect$0(RedisPubSubClusterPolicy.java:115)
	at java.lang.Thread.run(Thread.java:748)
cn.stu.cache.CacheException: Undefined [default] caffeine cache
	at cn.stu.cache.caffeine.CaffeineProvider.lambda$buildCache$1(CaffeineProvider.java:70)
	at java.util.concurrent.ConcurrentHashMap.computeIfAbsent(ConcurrentHashMap.java:1660)
	at cn.stu.cache.caffeine.CaffeineProvider.buildCache(CaffeineProvider.java:65)
	at cn.stu.cache.CacheProviderHolder.getLevel1Cache(CacheProviderHolder.java:108)
	at cn.stu.cache.redis.RedisPubSubClusterPolicy.evict(RedisPubSubClusterPolicy.java:89)
	at cn.stu.cache.cluster.ClusterPolicy.handleCommand(ClusterPolicy.java:102)
	at cn.stu.cache.redis.RedisPubSubClusterPolicy.onMessage(RedisPubSubClusterPolicy.java:167)
	at redis.clients.jedis.JedisPubSub.process(JedisPubSub.java:142)
	at redis.clients.jedis.JedisPubSub.proceed(JedisPubSub.java:115)
	at redis.clients.jedis.Jedis.subscribe(Jedis.java:2680)
	at cn.stu.cache.redis.RedisPubSubClusterPolicy.lambda$connect$0(RedisPubSubClusterPolicy.java:115)
	at java.lang.Thread.run(Thread.java:748)
cn.stu.cache.CacheException: Undefined [default] caffeine cache
	at cn.stu.cache.caffeine.CaffeineProvider.lambda$buildCache$1(CaffeineProvider.java:70)
	at java.util.concurrent.ConcurrentHashMap.computeIfAbsent(ConcurrentHashMap.java:1660)
	at cn.stu.cache.caffeine.CaffeineProvider.buildCache(CaffeineProvider.java:65)
	at cn.stu.cache.CacheProviderHolder.getLevel1Cache(CacheProviderHolder.java:108)
	at cn.stu.cache.redis.RedisPubSubClusterPolicy.evict(RedisPubSubClusterPolicy.java:89)
	at cn.stu.cache.cluster.ClusterPolicy.handleCommand(ClusterPolicy.java:102)
	at cn.stu.cache.redis.RedisPubSubClusterPolicy.onMessage(RedisPubSubClusterPolicy.java:167)
	at redis.clients.jedis.JedisPubSub.process(JedisPubSub.java:142)
	at redis.clients.jedis.JedisPubSub.proceed(JedisPubSub.java:115)
	at redis.clients.jedis.Jedis.subscribe(Jedis.java:2680)
	at cn.stu.cache.redis.RedisPubSubClusterPolicy.lambda$connect$0(RedisPubSubClusterPolicy.java:115)
	at java.lang.Thread.run(Thread.java:748)
cn.stu.cache.CacheException: Undefined [default] caffeine cache
	at cn.stu.cache.caffeine.CaffeineProvider.lambda$buildCache$1(CaffeineProvider.java:70)
	at java.util.concurrent.ConcurrentHashMap.computeIfAbsent(ConcurrentHashMap.java:1660)
	at cn.stu.cache.caffeine.CaffeineProvider.buildCache(CaffeineProvider.java:65)
	at cn.stu.cache.CacheProviderHolder.getLevel1Cache(CacheProviderHolder.java:108)
	at cn.stu.cache.redis.RedisPubSubClusterPolicy.evict(RedisPubSubClusterPolicy.java:89)
	at cn.stu.cache.cluster.ClusterPolicy.handleCommand(ClusterPolicy.java:102)
	at cn.stu.cache.redis.RedisPubSubClusterPolicy.onMessage(RedisPubSubClusterPolicy.java:167)
	at redis.clients.jedis.JedisPubSub.process(JedisPubSub.java:142)
	at redis.clients.jedis.JedisPubSub.proceed(JedisPubSub.java:115)
	at redis.clients.jedis.Jedis.subscribe(Jedis.java:2680)
	at cn.stu.cache.redis.RedisPubSubClusterPolicy.lambda$connect$0(RedisPubSubClusterPolicy.java:115)
	at java.lang.Thread.run(Thread.java:748)
[RedisSubscribeThread] ERROR cn.stu.cache.cluster.ClusterPolicy - Failed to handle received msg
cn.stu.cache.CacheException: Undefined [default] caffeine cache
	at cn.stu.cache.caffeine.CaffeineProvider.lambda$buildCache$1(CaffeineProvider.java:70)
	at java.util.concurrent.ConcurrentHashMap.computeIfAbsent(ConcurrentHashMap.java:1660)
	at cn.stu.cache.caffeine.CaffeineProvider.buildCache(CaffeineProvider.java:65)
	at cn.stu.cache.CacheProviderHolder.getLevel1Cache(CacheProviderHolder.java:108)
	at cn.stu.cache.redis.RedisPubSubClusterPolicy.evict(RedisPubSubClusterPolicy.java:89)
	at cn.stu.cache.cluster.ClusterPolicy.handleCommand(ClusterPolicy.java:102)
	at cn.stu.cache.redis.RedisPubSubClusterPolicy.onMessage(RedisPubSubClusterPolicy.java:167)
	at redis.clients.jedis.JedisPubSub.process(JedisPubSub.java:142)
	at redis.clients.jedis.JedisPubSub.proceed(JedisPubSub.java:115)
	at redis.clients.jedis.Jedis.subscribe(Jedis.java:2680)
	at cn.stu.cache.redis.RedisPubSubClusterPolicy.lambda$connect$0(RedisPubSubClusterPolicy.java:115)
	at java.lang.Thread.run(Thread.java:748)
[RedisSubscribeThread] ERROR cn.stu.cache.cluster.ClusterPolicy - Failed to handle received msg
[RedisSubscribeThread] ERROR cn.stu.cache.cluster.ClusterPolicy - Failed to handle received msg
cn.stu.cache.CacheException: Undefined [default] caffeine cache
	at cn.stu.cache.caffeine.CaffeineProvider.lambda$buildCache$1(CaffeineProvider.java:70)
	at java.util.concurrent.ConcurrentHashMap.computeIfAbsent(ConcurrentHashMap.java:1660)
	at cn.stu.cache.caffeine.CaffeineProvider.buildCache(CaffeineProvider.java:65)
	at cn.stu.cache.CacheProviderHolder.getLevel1Cache(CacheProviderHolder.java:108)
	at cn.stu.cache.redis.RedisPubSubClusterPolicy.evict(RedisPubSubClusterPolicy.java:89)
	at cn.stu.cache.cluster.ClusterPolicy.handleCommand(ClusterPolicy.java:102)
	at cn.stu.cache.redis.RedisPubSubClusterPolicy.onMessage(RedisPubSubClusterPolicy.java:167)
	at redis.clients.jedis.JedisPubSub.process(JedisPubSub.java:142)
	at redis.clients.jedis.JedisPubSub.proceed(JedisPubSub.java:115)
	at redis.clients.jedis.Jedis.subscribe(Jedis.java:2680)
	at cn.stu.cache.redis.RedisPubSubClusterPolicy.lambda$connect$0(RedisPubSubClusterPolicy.java:115)
	at java.lang.Thread.run(Thread.java:748)
cn.stu.cache.CacheException: Undefined [default] caffeine cache
	at cn.stu.cache.caffeine.CaffeineProvider.lambda$buildCache$1(CaffeineProvider.java:70)
	at java.util.concurrent.ConcurrentHashMap.computeIfAbsent(ConcurrentHashMap.java:1660)
	at cn.stu.cache.caffeine.CaffeineProvider.buildCache(CaffeineProvider.java:65)
	at cn.stu.cache.CacheProviderHolder.getLevel1Cache(CacheProviderHolder.java:108)
	at cn.stu.cache.redis.RedisPubSubClusterPolicy.evict(RedisPubSubClusterPolicy.java:89)
	at cn.stu.cache.cluster.ClusterPolicy.handleCommand(ClusterPolicy.java:102)
	at cn.stu.cache.redis.RedisPubSubClusterPolicy.onMessage(RedisPubSubClusterPolicy.java:167)
	at redis.clients.jedis.JedisPubSub.process(JedisPubSub.java:142)
[RedisSubscribeThread] ERROR cn.stu.cache.cluster.ClusterPolicy - Failed to handle received msg
	at redis.clients.jedis.JedisPubSub.proceed(JedisPubSub.java:115)
	at redis.clients.jedis.Jedis.subscribe(Jedis.java:2680)
	at cn.stu.cache.redis.RedisPubSubClusterPolicy.lambda$connect$0(RedisPubSubClusterPolicy.java:115)
	at java.lang.Thread.run(Thread.java:748)
cn.stu.cache.CacheException: Undefined [default] caffeine cache
	at cn.stu.cache.caffeine.CaffeineProvider.lambda$buildCache$1(CaffeineProvider.java:70)
	at java.util.concurrent.ConcurrentHashMap.computeIfAbsent(ConcurrentHashMap.java:1660)
	at cn.stu.cache.caffeine.CaffeineProvider.buildCache(CaffeineProvider.java:65)
	at cn.stu.cache.CacheProviderHolder.getLevel1Cache(CacheProviderHolder.java:108)
	at cn.stu.cache.redis.RedisPubSubClusterPolicy.evict(RedisPubSubClusterPolicy.java:89)
	at cn.stu.cache.cluster.ClusterPolicy.handleCommand(ClusterPolicy.java:102)
	at cn.stu.cache.redis.RedisPubSubClusterPolicy.onMessage(RedisPubSubClusterPolicy.java:167)
	at redis.clients.jedis.JedisPubSub.process(JedisPubSub.java:142)
	at redis.clients.jedis.JedisPubSub.proceed(JedisPubSub.java:115)
	at redis.clients.jedis.Jedis.subscribe(Jedis.java:2680)
	at cn.stu.cache.redis.RedisPubSubClusterPolicy.lambda$connect$0(RedisPubSubClusterPolicy.java:115)
	at java.lang.Thread.run(Thread.java:748)
[RedisSubscribeThread] ERROR cn.stu.cache.cluster.ClusterPolicy - Failed to handle received msg
cn.stu.cache.CacheException: Undefined [default] caffeine cache
	at cn.stu.cache.caffeine.CaffeineProvider.lambda$buildCache$1(CaffeineProvider.java:70)
	at java.util.concurrent.ConcurrentHashMap.computeIfAbsent(ConcurrentHashMap.java:1660)
	at cn.stu.cache.caffeine.CaffeineProvider.buildCache(CaffeineProvider.java:65)
	at cn.stu.cache.CacheProviderHolder.getLevel1Cache(CacheProviderHolder.java:108)
	at cn.stu.cache.redis.RedisPubSubClusterPolicy.evict(RedisPubSubClusterPolicy.java:89)
	at cn.stu.cache.cluster.ClusterPolicy.handleCommand(ClusterPolicy.java:102)
	at cn.stu.cache.redis.RedisPubSubClusterPolicy.onMessage(RedisPubSubClusterPolicy.java:167)
	at redis.clients.jedis.JedisPubSub.process(JedisPubSub.java:142)
	at redis.clients.jedis.JedisPubSub.proceed(JedisPubSub.java:115)
	at redis.clients.jedis.Jedis.subscribe(Jedis.java:2680)
	at cn.stu.cache.redis.RedisPubSubClusterPolicy.lambda$connect$0(RedisPubSubClusterPolicy.java:115)
	at java.lang.Thread.run(Thread.java:748)
[RedisSubscribeThread] ERROR cn.stu.cache.cluster.ClusterPolicy - Failed to handle received msg
cn.stu.cache.CacheException: Undefined [default] caffeine cache
	at cn.stu.cache.caffeine.CaffeineProvider.lambda$buildCache$1(CaffeineProvider.java:70)
	at java.util.concurrent.ConcurrentHashMap.computeIfAbsent(ConcurrentHashMap.java:1660)
	at cn.stu.cache.caffeine.CaffeineProvider.buildCache(CaffeineProvider.java:65)
	at cn.stu.cache.CacheProviderHolder.getLevel1Cache(CacheProviderHolder.java:108)
	at cn.stu.cache.redis.RedisPubSubClusterPolicy.evict(RedisPubSubClusterPolicy.java:89)
	at cn.stu.cache.cluster.ClusterPolicy.handleCommand(ClusterPolicy.java:102)
	at cn.stu.cache.redis.RedisPubSubClusterPolicy.onMessage(RedisPubSubClusterPolicy.java:167)
	at redis.clients.jedis.JedisPubSub.process(JedisPubSub.java:142)
	at redis.clients.jedis.JedisPubSub.proceed(JedisPubSub.java:115)
	at redis.clients.jedis.Jedis.subscribe(Jedis.java:2680)
	at cn.stu.cache.redis.RedisPubSubClusterPolicy.lambda$connect$0(RedisPubSubClusterPolicy.java:115)
	at java.lang.Thread.run(Thread.java:748)
[RedisSubscribeThread] ERROR cn.stu.cache.cluster.ClusterPolicy - Failed to handle received msg
cn.stu.cache.CacheException: Undefined [default] caffeine cache
	at cn.stu.cache.caffeine.CaffeineProvider.lambda$buildCache$1(CaffeineProvider.java:70)
	at java.util.concurrent.ConcurrentHashMap.computeIfAbsent(ConcurrentHashMap.java:1660)
	at cn.stu.cache.caffeine.CaffeineProvider.buildCache(CaffeineProvider.java:65)
	at cn.stu.cache.CacheProviderHolder.getLevel1Cache(CacheProviderHolder.java:108)
	at cn.stu.cache.redis.RedisPubSubClusterPolicy.evict(RedisPubSubClusterPolicy.java:89)
	at cn.stu.cache.cluster.ClusterPolicy.handleCommand(ClusterPolicy.java:102)
	at cn.stu.cache.redis.RedisPubSubClusterPolicy.onMessage(RedisPubSubClusterPolicy.java:167)
	at redis.clients.jedis.JedisPubSub.process(JedisPubSub.java:142)
	at redis.clients.jedis.JedisPubSub.proceed(JedisPubSub.java:115)
	at redis.clients.jedis.Jedis.subscribe(Jedis.java:2680)
	at cn.stu.cache.redis.RedisPubSubClusterPolicy.lambda$connect$0(RedisPubSubClusterPolicy.java:115)
	at java.lang.Thread.run(Thread.java:748)
[RedisSubscribeThread] ERROR cn.stu.cache.cluster.ClusterPolicy - Failed to handle received msg
cn.stu.cache.CacheException: Undefined [default] caffeine cache
	at cn.stu.cache.caffeine.CaffeineProvider.lambda$buildCache$1(CaffeineProvider.java:70)
	at java.util.concurrent.ConcurrentHashMap.computeIfAbsent(ConcurrentHashMap.java:1660)
	at cn.stu.cache.caffeine.CaffeineProvider.buildCache(CaffeineProvider.java:65)
	at cn.stu.cache.CacheProviderHolder.getLevel1Cache(CacheProviderHolder.java:108)
	at cn.stu.cache.redis.RedisPubSubClusterPolicy.evict(RedisPubSubClusterPolicy.java:89)
	at cn.stu.cache.cluster.ClusterPolicy.handleCommand(ClusterPolicy.java:102)
	at cn.stu.cache.redis.RedisPubSubClusterPolicy.onMessage(RedisPubSubClusterPolicy.java:167)
	at redis.clients.jedis.JedisPubSub.process(JedisPubSub.java:142)
	at redis.clients.jedis.JedisPubSub.proceed(JedisPubSub.java:115)
	at redis.clients.jedis.Jedis.subscribe(Jedis.java:2680)
	at cn.stu.cache.redis.RedisPubSubClusterPolicy.lambda$connect$0(RedisPubSubClusterPolicy.java:115)
	at java.lang.Thread.run(Thread.java:748)
[RedisSubscribeThread] ERROR cn.stu.cache.cluster.ClusterPolicy - Failed to handle received msg
cn.stu.cache.CacheException: Undefined [default] caffeine cache
	at cn.stu.cache.caffeine.CaffeineProvider.lambda$buildCache$1(CaffeineProvider.java:70)
	at java.util.concurrent.ConcurrentHashMap.computeIfAbsent(ConcurrentHashMap.java:1660)
	at cn.stu.cache.caffeine.CaffeineProvider.buildCache(CaffeineProvider.java:65)
	at cn.stu.cache.CacheProviderHolder.getLevel1Cache(CacheProviderHolder.java:108)
	at cn.stu.cache.redis.RedisPubSubClusterPolicy.evict(RedisPubSubClusterPolicy.java:89)
	at cn.stu.cache.cluster.ClusterPolicy.handleCommand(ClusterPolicy.java:102)
	at cn.stu.cache.redis.RedisPubSubClusterPolicy.onMessage(RedisPubSubClusterPolicy.java:167)
	at redis.clients.jedis.JedisPubSub.process(JedisPubSub.java:142)
	at redis.clients.jedis.JedisPubSub.proceed(JedisPubSub.java:115)
	at redis.clients.jedis.Jedis.subscribe(Jedis.java:2680)
	at cn.stu.cache.redis.RedisPubSubClusterPolicy.lambda$connect$0(RedisPubSubClusterPolicy.java:115)
	at java.lang.Thread.run(Thread.java:748)
[RedisSubscribeThread] ERROR cn.stu.cache.cluster.ClusterPolicy - Failed to handle received msg
cn.stu.cache.CacheException: Undefined [default] caffeine cache
	at cn.stu.cache.caffeine.CaffeineProvider.lambda$buildCache$1(CaffeineProvider.java:70)
	at java.util.concurrent.ConcurrentHashMap.computeIfAbsent(ConcurrentHashMap.java:1660)
	at cn.stu.cache.caffeine.CaffeineProvider.buildCache(CaffeineProvider.java:65)
	at cn.stu.cache.CacheProviderHolder.getLevel1Cache(CacheProviderHolder.java:108)
	at cn.stu.cache.redis.RedisPubSubClusterPolicy.evict(RedisPubSubClusterPolicy.java:89)
	at cn.stu.cache.cluster.ClusterPolicy.handleCommand(ClusterPolicy.java:102)
	at cn.stu.cache.redis.RedisPubSubClusterPolicy.onMessage(RedisPubSubClusterPolicy.java:167)
	at redis.clients.jedis.JedisPubSub.process(JedisPubSub.java:142)
	at redis.clients.jedis.JedisPubSub.proceed(JedisPubSub.java:115)
	at redis.clients.jedis.Jedis.subscribe(Jedis.java:2680)
	at cn.stu.cache.redis.RedisPubSubClusterPolicy.lambda$connect$0(RedisPubSubClusterPolicy.java:115)
	at java.lang.Thread.run(Thread.java:748)
[RedisSubscribeThread] ERROR cn.stu.cache.cluster.ClusterPolicy - Failed to handle received msg
cn.stu.cache.CacheException: Undefined [default] caffeine cache
	at cn.stu.cache.caffeine.CaffeineProvider.lambda$buildCache$1(CaffeineProvider.java:70)
	at java.util.concurrent.ConcurrentHashMap.computeIfAbsent(ConcurrentHashMap.java:1660)
	at cn.stu.cache.caffeine.CaffeineProvider.buildCache(CaffeineProvider.java:65)
	at cn.stu.cache.CacheProviderHolder.getLevel1Cache(CacheProviderHolder.java:108)
	at cn.stu.cache.redis.RedisPubSubClusterPolicy.evict(RedisPubSubClusterPolicy.java:89)
	at cn.stu.cache.cluster.ClusterPolicy.handleCommand(ClusterPolicy.java:102)
	at cn.stu.cache.redis.RedisPubSubClusterPolicy.onMessage(RedisPubSubClusterPolicy.java:167)
	at redis.clients.jedis.JedisPubSub.process(JedisPubSub.java:142)
	at redis.clients.jedis.JedisPubSub.proceed(JedisPubSub.java:115)
	at redis.clients.jedis.Jedis.subscribe(Jedis.java:2680)
	at cn.stu.cache.redis.RedisPubSubClusterPolicy.lambda$connect$0(RedisPubSubClusterPolicy.java:115)
	at java.lang.Thread.run(Thread.java:748)
[RedisSubscribeThread] ERROR cn.stu.cache.cluster.ClusterPolicy - Failed to handle received msg
cn.stu.cache.CacheException: Undefined [default] caffeine cache
[RedisSubscribeThread] ERROR cn.stu.cache.cluster.ClusterPolicy - Failed to handle received msg
	at cn.stu.cache.caffeine.CaffeineProvider.lambda$buildCache$1(CaffeineProvider.java:70)
	at java.util.concurrent.ConcurrentHashMap.computeIfAbsent(ConcurrentHashMap.java:1660)
	at cn.stu.cache.caffeine.CaffeineProvider.buildCache(CaffeineProvider.java:65)
	at cn.stu.cache.CacheProviderHolder.getLevel1Cache(CacheProviderHolder.java:108)
	at cn.stu.cache.redis.RedisPubSubClusterPolicy.evict(RedisPubSubClusterPolicy.java:89)
	at cn.stu.cache.cluster.ClusterPolicy.handleCommand(ClusterPolicy.java:102)
	at cn.stu.cache.redis.RedisPubSubClusterPolicy.onMessage(RedisPubSubClusterPolicy.java:167)
	at redis.clients.jedis.JedisPubSub.process(JedisPubSub.java:142)
	at redis.clients.jedis.JedisPubSub.proceed(JedisPubSub.java:115)
	at redis.clients.jedis.Jedis.subscribe(Jedis.java:2680)
	at cn.stu.cache.redis.RedisPubSubClusterPolicy.lambda$connect$0(RedisPubSubClusterPolicy.java:115)
	at java.lang.Thread.run(Thread.java:748)
cn.stu.cache.CacheException: Undefined [default] caffeine cache
	at cn.stu.cache.caffeine.CaffeineProvider.lambda$buildCache$1(CaffeineProvider.java:70)
	at java.util.concurrent.ConcurrentHashMap.computeIfAbsent(ConcurrentHashMap.java:1660)
	at cn.stu.cache.caffeine.CaffeineProvider.buildCache(CaffeineProvider.java:65)
	at cn.stu.cache.CacheProviderHolder.getLevel1Cache(CacheProviderHolder.java:108)
	at cn.stu.cache.redis.RedisPubSubClusterPolicy.evict(RedisPubSubClusterPolicy.java:89)
	at cn.stu.cache.cluster.ClusterPolicy.handleCommand(ClusterPolicy.java:102)
	at cn.stu.cache.redis.RedisPubSubClusterPolicy.onMessage(RedisPubSubClusterPolicy.java:167)
	at redis.clients.jedis.JedisPubSub.process(JedisPubSub.java:142)
	at redis.clients.jedis.JedisPubSub.proceed(JedisPubSub.java:115)
	at redis.clients.jedis.Jedis.subscribe(Jedis.java:2680)
	at cn.stu.cache.redis.RedisPubSubClusterPolicy.lambda$connect$0(RedisPubSubClusterPolicy.java:115)
	at java.lang.Thread.run(Thread.java:748)
[RedisSubscribeThread] ERROR cn.stu.cache.cluster.ClusterPolicy - Failed to handle received msg
cn.stu.cache.CacheException: Undefined [default] caffeine cache
[RedisSubscribeThread] ERROR cn.stu.cache.cluster.ClusterPolicy - Failed to handle received msg
	at cn.stu.cache.caffeine.CaffeineProvider.lambda$buildCache$1(CaffeineProvider.java:70)
	at java.util.concurrent.ConcurrentHashMap.computeIfAbsent(ConcurrentHashMap.java:1660)
	at cn.stu.cache.caffeine.CaffeineProvider.buildCache(CaffeineProvider.java:65)
	at cn.stu.cache.CacheProviderHolder.getLevel1Cache(CacheProviderHolder.java:108)
	at cn.stu.cache.redis.RedisPubSubClusterPolicy.evict(RedisPubSubClusterPolicy.java:89)
	at cn.stu.cache.cluster.ClusterPolicy.handleCommand(ClusterPolicy.java:102)
	at cn.stu.cache.redis.RedisPubSubClusterPolicy.onMessage(RedisPubSubClusterPolicy.java:167)
	at redis.clients.jedis.JedisPubSub.process(JedisPubSub.java:142)
	at redis.clients.jedis.JedisPubSub.proceed(JedisPubSub.java:115)
	at redis.clients.jedis.Jedis.subscribe(Jedis.java:2680)
	at cn.stu.cache.redis.RedisPubSubClusterPolicy.lambda$connect$0(RedisPubSubClusterPolicy.java:115)
	at java.lang.Thread.run(Thread.java:748)
cn.stu.cache.CacheException: Undefined [default] caffeine cache
[RedisSubscribeThread] ERROR cn.stu.cache.cluster.ClusterPolicy - Failed to handle received msg
	at cn.stu.cache.caffeine.CaffeineProvider.lambda$buildCache$1(CaffeineProvider.java:70)
	at java.util.concurrent.ConcurrentHashMap.computeIfAbsent(ConcurrentHashMap.java:1660)
	at cn.stu.cache.caffeine.CaffeineProvider.buildCache(CaffeineProvider.java:65)
	at cn.stu.cache.CacheProviderHolder.getLevel1Cache(CacheProviderHolder.java:108)
	at cn.stu.cache.redis.RedisPubSubClusterPolicy.evict(RedisPubSubClusterPolicy.java:89)
	at cn.stu.cache.cluster.ClusterPolicy.handleCommand(ClusterPolicy.java:102)
	at cn.stu.cache.redis.RedisPubSubClusterPolicy.onMessage(RedisPubSubClusterPolicy.java:167)
	at redis.clients.jedis.JedisPubSub.process(JedisPubSub.java:142)
	at redis.clients.jedis.JedisPubSub.proceed(JedisPubSub.java:115)
	at redis.clients.jedis.Jedis.subscribe(Jedis.java:2680)
	at cn.stu.cache.redis.RedisPubSubClusterPolicy.lambda$connect$0(RedisPubSubClusterPolicy.java:115)
	at java.lang.Thread.run(Thread.java:748)
cn.stu.cache.CacheException: Undefined [default] caffeine cache
	at cn.stu.cache.caffeine.CaffeineProvider.lambda$buildCache$1(CaffeineProvider.java:70)
	at java.util.concurrent.ConcurrentHashMap.computeIfAbsent(ConcurrentHashMap.java:1660)
	at cn.stu.cache.caffeine.CaffeineProvider.buildCache(CaffeineProvider.java:65)
	at cn.stu.cache.CacheProviderHolder.getLevel1Cache(CacheProviderHolder.java:108)
	at cn.stu.cache.redis.RedisPubSubClusterPolicy.evict(RedisPubSubClusterPolicy.java:89)
	at cn.stu.cache.cluster.ClusterPolicy.handleCommand(ClusterPolicy.java:102)
	at cn.stu.cache.redis.RedisPubSubClusterPolicy.onMessage(RedisPubSubClusterPolicy.java:167)
	at redis.clients.jedis.JedisPubSub.process(JedisPubSub.java:142)
	at redis.clients.jedis.JedisPubSub.proceed(JedisPubSub.java:115)
	at redis.clients.jedis.Jedis.subscribe(Jedis.java:2680)
	at cn.stu.cache.redis.RedisPubSubClusterPolicy.lambda$connect$0(RedisPubSubClusterPolicy.java:115)
	at java.lang.Thread.run(Thread.java:748)
[RedisSubscribeThread] ERROR cn.stu.cache.cluster.ClusterPolicy - Failed to handle received msg
cn.stu.cache.CacheException: Undefined [default] caffeine cache
	at cn.stu.cache.caffeine.CaffeineProvider.lambda$buildCache$1(CaffeineProvider.java:70)
	at java.util.concurrent.ConcurrentHashMap.computeIfAbsent(ConcurrentHashMap.java:1660)
	at cn.stu.cache.caffeine.CaffeineProvider.buildCache(CaffeineProvider.java:65)
	at cn.stu.cache.CacheProviderHolder.getLevel1Cache(CacheProviderHolder.java:108)
	at cn.stu.cache.redis.RedisPubSubClusterPolicy.evict(RedisPubSubClusterPolicy.java:89)
	at cn.stu.cache.cluster.ClusterPolicy.handleCommand(ClusterPolicy.java:102)
	at cn.stu.cache.redis.RedisPubSubClusterPolicy.onMessage(RedisPubSubClusterPolicy.java:167)
	at redis.clients.jedis.JedisPubSub.process(JedisPubSub.java:142)
	at redis.clients.jedis.JedisPubSub.proceed(JedisPubSub.java:115)
	at redis.clients.jedis.Jedis.subscribe(Jedis.java:2680)
	at cn.stu.cache.redis.RedisPubSubClusterPolicy.lambda$connect$0(RedisPubSubClusterPolicy.java:115)
	at java.lang.Thread.run(Thread.java:748)
[RedisSubscribeThread] ERROR cn.stu.cache.cluster.ClusterPolicy - Failed to handle received msg
cn.stu.cache.CacheException: Undefined [default] caffeine cache
	at cn.stu.cache.caffeine.CaffeineProvider.lambda$buildCache$1(CaffeineProvider.java:70)
	at java.util.concurrent.ConcurrentHashMap.computeIfAbsent(ConcurrentHashMap.java:1660)
	at cn.stu.cache.caffeine.CaffeineProvider.buildCache(CaffeineProvider.java:65)
	at cn.stu.cache.CacheProviderHolder.getLevel1Cache(CacheProviderHolder.java:108)
	at cn.stu.cache.redis.RedisPubSubClusterPolicy.evict(RedisPubSubClusterPolicy.java:89)
	at cn.stu.cache.cluster.ClusterPolicy.handleCommand(ClusterPolicy.java:102)
	at cn.stu.cache.redis.RedisPubSubClusterPolicy.onMessage(RedisPubSubClusterPolicy.java:167)
	at redis.clients.jedis.JedisPubSub.process(JedisPubSub.java:142)
	at redis.clients.jedis.JedisPubSub.proceed(JedisPubSub.java:115)
[RedisSubscribeThread] ERROR cn.stu.cache.cluster.ClusterPolicy - Failed to handle received msg
	at redis.clients.jedis.Jedis.subscribe(Jedis.java:2680)
	at cn.stu.cache.redis.RedisPubSubClusterPolicy.lambda$connect$0(RedisPubSubClusterPolicy.java:115)
	at java.lang.Thread.run(Thread.java:748)
cn.stu.cache.CacheException: Undefined [default] caffeine cache
	at cn.stu.cache.caffeine.CaffeineProvider.lambda$buildCache$1(CaffeineProvider.java:70)
	at java.util.concurrent.ConcurrentHashMap.computeIfAbsent(ConcurrentHashMap.java:1660)
	at cn.stu.cache.caffeine.CaffeineProvider.buildCache(CaffeineProvider.java:65)
[RedisSubscribeThread] ERROR cn.stu.cache.cluster.ClusterPolicy - Failed to handle received msg
	at cn.stu.cache.CacheProviderHolder.getLevel1Cache(CacheProviderHolder.java:108)
	at cn.stu.cache.redis.RedisPubSubClusterPolicy.evict(RedisPubSubClusterPolicy.java:89)
	at cn.stu.cache.cluster.ClusterPolicy.handleCommand(ClusterPolicy.java:102)
	at cn.stu.cache.redis.RedisPubSubClusterPolicy.onMessage(RedisPubSubClusterPolicy.java:167)
	at redis.clients.jedis.JedisPubSub.process(JedisPubSub.java:142)
	at redis.clients.jedis.JedisPubSub.proceed(JedisPubSub.java:115)
	at redis.clients.jedis.Jedis.subscribe(Jedis.java:2680)
	at cn.stu.cache.redis.RedisPubSubClusterPolicy.lambda$connect$0(RedisPubSubClusterPolicy.java:115)
	at java.lang.Thread.run(Thread.java:748)
cn.stu.cache.CacheException: Undefined [default] caffeine cache
	at cn.stu.cache.caffeine.CaffeineProvider.lambda$buildCache$1(CaffeineProvider.java:70)
	at java.util.concurrent.ConcurrentHashMap.computeIfAbsent(ConcurrentHashMap.java:1660)
	at cn.stu.cache.caffeine.CaffeineProvider.buildCache(CaffeineProvider.java:65)
	at cn.stu.cache.CacheProviderHolder.getLevel1Cache(CacheProviderHolder.java:108)
	at cn.stu.cache.redis.RedisPubSubClusterPolicy.evict(RedisPubSubClusterPolicy.java:89)
	at cn.stu.cache.cluster.ClusterPolicy.handleCommand(ClusterPolicy.java:102)
	at cn.stu.cache.redis.RedisPubSubClusterPolicy.onMessage(RedisPubSubClusterPolicy.java:167)
	at redis.clients.jedis.JedisPubSub.process(JedisPubSub.java:142)
	at redis.clients.jedis.JedisPubSub.proceed(JedisPubSub.java:115)
	at redis.clients.jedis.Jedis.subscribe(Jedis.java:2680)
	at cn.stu.cache.redis.RedisPubSubClusterPolicy.lambda$connect$0(RedisPubSubClusterPolicy.java:115)
	at java.lang.Thread.run(Thread.java:748)
[RedisSubscribeThread] ERROR cn.stu.cache.cluster.ClusterPolicy - Failed to handle received msg
cn.stu.cache.CacheException: Undefined [default] caffeine cache
	at cn.stu.cache.caffeine.CaffeineProvider.lambda$buildCache$1(CaffeineProvider.java:70)
	at java.util.concurrent.ConcurrentHashMap.computeIfAbsent(ConcurrentHashMap.java:1660)
	at cn.stu.cache.caffeine.CaffeineProvider.buildCache(CaffeineProvider.java:65)
	at cn.stu.cache.CacheProviderHolder.getLevel1Cache(CacheProviderHolder.java:108)
	at cn.stu.cache.redis.RedisPubSubClusterPolicy.clear(RedisPubSubClusterPolicy.java:98)
	at cn.stu.cache.cluster.ClusterPolicy.handleCommand(ClusterPolicy.java:106)
[RedisSubscribeThread] ERROR cn.stu.cache.cluster.ClusterPolicy - Failed to handle received msg
	at cn.stu.cache.redis.RedisPubSubClusterPolicy.onMessage(RedisPubSubClusterPolicy.java:167)
	at redis.clients.jedis.JedisPubSub.process(JedisPubSub.java:142)
	at redis.clients.jedis.JedisPubSub.proceed(JedisPubSub.java:115)
	at redis.clients.jedis.Jedis.subscribe(Jedis.java:2680)
	at cn.stu.cache.redis.RedisPubSubClusterPolicy.lambda$connect$0(RedisPubSubClusterPolicy.java:115)
	at java.lang.Thread.run(Thread.java:748)
cn.stu.cache.CacheException: Undefined [default] caffeine cache
	at cn.stu.cache.caffeine.CaffeineProvider.lambda$buildCache$1(CaffeineProvider.java:70)
	at java.util.concurrent.ConcurrentHashMap.computeIfAbsent(ConcurrentHashMap.java:1660)
	at cn.stu.cache.caffeine.CaffeineProvider.buildCache(CaffeineProvider.java:65)
	at cn.stu.cache.CacheProviderHolder.getLevel1Cache(CacheProviderHolder.java:108)
	at cn.stu.cache.redis.RedisPubSubClusterPolicy.clear(RedisPubSubClusterPolicy.java:98)
	at cn.stu.cache.cluster.ClusterPolicy.handleCommand(ClusterPolicy.java:106)
	at cn.stu.cache.redis.RedisPubSubClusterPolicy.onMessage(RedisPubSubClusterPolicy.java:167)
	at redis.clients.jedis.JedisPubSub.process(JedisPubSub.java:142)
	at redis.clients.jedis.JedisPubSub.proceed(JedisPubSub.java:115)
	at redis.clients.jedis.Jedis.subscribe(Jedis.java:2680)
	at cn.stu.cache.redis.RedisPubSubClusterPolicy.lambda$connect$0(RedisPubSubClusterPolicy.java:115)
	at java.lang.Thread.run(Thread.java:748)
[RedisSubscribeThread] ERROR cn.stu.cache.cluster.ClusterPolicy - Failed to handle received msg
[RedisSubscribeThread] ERROR cn.stu.cache.cluster.ClusterPolicy - Failed to handle received msg
cn.stu.cache.CacheException: Undefined [default] caffeine cache
	at cn.stu.cache.caffeine.CaffeineProvider.lambda$buildCache$1(CaffeineProvider.java:70)
	at java.util.concurrent.ConcurrentHashMap.computeIfAbsent(ConcurrentHashMap.java:1660)
	at cn.stu.cache.caffeine.CaffeineProvider.buildCache(CaffeineProvider.java:65)
	at cn.stu.cache.CacheProviderHolder.getLevel1Cache(CacheProviderHolder.java:108)
	at cn.stu.cache.redis.RedisPubSubClusterPolicy.clear(RedisPubSubClusterPolicy.java:98)
	at cn.stu.cache.cluster.ClusterPolicy.handleCommand(ClusterPolicy.java:106)
	at cn.stu.cache.redis.RedisPubSubClusterPolicy.onMessage(RedisPubSubClusterPolicy.java:167)
	at redis.clients.jedis.JedisPubSub.process(JedisPubSub.java:142)
	at redis.clients.jedis.JedisPubSub.proceed(JedisPubSub.java:115)
	at redis.clients.jedis.Jedis.subscribe(Jedis.java:2680)
	at cn.stu.cache.redis.RedisPubSubClusterPolicy.lambda$connect$0(RedisPubSubClusterPolicy.java:115)
	at java.lang.Thread.run(Thread.java:748)
cn.stu.cache.CacheException: Undefined [default] caffeine cache
	at cn.stu.cache.caffeine.CaffeineProvider.lambda$buildCache$1(CaffeineProvider.java:70)
	at java.util.concurrent.ConcurrentHashMap.computeIfAbsent(ConcurrentHashMap.java:1660)
	at cn.stu.cache.caffeine.CaffeineProvider.buildCache(CaffeineProvider.java:65)
	at cn.stu.cache.CacheProviderHolder.getLevel1Cache(CacheProviderHolder.java:108)
	at cn.stu.cache.redis.RedisPubSubClusterPolicy.clear(RedisPubSubClusterPolicy.java:98)
	at cn.stu.cache.cluster.ClusterPolicy.handleCommand(ClusterPolicy.java:106)
	at cn.stu.cache.redis.RedisPubSubClusterPolicy.onMessage(RedisPubSubClusterPolicy.java:167)
	at redis.clients.jedis.JedisPubSub.process(JedisPubSub.java:142)
	at redis.clients.jedis.JedisPubSub.proceed(JedisPubSub.java:115)
	at redis.clients.jedis.Jedis.subscribe(Jedis.java:2680)
	at cn.stu.cache.redis.RedisPubSubClusterPolicy.lambda$connect$0(RedisPubSubClusterPolicy.java:115)
	at java.lang.Thread.run(Thread.java:748)
[RedisSubscribeThread] ERROR cn.stu.cache.cluster.ClusterPolicy - Failed to handle received msg
cn.stu.cache.CacheException: Undefined [default] caffeine cache
	at cn.stu.cache.caffeine.CaffeineProvider.lambda$buildCache$1(CaffeineProvider.java:70)
	at java.util.concurrent.ConcurrentHashMap.computeIfAbsent(ConcurrentHashMap.java:1660)
	at cn.stu.cache.caffeine.CaffeineProvider.buildCache(CaffeineProvider.java:65)
	at cn.stu.cache.CacheProviderHolder.getLevel1Cache(CacheProviderHolder.java:108)
	at cn.stu.cache.redis.RedisPubSubClusterPolicy.clear(RedisPubSubClusterPolicy.java:98)
	at cn.stu.cache.cluster.ClusterPolicy.handleCommand(ClusterPolicy.java:106)
	at cn.stu.cache.redis.RedisPubSubClusterPolicy.onMessage(RedisPubSubClusterPolicy.java:167)
	at redis.clients.jedis.JedisPubSub.process(JedisPubSub.java:142)
	at redis.clients.jedis.JedisPubSub.proceed(JedisPubSub.java:115)
	at redis.clients.jedis.Jedis.subscribe(Jedis.java:2680)
	at cn.stu.cache.redis.RedisPubSubClusterPolicy.lambda$connect$0(RedisPubSubClusterPolicy.java:115)
	at java.lang.Thread.run(Thread.java:748)
[RedisSubscribeThread] ERROR cn.stu.cache.cluster.ClusterPolicy - Failed to handle received msg
cn.stu.cache.CacheException: Undefined [default] caffeine cache
	at cn.stu.cache.caffeine.CaffeineProvider.lambda$buildCache$1(CaffeineProvider.java:70)
	at java.util.concurrent.ConcurrentHashMap.computeIfAbsent(ConcurrentHashMap.java:1660)
	at cn.stu.cache.caffeine.CaffeineProvider.buildCache(CaffeineProvider.java:65)
	at cn.stu.cache.CacheProviderHolder.getLevel1Cache(CacheProviderHolder.java:108)
	at cn.stu.cache.redis.RedisPubSubClusterPolicy.clear(RedisPubSubClusterPolicy.java:98)
	at cn.stu.cache.cluster.ClusterPolicy.handleCommand(ClusterPolicy.java:106)
[RedisSubscribeThread] ERROR cn.stu.cache.cluster.ClusterPolicy - Failed to handle received msg
	at cn.stu.cache.redis.RedisPubSubClusterPolicy.onMessage(RedisPubSubClusterPolicy.java:167)
	at redis.clients.jedis.JedisPubSub.process(JedisPubSub.java:142)
	at redis.clients.jedis.JedisPubSub.proceed(JedisPubSub.java:115)
	at redis.clients.jedis.Jedis.subscribe(Jedis.java:2680)
	at cn.stu.cache.redis.RedisPubSubClusterPolicy.lambda$connect$0(RedisPubSubClusterPolicy.java:115)
[RedisSubscribeThread] ERROR cn.stu.cache.cluster.ClusterPolicy - Failed to handle received msg
	at java.lang.Thread.run(Thread.java:748)
cn.stu.cache.CacheException: Undefined [default] caffeine cache
	at cn.stu.cache.caffeine.CaffeineProvider.lambda$buildCache$1(CaffeineProvider.java:70)
	at java.util.concurrent.ConcurrentHashMap.computeIfAbsent(ConcurrentHashMap.java:1660)
	at cn.stu.cache.caffeine.CaffeineProvider.buildCache(CaffeineProvider.java:65)
	at cn.stu.cache.CacheProviderHolder.getLevel1Cache(CacheProviderHolder.java:108)
	at cn.stu.cache.redis.RedisPubSubClusterPolicy.clear(RedisPubSubClusterPolicy.java:98)
	at cn.stu.cache.cluster.ClusterPolicy.handleCommand(ClusterPolicy.java:106)
	at cn.stu.cache.redis.RedisPubSubClusterPolicy.onMessage(RedisPubSubClusterPolicy.java:167)
	at redis.clients.jedis.JedisPubSub.process(JedisPubSub.java:142)
	at redis.clients.jedis.JedisPubSub.proceed(JedisPubSub.java:115)
	at redis.clients.jedis.Jedis.subscribe(Jedis.java:2680)
	at cn.stu.cache.redis.RedisPubSubClusterPolicy.lambda$connect$0(RedisPubSubClusterPolicy.java:115)
	at java.lang.Thread.run(Thread.java:748)
cn.stu.cache.CacheException: Undefined [default] caffeine cache
	at cn.stu.cache.caffeine.CaffeineProvider.lambda$buildCache$1(CaffeineProvider.java:70)
	at java.util.concurrent.ConcurrentHashMap.computeIfAbsent(ConcurrentHashMap.java:1660)
	at cn.stu.cache.caffeine.CaffeineProvider.buildCache(CaffeineProvider.java:65)
	at cn.stu.cache.CacheProviderHolder.getLevel1Cache(CacheProviderHolder.java:108)
	at cn.stu.cache.redis.RedisPubSubClusterPolicy.clear(RedisPubSubClusterPolicy.java:98)
	at cn.stu.cache.cluster.ClusterPolicy.handleCommand(ClusterPolicy.java:106)
	at cn.stu.cache.redis.RedisPubSubClusterPolicy.onMessage(RedisPubSubClusterPolicy.java:167)
	at redis.clients.jedis.JedisPubSub.process(JedisPubSub.java:142)
	at redis.clients.jedis.JedisPubSub.proceed(JedisPubSub.java:115)
	at redis.clients.jedis.Jedis.subscribe(Jedis.java:2680)
	at cn.stu.cache.redis.RedisPubSubClusterPolicy.lambda$connect$0(RedisPubSubClusterPolicy.java:115)
	at java.lang.Thread.run(Thread.java:748)
[RedisSubscribeThread] INFO cn.stu.cache.cluster.ClusterPolicy - Node-8352701 quit !
[RedisSubscribeThread] INFO cn.stu.cache.cluster.ClusterPolicy - Node-8352701 quit !
[RedisSubscribeThread] INFO cn.stu.cache.cluster.ClusterPolicy - Node-8352701 quit !
[RedisSubscribeThread] INFO cn.stu.cache.cluster.ClusterPolicy - Node-8352701 quit !
[RedisSubscribeThread] INFO cn.stu.cache.redis.RedisPubSubClusterPolicy - Disconnect to redis channel: j2cache
[Test worker] INFO cn.stu.cache.util.SerializationUtils - Using Serializer -> [json:cn.stu.cache.util.FstJSONSerializer]
[Test worker] INFO cn.stu.cache.CacheProviderHolder - Using L1 CacheProvider : cn.stu.cache.caffeine.CaffeineProvider
[Test worker] INFO cn.stu.cache.redis.RedisCacheProvider - Redis client starts with mode(single),db(0),storage(generic),namespace(),time(10ms)
[Test worker] INFO cn.stu.cache.CacheProviderHolder - Using L2 CacheProvider : cn.stu.cache.redis.RedisCacheProvider
[RedisSubscribeThread] INFO cn.stu.cache.cluster.ClusterPolicy - Node-6894778 joined !
[RedisSubscribeThread] INFO cn.stu.cache.cluster.ClusterPolicy - Node-6894778 joined !
[RedisSubscribeThread] INFO cn.stu.cache.cluster.ClusterPolicy - Node-6894778 joined !
[RedisSubscribeThread] INFO cn.stu.cache.cluster.ClusterPolicy - Node-6894778 joined !
[Test worker] INFO cn.stu.cache.redis.RedisPubSubClusterPolicy - Connected to redis channel:j2cache, time 3 ms.
[Test worker] INFO cn.stu.cache.ZhCacheBuilder - Using cluster policy : cn.stu.cache.redis.RedisPubSubClusterPolicy
[RedisSubscribeThread] INFO cn.stu.cache.cluster.ClusterPolicy - Node-6894778 quit !
[RedisSubscribeThread] INFO cn.stu.cache.cluster.ClusterPolicy - Node-6894778 quit !
[RedisSubscribeThread] INFO cn.stu.cache.cluster.ClusterPolicy - Node-6894778 quit !
[RedisSubscribeThread] INFO cn.stu.cache.cluster.ClusterPolicy - Node-6894778 quit !
[Test worker] INFO cn.stu.cache.util.SerializationUtils - Using Serializer -> [json:cn.stu.cache.util.FstJSONSerializer]
[Test worker] INFO cn.stu.cache.CacheProviderHolder - Using L1 CacheProvider : cn.stu.cache.caffeine.CaffeineProvider
[Test worker] INFO cn.stu.cache.redis.RedisCacheProvider - Redis client starts with mode(single),db(0),storage(generic),namespace(),time(16ms)
[Test worker] INFO cn.stu.cache.CacheProviderHolder - Using L2 CacheProvider : cn.stu.cache.redis.RedisCacheProvider
[RedisSubscribeThread] INFO cn.stu.cache.cluster.ClusterPolicy - Node-4017807 joined !
[RedisSubscribeThread] INFO cn.stu.cache.cluster.ClusterPolicy - Node-4017807 joined !
[RedisSubscribeThread] INFO cn.stu.cache.cluster.ClusterPolicy - Node-4017807 joined !
[RedisSubscribeThread] INFO cn.stu.cache.cluster.ClusterPolicy - Node-4017807 joined !
[RedisSubscribeThread] INFO cn.stu.cache.cluster.ClusterPolicy - Node-4017807 joined !
[Test worker] INFO cn.stu.cache.redis.RedisPubSubClusterPolicy - Connected to redis channel:j2cache, time 5 ms.
[Test worker] INFO cn.stu.cache.ZhCacheBuilder - Using cluster policy : cn.stu.cache.redis.RedisPubSubClusterPolicy
[Test worker] WARN cn.stu.cache.caffeine.CaffeineProvider - Caffeine cache [R0] not defined, using default.
[RedisSubscribeThread] ERROR cn.stu.cache.cluster.ClusterPolicy - Failed to handle received msg
cn.stu.cache.CacheException: Undefined [default] caffeine cache
	at cn.stu.cache.caffeine.CaffeineProvider.lambda$buildCache$1(CaffeineProvider.java:70)
	at java.util.concurrent.ConcurrentHashMap.computeIfAbsent(ConcurrentHashMap.java:1660)
	at cn.stu.cache.caffeine.CaffeineProvider.buildCache(CaffeineProvider.java:65)
	at cn.stu.cache.CacheProviderHolder.getLevel1Cache(CacheProviderHolder.java:108)
	at cn.stu.cache.redis.RedisPubSubClusterPolicy.evict(RedisPubSubClusterPolicy.java:89)
	at cn.stu.cache.cluster.ClusterPolicy.handleCommand(ClusterPolicy.java:102)
	at cn.stu.cache.redis.RedisPubSubClusterPolicy.onMessage(RedisPubSubClusterPolicy.java:167)
	at redis.clients.jedis.JedisPubSub.process(JedisPubSub.java:142)
	at redis.clients.jedis.JedisPubSub.proceed(JedisPubSub.java:115)
	at redis.clients.jedis.Jedis.subscribe(Jedis.java:2680)
	at cn.stu.cache.redis.RedisPubSubClusterPolicy.lambda$connect$0(RedisPubSubClusterPolicy.java:115)
	at java.lang.Thread.run(Thread.java:748)
[RedisSubscribeThread] ERROR cn.stu.cache.cluster.ClusterPolicy - Failed to handle received msg
cn.stu.cache.CacheException: Undefined [default] caffeine cache
[RedisSubscribeThread] ERROR cn.stu.cache.cluster.ClusterPolicy - Failed to handle received msg
	at cn.stu.cache.caffeine.CaffeineProvider.lambda$buildCache$1(CaffeineProvider.java:70)
	at java.util.concurrent.ConcurrentHashMap.computeIfAbsent(ConcurrentHashMap.java:1660)
	at cn.stu.cache.caffeine.CaffeineProvider.buildCache(CaffeineProvider.java:65)
	at cn.stu.cache.CacheProviderHolder.getLevel1Cache(CacheProviderHolder.java:108)
	at cn.stu.cache.redis.RedisPubSubClusterPolicy.evict(RedisPubSubClusterPolicy.java:89)
	at cn.stu.cache.cluster.ClusterPolicy.handleCommand(ClusterPolicy.java:102)
	at cn.stu.cache.redis.RedisPubSubClusterPolicy.onMessage(RedisPubSubClusterPolicy.java:167)
	at redis.clients.jedis.JedisPubSub.process(JedisPubSub.java:142)
	at redis.clients.jedis.JedisPubSub.proceed(JedisPubSub.java:115)
	at redis.clients.jedis.Jedis.subscribe(Jedis.java:2680)
	at cn.stu.cache.redis.RedisPubSubClusterPolicy.lambda$connect$0(RedisPubSubClusterPolicy.java:115)
	at java.lang.Thread.run(Thread.java:748)
cn.stu.cache.CacheException: Undefined [default] caffeine cache
	at cn.stu.cache.caffeine.CaffeineProvider.lambda$buildCache$1(CaffeineProvider.java:70)
	at java.util.concurrent.ConcurrentHashMap.computeIfAbsent(ConcurrentHashMap.java:1660)
	at cn.stu.cache.caffeine.CaffeineProvider.buildCache(CaffeineProvider.java:65)
	at cn.stu.cache.CacheProviderHolder.getLevel1Cache(CacheProviderHolder.java:108)
	at cn.stu.cache.redis.RedisPubSubClusterPolicy.evict(RedisPubSubClusterPolicy.java:89)
	at cn.stu.cache.cluster.ClusterPolicy.handleCommand(ClusterPolicy.java:102)
	at cn.stu.cache.redis.RedisPubSubClusterPolicy.onMessage(RedisPubSubClusterPolicy.java:167)
	at redis.clients.jedis.JedisPubSub.process(JedisPubSub.java:142)
	at redis.clients.jedis.JedisPubSub.proceed(JedisPubSub.java:115)
	at redis.clients.jedis.Jedis.subscribe(Jedis.java:2680)
	at cn.stu.cache.redis.RedisPubSubClusterPolicy.lambda$connect$0(RedisPubSubClusterPolicy.java:115)
	at java.lang.Thread.run(Thread.java:748)
[RedisSubscribeThread] ERROR cn.stu.cache.cluster.ClusterPolicy - Failed to handle received msg
cn.stu.cache.CacheException: Undefined [default] caffeine cache
	at cn.stu.cache.caffeine.CaffeineProvider.lambda$buildCache$1(CaffeineProvider.java:70)
	at java.util.concurrent.ConcurrentHashMap.computeIfAbsent(ConcurrentHashMap.java:1660)
	at cn.stu.cache.caffeine.CaffeineProvider.buildCache(CaffeineProvider.java:65)
	at cn.stu.cache.CacheProviderHolder.getLevel1Cache(CacheProviderHolder.java:108)
	at cn.stu.cache.redis.RedisPubSubClusterPolicy.evict(RedisPubSubClusterPolicy.java:89)
	at cn.stu.cache.cluster.ClusterPolicy.handleCommand(ClusterPolicy.java:102)
	at cn.stu.cache.redis.RedisPubSubClusterPolicy.onMessage(RedisPubSubClusterPolicy.java:167)
	at redis.clients.jedis.JedisPubSub.process(JedisPubSub.java:142)
	at redis.clients.jedis.JedisPubSub.proceed(JedisPubSub.java:115)
	at redis.clients.jedis.Jedis.subscribe(Jedis.java:2680)
	at cn.stu.cache.redis.RedisPubSubClusterPolicy.lambda$connect$0(RedisPubSubClusterPolicy.java:115)
	at java.lang.Thread.run(Thread.java:748)
[Test worker] WARN cn.stu.cache.caffeine.CaffeineProvider - Caffeine cache [R1] not defined, using default.
[RedisSubscribeThread] ERROR cn.stu.cache.cluster.ClusterPolicy - Failed to handle received msg
cn.stu.cache.CacheException: Undefined [default] caffeine cache
	at cn.stu.cache.caffeine.CaffeineProvider.lambda$buildCache$1(CaffeineProvider.java:70)
	at java.util.concurrent.ConcurrentHashMap.computeIfAbsent(ConcurrentHashMap.java:1660)
	at cn.stu.cache.caffeine.CaffeineProvider.buildCache(CaffeineProvider.java:65)
	at cn.stu.cache.CacheProviderHolder.getLevel1Cache(CacheProviderHolder.java:108)
	at cn.stu.cache.redis.RedisPubSubClusterPolicy.evict(RedisPubSubClusterPolicy.java:89)
	at cn.stu.cache.cluster.ClusterPolicy.handleCommand(ClusterPolicy.java:102)
	at cn.stu.cache.redis.RedisPubSubClusterPolicy.onMessage(RedisPubSubClusterPolicy.java:167)
	at redis.clients.jedis.JedisPubSub.process(JedisPubSub.java:142)
	at redis.clients.jedis.JedisPubSub.proceed(JedisPubSub.java:115)
	at redis.clients.jedis.Jedis.subscribe(Jedis.java:2680)
	at cn.stu.cache.redis.RedisPubSubClusterPolicy.lambda$connect$0(RedisPubSubClusterPolicy.java:115)
	at java.lang.Thread.run(Thread.java:748)
[RedisSubscribeThread] ERROR cn.stu.cache.cluster.ClusterPolicy - Failed to handle received msg
cn.stu.cache.CacheException: Undefined [default] caffeine cache
	at cn.stu.cache.caffeine.CaffeineProvider.lambda$buildCache$1(CaffeineProvider.java:70)
	at java.util.concurrent.ConcurrentHashMap.computeIfAbsent(ConcurrentHashMap.java:1660)
	at cn.stu.cache.caffeine.CaffeineProvider.buildCache(CaffeineProvider.java:65)
	at cn.stu.cache.CacheProviderHolder.getLevel1Cache(CacheProviderHolder.java:108)
	at cn.stu.cache.redis.RedisPubSubClusterPolicy.evict(RedisPubSubClusterPolicy.java:89)
	at cn.stu.cache.cluster.ClusterPolicy.handleCommand(ClusterPolicy.java:102)
	at cn.stu.cache.redis.RedisPubSubClusterPolicy.onMessage(RedisPubSubClusterPolicy.java:167)
	at redis.clients.jedis.JedisPubSub.process(JedisPubSub.java:142)
	at redis.clients.jedis.JedisPubSub.proceed(JedisPubSub.java:115)
	at redis.clients.jedis.Jedis.subscribe(Jedis.java:2680)
	at cn.stu.cache.redis.RedisPubSubClusterPolicy.lambda$connect$0(RedisPubSubClusterPolicy.java:115)
	at java.lang.Thread.run(Thread.java:748)
[RedisSubscribeThread] ERROR cn.stu.cache.cluster.ClusterPolicy - Failed to handle received msg
cn.stu.cache.CacheException: Undefined [default] caffeine cache
	at cn.stu.cache.caffeine.CaffeineProvider.lambda$buildCache$1(CaffeineProvider.java:70)
	at java.util.concurrent.ConcurrentHashMap.computeIfAbsent(ConcurrentHashMap.java:1660)
	at cn.stu.cache.caffeine.CaffeineProvider.buildCache(CaffeineProvider.java:65)
	at cn.stu.cache.CacheProviderHolder.getLevel1Cache(CacheProviderHolder.java:108)
	at cn.stu.cache.redis.RedisPubSubClusterPolicy.evict(RedisPubSubClusterPolicy.java:89)
	at cn.stu.cache.cluster.ClusterPolicy.handleCommand(ClusterPolicy.java:102)
	at cn.stu.cache.redis.RedisPubSubClusterPolicy.onMessage(RedisPubSubClusterPolicy.java:167)
	at redis.clients.jedis.JedisPubSub.process(JedisPubSub.java:142)
	at redis.clients.jedis.JedisPubSub.proceed(JedisPubSub.java:115)
	at redis.clients.jedis.Jedis.subscribe(Jedis.java:2680)
	at cn.stu.cache.redis.RedisPubSubClusterPolicy.lambda$connect$0(RedisPubSubClusterPolicy.java:115)
	at java.lang.Thread.run(Thread.java:748)
[RedisSubscribeThread] ERROR cn.stu.cache.cluster.ClusterPolicy - Failed to handle received msg
cn.stu.cache.CacheException: Undefined [default] caffeine cache
	at cn.stu.cache.caffeine.CaffeineProvider.lambda$buildCache$1(CaffeineProvider.java:70)
	at java.util.concurrent.ConcurrentHashMap.computeIfAbsent(ConcurrentHashMap.java:1660)
	at cn.stu.cache.caffeine.CaffeineProvider.buildCache(CaffeineProvider.java:65)
	at cn.stu.cache.CacheProviderHolder.getLevel1Cache(CacheProviderHolder.java:108)
	at cn.stu.cache.redis.RedisPubSubClusterPolicy.evict(RedisPubSubClusterPolicy.java:89)
	at cn.stu.cache.cluster.ClusterPolicy.handleCommand(ClusterPolicy.java:102)
	at cn.stu.cache.redis.RedisPubSubClusterPolicy.onMessage(RedisPubSubClusterPolicy.java:167)
	at redis.clients.jedis.JedisPubSub.process(JedisPubSub.java:142)
	at redis.clients.jedis.JedisPubSub.proceed(JedisPubSub.java:115)
	at redis.clients.jedis.Jedis.subscribe(Jedis.java:2680)
	at cn.stu.cache.redis.RedisPubSubClusterPolicy.lambda$connect$0(RedisPubSubClusterPolicy.java:115)
	at java.lang.Thread.run(Thread.java:748)
[RedisSubscribeThread] ERROR cn.stu.cache.cluster.ClusterPolicy - Failed to handle received msg
cn.stu.cache.CacheException: Undefined [default] caffeine cache
	at cn.stu.cache.caffeine.CaffeineProvider.lambda$buildCache$1(CaffeineProvider.java:70)
	at java.util.concurrent.ConcurrentHashMap.computeIfAbsent(ConcurrentHashMap.java:1660)
	at cn.stu.cache.caffeine.CaffeineProvider.buildCache(CaffeineProvider.java:65)
	at cn.stu.cache.CacheProviderHolder.getLevel1Cache(CacheProviderHolder.java:108)
	at cn.stu.cache.redis.RedisPubSubClusterPolicy.evict(RedisPubSubClusterPolicy.java:89)
	at cn.stu.cache.cluster.ClusterPolicy.handleCommand(ClusterPolicy.java:102)
	at cn.stu.cache.redis.RedisPubSubClusterPolicy.onMessage(RedisPubSubClusterPolicy.java:167)
	at redis.clients.jedis.JedisPubSub.process(JedisPubSub.java:142)
	at redis.clients.jedis.JedisPubSub.proceed(JedisPubSub.java:115)
	at redis.clients.jedis.Jedis.subscribe(Jedis.java:2680)
	at cn.stu.cache.redis.RedisPubSubClusterPolicy.lambda$connect$0(RedisPubSubClusterPolicy.java:115)
	at java.lang.Thread.run(Thread.java:748)
[Test worker] WARN cn.stu.cache.caffeine.CaffeineProvider - Caffeine cache [R2] not defined, using default.
[RedisSubscribeThread] ERROR cn.stu.cache.cluster.ClusterPolicy - Failed to handle received msg
cn.stu.cache.CacheException: Undefined [default] caffeine cache
	at cn.stu.cache.caffeine.CaffeineProvider.lambda$buildCache$1(CaffeineProvider.java:70)
	at java.util.concurrent.ConcurrentHashMap.computeIfAbsent(ConcurrentHashMap.java:1660)
	at cn.stu.cache.caffeine.CaffeineProvider.buildCache(CaffeineProvider.java:65)
	at cn.stu.cache.CacheProviderHolder.getLevel1Cache(CacheProviderHolder.java:108)
	at cn.stu.cache.redis.RedisPubSubClusterPolicy.evict(RedisPubSubClusterPolicy.java:89)
	at cn.stu.cache.cluster.ClusterPolicy.handleCommand(ClusterPolicy.java:102)
	at cn.stu.cache.redis.RedisPubSubClusterPolicy.onMessage(RedisPubSubClusterPolicy.java:167)
	at redis.clients.jedis.JedisPubSub.process(JedisPubSub.java:142)
	at redis.clients.jedis.JedisPubSub.proceed(JedisPubSub.java:115)
	at redis.clients.jedis.Jedis.subscribe(Jedis.java:2680)
	at cn.stu.cache.redis.RedisPubSubClusterPolicy.lambda$connect$0(RedisPubSubClusterPolicy.java:115)
	at java.lang.Thread.run(Thread.java:748)
[RedisSubscribeThread] ERROR cn.stu.cache.cluster.ClusterPolicy - Failed to handle received msg
cn.stu.cache.CacheException: Undefined [default] caffeine cache
	at cn.stu.cache.caffeine.CaffeineProvider.lambda$buildCache$1(CaffeineProvider.java:70)
	at java.util.concurrent.ConcurrentHashMap.computeIfAbsent(ConcurrentHashMap.java:1660)
	at cn.stu.cache.caffeine.CaffeineProvider.buildCache(CaffeineProvider.java:65)
	at cn.stu.cache.CacheProviderHolder.getLevel1Cache(CacheProviderHolder.java:108)
	at cn.stu.cache.redis.RedisPubSubClusterPolicy.evict(RedisPubSubClusterPolicy.java:89)
	at cn.stu.cache.cluster.ClusterPolicy.handleCommand(ClusterPolicy.java:102)
	at cn.stu.cache.redis.RedisPubSubClusterPolicy.onMessage(RedisPubSubClusterPolicy.java:167)
	at redis.clients.jedis.JedisPubSub.process(JedisPubSub.java:142)
	at redis.clients.jedis.JedisPubSub.proceed(JedisPubSub.java:115)
	at redis.clients.jedis.Jedis.subscribe(Jedis.java:2680)
	at cn.stu.cache.redis.RedisPubSubClusterPolicy.lambda$connect$0(RedisPubSubClusterPolicy.java:115)
	at java.lang.Thread.run(Thread.java:748)
[RedisSubscribeThread] ERROR cn.stu.cache.cluster.ClusterPolicy - Failed to handle received msg
cn.stu.cache.CacheException: Undefined [default] caffeine cache
	at cn.stu.cache.caffeine.CaffeineProvider.lambda$buildCache$1(CaffeineProvider.java:70)
	at java.util.concurrent.ConcurrentHashMap.computeIfAbsent(ConcurrentHashMap.java:1660)
	at cn.stu.cache.caffeine.CaffeineProvider.buildCache(CaffeineProvider.java:65)
	at cn.stu.cache.CacheProviderHolder.getLevel1Cache(CacheProviderHolder.java:108)
	at cn.stu.cache.redis.RedisPubSubClusterPolicy.evict(RedisPubSubClusterPolicy.java:89)
	at cn.stu.cache.cluster.ClusterPolicy.handleCommand(ClusterPolicy.java:102)
	at cn.stu.cache.redis.RedisPubSubClusterPolicy.onMessage(RedisPubSubClusterPolicy.java:167)
	at redis.clients.jedis.JedisPubSub.process(JedisPubSub.java:142)
	at redis.clients.jedis.JedisPubSub.proceed(JedisPubSub.java:115)
	at redis.clients.jedis.Jedis.subscribe(Jedis.java:2680)
	at cn.stu.cache.redis.RedisPubSubClusterPolicy.lambda$connect$0(RedisPubSubClusterPolicy.java:115)
	at java.lang.Thread.run(Thread.java:748)
[RedisSubscribeThread] ERROR cn.stu.cache.cluster.ClusterPolicy - Failed to handle received msg
cn.stu.cache.CacheException: Undefined [default] caffeine cache
	at cn.stu.cache.caffeine.CaffeineProvider.lambda$buildCache$1(CaffeineProvider.java:70)
	at java.util.concurrent.ConcurrentHashMap.computeIfAbsent(ConcurrentHashMap.java:1660)
	at cn.stu.cache.caffeine.CaffeineProvider.buildCache(CaffeineProvider.java:65)
	at cn.stu.cache.CacheProviderHolder.getLevel1Cache(CacheProviderHolder.java:108)
	at cn.stu.cache.redis.RedisPubSubClusterPolicy.evict(RedisPubSubClusterPolicy.java:89)
	at cn.stu.cache.cluster.ClusterPolicy.handleCommand(ClusterPolicy.java:102)
	at cn.stu.cache.redis.RedisPubSubClusterPolicy.onMessage(RedisPubSubClusterPolicy.java:167)
	at redis.clients.jedis.JedisPubSub.process(JedisPubSub.java:142)
	at redis.clients.jedis.JedisPubSub.proceed(JedisPubSub.java:115)
	at redis.clients.jedis.Jedis.subscribe(Jedis.java:2680)
	at cn.stu.cache.redis.RedisPubSubClusterPolicy.lambda$connect$0(RedisPubSubClusterPolicy.java:115)
	at java.lang.Thread.run(Thread.java:748)
[RedisSubscribeThread] ERROR cn.stu.cache.cluster.ClusterPolicy - Failed to handle received msg
cn.stu.cache.CacheException: Undefined [default] caffeine cache
	at cn.stu.cache.caffeine.CaffeineProvider.lambda$buildCache$1(CaffeineProvider.java:70)
	at java.util.concurrent.ConcurrentHashMap.computeIfAbsent(ConcurrentHashMap.java:1660)
	at cn.stu.cache.caffeine.CaffeineProvider.buildCache(CaffeineProvider.java:65)
	at cn.stu.cache.CacheProviderHolder.getLevel1Cache(CacheProviderHolder.java:108)
	at cn.stu.cache.redis.RedisPubSubClusterPolicy.evict(RedisPubSubClusterPolicy.java:89)
	at cn.stu.cache.cluster.ClusterPolicy.handleCommand(ClusterPolicy.java:102)
	at cn.stu.cache.redis.RedisPubSubClusterPolicy.onMessage(RedisPubSubClusterPolicy.java:167)
	at redis.clients.jedis.JedisPubSub.process(JedisPubSub.java:142)
	at redis.clients.jedis.JedisPubSub.proceed(JedisPubSub.java:115)
	at redis.clients.jedis.Jedis.subscribe(Jedis.java:2680)
	at cn.stu.cache.redis.RedisPubSubClusterPolicy.lambda$connect$0(RedisPubSubClusterPolicy.java:115)
	at java.lang.Thread.run(Thread.java:748)
[RedisSubscribeThread] ERROR cn.stu.cache.cluster.ClusterPolicy - Failed to handle received msg
cn.stu.cache.CacheException: Undefined [default] caffeine cache
	at cn.stu.cache.caffeine.CaffeineProvider.lambda$buildCache$1(CaffeineProvider.java:70)
	at java.util.concurrent.ConcurrentHashMap.computeIfAbsent(ConcurrentHashMap.java:1660)
	at cn.stu.cache.caffeine.CaffeineProvider.buildCache(CaffeineProvider.java:65)
	at cn.stu.cache.CacheProviderHolder.getLevel1Cache(CacheProviderHolder.java:108)
	at cn.stu.cache.redis.RedisPubSubClusterPolicy.evict(RedisPubSubClusterPolicy.java:89)
	at cn.stu.cache.cluster.ClusterPolicy.handleCommand(ClusterPolicy.java:102)
	at cn.stu.cache.redis.RedisPubSubClusterPolicy.onMessage(RedisPubSubClusterPolicy.java:167)
	at redis.clients.jedis.JedisPubSub.process(JedisPubSub.java:142)
	at redis.clients.jedis.JedisPubSub.proceed(JedisPubSub.java:115)
	at redis.clients.jedis.Jedis.subscribe(Jedis.java:2680)
	at cn.stu.cache.redis.RedisPubSubClusterPolicy.lambda$connect$0(RedisPubSubClusterPolicy.java:115)
	at java.lang.Thread.run(Thread.java:748)
[Test worker] WARN cn.stu.cache.caffeine.CaffeineProvider - Caffeine cache [R3] not defined, using default.
[RedisSubscribeThread] ERROR cn.stu.cache.cluster.ClusterPolicy - Failed to handle received msg
[RedisSubscribeThread] ERROR cn.stu.cache.cluster.ClusterPolicy - Failed to handle received msg
cn.stu.cache.CacheException: Undefined [default] caffeine cache
	at cn.stu.cache.caffeine.CaffeineProvider.lambda$buildCache$1(CaffeineProvider.java:70)
	at java.util.concurrent.ConcurrentHashMap.computeIfAbsent(ConcurrentHashMap.java:1660)
	at cn.stu.cache.caffeine.CaffeineProvider.buildCache(CaffeineProvider.java:65)
	at cn.stu.cache.CacheProviderHolder.getLevel1Cache(CacheProviderHolder.java:108)
	at cn.stu.cache.redis.RedisPubSubClusterPolicy.evict(RedisPubSubClusterPolicy.java:89)
	at cn.stu.cache.cluster.ClusterPolicy.handleCommand(ClusterPolicy.java:102)
	at cn.stu.cache.redis.RedisPubSubClusterPolicy.onMessage(RedisPubSubClusterPolicy.java:167)
	at redis.clients.jedis.JedisPubSub.process(JedisPubSub.java:142)
	at redis.clients.jedis.JedisPubSub.proceed(JedisPubSub.java:115)
	at redis.clients.jedis.Jedis.subscribe(Jedis.java:2680)
	at cn.stu.cache.redis.RedisPubSubClusterPolicy.lambda$connect$0(RedisPubSubClusterPolicy.java:115)
	at java.lang.Thread.run(Thread.java:748)
[RedisSubscribeThread] ERROR cn.stu.cache.cluster.ClusterPolicy - Failed to handle received msg
cn.stu.cache.CacheException: Undefined [default] caffeine cache
	at cn.stu.cache.caffeine.CaffeineProvider.lambda$buildCache$1(CaffeineProvider.java:70)
	at java.util.concurrent.ConcurrentHashMap.computeIfAbsent(ConcurrentHashMap.java:1660)
	at cn.stu.cache.caffeine.CaffeineProvider.buildCache(CaffeineProvider.java:65)
	at cn.stu.cache.CacheProviderHolder.getLevel1Cache(CacheProviderHolder.java:108)
	at cn.stu.cache.redis.RedisPubSubClusterPolicy.evict(RedisPubSubClusterPolicy.java:89)
	at cn.stu.cache.cluster.ClusterPolicy.handleCommand(ClusterPolicy.java:102)
	at cn.stu.cache.redis.RedisPubSubClusterPolicy.onMessage(RedisPubSubClusterPolicy.java:167)
	at redis.clients.jedis.JedisPubSub.process(JedisPubSub.java:142)
	at redis.clients.jedis.JedisPubSub.proceed(JedisPubSub.java:115)
	at redis.clients.jedis.Jedis.subscribe(Jedis.java:2680)
	at cn.stu.cache.redis.RedisPubSubClusterPolicy.lambda$connect$0(RedisPubSubClusterPolicy.java:115)
	at java.lang.Thread.run(Thread.java:748)
[RedisSubscribeThread] ERROR cn.stu.cache.cluster.ClusterPolicy - Failed to handle received msg
[RedisSubscribeThread] ERROR cn.stu.cache.cluster.ClusterPolicy - Failed to handle received msg
cn.stu.cache.CacheException: Undefined [default] caffeine cache
	at cn.stu.cache.caffeine.CaffeineProvider.lambda$buildCache$1(CaffeineProvider.java:70)
	at java.util.concurrent.ConcurrentHashMap.computeIfAbsent(ConcurrentHashMap.java:1660)
	at cn.stu.cache.caffeine.CaffeineProvider.buildCache(CaffeineProvider.java:65)
	at cn.stu.cache.CacheProviderHolder.getLevel1Cache(CacheProviderHolder.java:108)
	at cn.stu.cache.redis.RedisPubSubClusterPolicy.evict(RedisPubSubClusterPolicy.java:89)
	at cn.stu.cache.cluster.ClusterPolicy.handleCommand(ClusterPolicy.java:102)
	at cn.stu.cache.redis.RedisPubSubClusterPolicy.onMessage(RedisPubSubClusterPolicy.java:167)
	at redis.clients.jedis.JedisPubSub.process(JedisPubSub.java:142)
	at redis.clients.jedis.JedisPubSub.proceed(JedisPubSub.java:115)
	at redis.clients.jedis.Jedis.subscribe(Jedis.java:2680)
	at cn.stu.cache.redis.RedisPubSubClusterPolicy.lambda$connect$0(RedisPubSubClusterPolicy.java:115)
	at java.lang.Thread.run(Thread.java:748)
[Test worker] WARN cn.stu.cache.caffeine.CaffeineProvider - Caffeine cache [R4] not defined, using default.
cn.stu.cache.CacheException: Undefined [default] caffeine cache
	at cn.stu.cache.caffeine.CaffeineProvider.lambda$buildCache$1(CaffeineProvider.java:70)
	at java.util.concurrent.ConcurrentHashMap.computeIfAbsent(ConcurrentHashMap.java:1660)
	at cn.stu.cache.caffeine.CaffeineProvider.buildCache(CaffeineProvider.java:65)
	at cn.stu.cache.CacheProviderHolder.getLevel1Cache(CacheProviderHolder.java:108)
	at cn.stu.cache.redis.RedisPubSubClusterPolicy.evict(RedisPubSubClusterPolicy.java:89)
	at cn.stu.cache.cluster.ClusterPolicy.handleCommand(ClusterPolicy.java:102)
	at cn.stu.cache.redis.RedisPubSubClusterPolicy.onMessage(RedisPubSubClusterPolicy.java:167)
	at redis.clients.jedis.JedisPubSub.process(JedisPubSub.java:142)
	at redis.clients.jedis.JedisPubSub.proceed(JedisPubSub.java:115)
	at redis.clients.jedis.Jedis.subscribe(Jedis.java:2680)
	at cn.stu.cache.redis.RedisPubSubClusterPolicy.lambda$connect$0(RedisPubSubClusterPolicy.java:115)
	at java.lang.Thread.run(Thread.java:748)
cn.stu.cache.CacheException: Undefined [default] caffeine cache
	at cn.stu.cache.caffeine.CaffeineProvider.lambda$buildCache$1(CaffeineProvider.java:70)
	at java.util.concurrent.ConcurrentHashMap.computeIfAbsent(ConcurrentHashMap.java:1660)
	at cn.stu.cache.caffeine.CaffeineProvider.buildCache(CaffeineProvider.java:65)
	at cn.stu.cache.CacheProviderHolder.getLevel1Cache(CacheProviderHolder.java:108)
	at cn.stu.cache.redis.RedisPubSubClusterPolicy.evict(RedisPubSubClusterPolicy.java:89)
	at cn.stu.cache.cluster.ClusterPolicy.handleCommand(ClusterPolicy.java:102)
	at cn.stu.cache.redis.RedisPubSubClusterPolicy.onMessage(RedisPubSubClusterPolicy.java:167)
	at redis.clients.jedis.JedisPubSub.process(JedisPubSub.java:142)
	at redis.clients.jedis.JedisPubSub.proceed(JedisPubSub.java:115)
	at redis.clients.jedis.Jedis.subscribe(Jedis.java:2680)
	at cn.stu.cache.redis.RedisPubSubClusterPolicy.lambda$connect$0(RedisPubSubClusterPolicy.java:115)
	at java.lang.Thread.run(Thread.java:748)
[RedisSubscribeThread] ERROR cn.stu.cache.cluster.ClusterPolicy - Failed to handle received msg
[RedisSubscribeThread] ERROR cn.stu.cache.cluster.ClusterPolicy - Failed to handle received msg
cn.stu.cache.CacheException: Undefined [default] caffeine cache
	at cn.stu.cache.caffeine.CaffeineProvider.lambda$buildCache$1(CaffeineProvider.java:70)
	at java.util.concurrent.ConcurrentHashMap.computeIfAbsent(ConcurrentHashMap.java:1660)
	at cn.stu.cache.caffeine.CaffeineProvider.buildCache(CaffeineProvider.java:65)
	at cn.stu.cache.CacheProviderHolder.getLevel1Cache(CacheProviderHolder.java:108)
	at cn.stu.cache.redis.RedisPubSubClusterPolicy.evict(RedisPubSubClusterPolicy.java:89)
	at cn.stu.cache.cluster.ClusterPolicy.handleCommand(ClusterPolicy.java:102)
	at cn.stu.cache.redis.RedisPubSubClusterPolicy.onMessage(RedisPubSubClusterPolicy.java:167)
	at redis.clients.jedis.JedisPubSub.process(JedisPubSub.java:142)
	at redis.clients.jedis.JedisPubSub.proceed(JedisPubSub.java:115)
[RedisSubscribeThread] ERROR cn.stu.cache.cluster.ClusterPolicy - Failed to handle received msg
	at redis.clients.jedis.Jedis.subscribe(Jedis.java:2680)
	at cn.stu.cache.redis.RedisPubSubClusterPolicy.lambda$connect$0(RedisPubSubClusterPolicy.java:115)
	at java.lang.Thread.run(Thread.java:748)
cn.stu.cache.CacheException: Undefined [default] caffeine cache
	at cn.stu.cache.caffeine.CaffeineProvider.lambda$buildCache$1(CaffeineProvider.java:70)
	at java.util.concurrent.ConcurrentHashMap.computeIfAbsent(ConcurrentHashMap.java:1660)
	at cn.stu.cache.caffeine.CaffeineProvider.buildCache(CaffeineProvider.java:65)
	at cn.stu.cache.CacheProviderHolder.getLevel1Cache(CacheProviderHolder.java:108)
	at cn.stu.cache.redis.RedisPubSubClusterPolicy.evict(RedisPubSubClusterPolicy.java:89)
	at cn.stu.cache.cluster.ClusterPolicy.handleCommand(ClusterPolicy.java:102)
	at cn.stu.cache.redis.RedisPubSubClusterPolicy.onMessage(RedisPubSubClusterPolicy.java:167)
	at redis.clients.jedis.JedisPubSub.process(JedisPubSub.java:142)
	at redis.clients.jedis.JedisPubSub.proceed(JedisPubSub.java:115)
	at redis.clients.jedis.Jedis.subscribe(Jedis.java:2680)
	at cn.stu.cache.redis.RedisPubSubClusterPolicy.lambda$connect$0(RedisPubSubClusterPolicy.java:115)
	at java.lang.Thread.run(Thread.java:748)
[RedisSubscribeThread] ERROR cn.stu.cache.cluster.ClusterPolicy - Failed to handle received msg
cn.stu.cache.CacheException: Undefined [default] caffeine cache
	at cn.stu.cache.caffeine.CaffeineProvider.lambda$buildCache$1(CaffeineProvider.java:70)
	at java.util.concurrent.ConcurrentHashMap.computeIfAbsent(ConcurrentHashMap.java:1660)
	at cn.stu.cache.caffeine.CaffeineProvider.buildCache(CaffeineProvider.java:65)
	at cn.stu.cache.CacheProviderHolder.getLevel1Cache(CacheProviderHolder.java:108)
	at cn.stu.cache.redis.RedisPubSubClusterPolicy.evict(RedisPubSubClusterPolicy.java:89)
	at cn.stu.cache.cluster.ClusterPolicy.handleCommand(ClusterPolicy.java:102)
	at cn.stu.cache.redis.RedisPubSubClusterPolicy.onMessage(RedisPubSubClusterPolicy.java:167)
	at redis.clients.jedis.JedisPubSub.process(JedisPubSub.java:142)
	at redis.clients.jedis.JedisPubSub.proceed(JedisPubSub.java:115)
[RedisSubscribeThread] ERROR cn.stu.cache.cluster.ClusterPolicy - Failed to handle received msg
	at redis.clients.jedis.Jedis.subscribe(Jedis.java:2680)
	at cn.stu.cache.redis.RedisPubSubClusterPolicy.lambda$connect$0(RedisPubSubClusterPolicy.java:115)
	at java.lang.Thread.run(Thread.java:748)
cn.stu.cache.CacheException: Undefined [default] caffeine cache
	at cn.stu.cache.caffeine.CaffeineProvider.lambda$buildCache$1(CaffeineProvider.java:70)
	at java.util.concurrent.ConcurrentHashMap.computeIfAbsent(ConcurrentHashMap.java:1660)
	at cn.stu.cache.caffeine.CaffeineProvider.buildCache(CaffeineProvider.java:65)
	at cn.stu.cache.CacheProviderHolder.getLevel1Cache(CacheProviderHolder.java:108)
	at cn.stu.cache.redis.RedisPubSubClusterPolicy.evict(RedisPubSubClusterPolicy.java:89)
	at cn.stu.cache.cluster.ClusterPolicy.handleCommand(ClusterPolicy.java:102)
	at cn.stu.cache.redis.RedisPubSubClusterPolicy.onMessage(RedisPubSubClusterPolicy.java:167)
	at redis.clients.jedis.JedisPubSub.process(JedisPubSub.java:142)
	at redis.clients.jedis.JedisPubSub.proceed(JedisPubSub.java:115)
	at redis.clients.jedis.Jedis.subscribe(Jedis.java:2680)
	at cn.stu.cache.redis.RedisPubSubClusterPolicy.lambda$connect$0(RedisPubSubClusterPolicy.java:115)
	at java.lang.Thread.run(Thread.java:748)
cn.stu.cache.CacheException: Undefined [default] caffeine cache
	at cn.stu.cache.caffeine.CaffeineProvider.lambda$buildCache$1(CaffeineProvider.java:70)
	at java.util.concurrent.ConcurrentHashMap.computeIfAbsent(ConcurrentHashMap.java:1660)
	at cn.stu.cache.caffeine.CaffeineProvider.buildCache(CaffeineProvider.java:65)
	at cn.stu.cache.CacheProviderHolder.getLevel1Cache(CacheProviderHolder.java:108)
	at cn.stu.cache.redis.RedisPubSubClusterPolicy.evict(RedisPubSubClusterPolicy.java:89)
	at cn.stu.cache.cluster.ClusterPolicy.handleCommand(ClusterPolicy.java:102)
	at cn.stu.cache.redis.RedisPubSubClusterPolicy.onMessage(RedisPubSubClusterPolicy.java:167)
	at redis.clients.jedis.JedisPubSub.process(JedisPubSub.java:142)
	at redis.clients.jedis.JedisPubSub.proceed(JedisPubSub.java:115)
	at redis.clients.jedis.Jedis.subscribe(Jedis.java:2680)
	at cn.stu.cache.redis.RedisPubSubClusterPolicy.lambda$connect$0(RedisPubSubClusterPolicy.java:115)
	at java.lang.Thread.run(Thread.java:748)
[Test worker] WARN cn.stu.cache.caffeine.CaffeineProvider - Caffeine cache [R5] not defined, using default.
[RedisSubscribeThread] ERROR cn.stu.cache.cluster.ClusterPolicy - Failed to handle received msg
cn.stu.cache.CacheException: Undefined [default] caffeine cache
	at cn.stu.cache.caffeine.CaffeineProvider.lambda$buildCache$1(CaffeineProvider.java:70)
	at java.util.concurrent.ConcurrentHashMap.computeIfAbsent(ConcurrentHashMap.java:1660)
	at cn.stu.cache.caffeine.CaffeineProvider.buildCache(CaffeineProvider.java:65)
	at cn.stu.cache.CacheProviderHolder.getLevel1Cache(CacheProviderHolder.java:108)
	at cn.stu.cache.redis.RedisPubSubClusterPolicy.evict(RedisPubSubClusterPolicy.java:89)
	at cn.stu.cache.cluster.ClusterPolicy.handleCommand(ClusterPolicy.java:102)
	at cn.stu.cache.redis.RedisPubSubClusterPolicy.onMessage(RedisPubSubClusterPolicy.java:167)
	at redis.clients.jedis.JedisPubSub.process(JedisPubSub.java:142)
	at redis.clients.jedis.JedisPubSub.proceed(JedisPubSub.java:115)
	at redis.clients.jedis.Jedis.subscribe(Jedis.java:2680)
	at cn.stu.cache.redis.RedisPubSubClusterPolicy.lambda$connect$0(RedisPubSubClusterPolicy.java:115)
	at java.lang.Thread.run(Thread.java:748)
[RedisSubscribeThread] ERROR cn.stu.cache.cluster.ClusterPolicy - Failed to handle received msg
cn.stu.cache.CacheException: Undefined [default] caffeine cache
	at cn.stu.cache.caffeine.CaffeineProvider.lambda$buildCache$1(CaffeineProvider.java:70)
	at java.util.concurrent.ConcurrentHashMap.computeIfAbsent(ConcurrentHashMap.java:1660)
	at cn.stu.cache.caffeine.CaffeineProvider.buildCache(CaffeineProvider.java:65)
	at cn.stu.cache.CacheProviderHolder.getLevel1Cache(CacheProviderHolder.java:108)
[RedisSubscribeThread] ERROR cn.stu.cache.cluster.ClusterPolicy - Failed to handle received msg
[RedisSubscribeThread] ERROR cn.stu.cache.cluster.ClusterPolicy - Failed to handle received msg
[RedisSubscribeThread] ERROR cn.stu.cache.cluster.ClusterPolicy - Failed to handle received msg
[Test worker] WARN cn.stu.cache.caffeine.CaffeineProvider - Caffeine cache [R6] not defined, using default.
	at cn.stu.cache.redis.RedisPubSubClusterPolicy.evict(RedisPubSubClusterPolicy.java:89)
	at cn.stu.cache.cluster.ClusterPolicy.handleCommand(ClusterPolicy.java:102)
	at cn.stu.cache.redis.RedisPubSubClusterPolicy.onMessage(RedisPubSubClusterPolicy.java:167)
	at redis.clients.jedis.JedisPubSub.process(JedisPubSub.java:142)
	at redis.clients.jedis.JedisPubSub.proceed(JedisPubSub.java:115)
	at redis.clients.jedis.Jedis.subscribe(Jedis.java:2680)
	at cn.stu.cache.redis.RedisPubSubClusterPolicy.lambda$connect$0(RedisPubSubClusterPolicy.java:115)
	at java.lang.Thread.run(Thread.java:748)
cn.stu.cache.CacheException: Undefined [default] caffeine cache
	at cn.stu.cache.caffeine.CaffeineProvider.lambda$buildCache$1(CaffeineProvider.java:70)
	at java.util.concurrent.ConcurrentHashMap.computeIfAbsent(ConcurrentHashMap.java:1660)
	at cn.stu.cache.caffeine.CaffeineProvider.buildCache(CaffeineProvider.java:65)
	at cn.stu.cache.CacheProviderHolder.getLevel1Cache(CacheProviderHolder.java:108)
	at cn.stu.cache.redis.RedisPubSubClusterPolicy.evict(RedisPubSubClusterPolicy.java:89)
	at cn.stu.cache.cluster.ClusterPolicy.handleCommand(ClusterPolicy.java:102)
	at cn.stu.cache.redis.RedisPubSubClusterPolicy.onMessage(RedisPubSubClusterPolicy.java:167)
	at redis.clients.jedis.JedisPubSub.process(JedisPubSub.java:142)
	at redis.clients.jedis.JedisPubSub.proceed(JedisPubSub.java:115)
	at redis.clients.jedis.Jedis.subscribe(Jedis.java:2680)
	at cn.stu.cache.redis.RedisPubSubClusterPolicy.lambda$connect$0(RedisPubSubClusterPolicy.java:115)
	at java.lang.Thread.run(Thread.java:748)
cn.stu.cache.CacheException: Undefined [default] caffeine cache
	at cn.stu.cache.caffeine.CaffeineProvider.lambda$buildCache$1(CaffeineProvider.java:70)
	at java.util.concurrent.ConcurrentHashMap.computeIfAbsent(ConcurrentHashMap.java:1660)
	at cn.stu.cache.caffeine.CaffeineProvider.buildCache(CaffeineProvider.java:65)
	at cn.stu.cache.CacheProviderHolder.getLevel1Cache(CacheProviderHolder.java:108)
	at cn.stu.cache.redis.RedisPubSubClusterPolicy.evict(RedisPubSubClusterPolicy.java:89)
	at cn.stu.cache.cluster.ClusterPolicy.handleCommand(ClusterPolicy.java:102)
	at cn.stu.cache.redis.RedisPubSubClusterPolicy.onMessage(RedisPubSubClusterPolicy.java:167)
	at redis.clients.jedis.JedisPubSub.process(JedisPubSub.java:142)
	at redis.clients.jedis.JedisPubSub.proceed(JedisPubSub.java:115)
	at redis.clients.jedis.Jedis.subscribe(Jedis.java:2680)
	at cn.stu.cache.redis.RedisPubSubClusterPolicy.lambda$connect$0(RedisPubSubClusterPolicy.java:115)
	at java.lang.Thread.run(Thread.java:748)
cn.stu.cache.CacheException: Undefined [default] caffeine cache
	at cn.stu.cache.caffeine.CaffeineProvider.lambda$buildCache$1(CaffeineProvider.java:70)
	at java.util.concurrent.ConcurrentHashMap.computeIfAbsent(ConcurrentHashMap.java:1660)
	at cn.stu.cache.caffeine.CaffeineProvider.buildCache(CaffeineProvider.java:65)
	at cn.stu.cache.CacheProviderHolder.getLevel1Cache(CacheProviderHolder.java:108)
	at cn.stu.cache.redis.RedisPubSubClusterPolicy.evict(RedisPubSubClusterPolicy.java:89)
	at cn.stu.cache.cluster.ClusterPolicy.handleCommand(ClusterPolicy.java:102)
	at cn.stu.cache.redis.RedisPubSubClusterPolicy.onMessage(RedisPubSubClusterPolicy.java:167)
	at redis.clients.jedis.JedisPubSub.process(JedisPubSub.java:142)
	at redis.clients.jedis.JedisPubSub.proceed(JedisPubSub.java:115)
	at redis.clients.jedis.Jedis.subscribe(Jedis.java:2680)
	at cn.stu.cache.redis.RedisPubSubClusterPolicy.lambda$connect$0(RedisPubSubClusterPolicy.java:115)
	at java.lang.Thread.run(Thread.java:748)
[RedisSubscribeThread] ERROR cn.stu.cache.cluster.ClusterPolicy - Failed to handle received msg
cn.stu.cache.CacheException: Undefined [default] caffeine cache
	at cn.stu.cache.caffeine.CaffeineProvider.lambda$buildCache$1(CaffeineProvider.java:70)
	at java.util.concurrent.ConcurrentHashMap.computeIfAbsent(ConcurrentHashMap.java:1660)
	at cn.stu.cache.caffeine.CaffeineProvider.buildCache(CaffeineProvider.java:65)
	at cn.stu.cache.CacheProviderHolder.getLevel1Cache(CacheProviderHolder.java:108)
	at cn.stu.cache.redis.RedisPubSubClusterPolicy.evict(RedisPubSubClusterPolicy.java:89)
[RedisSubscribeThread] ERROR cn.stu.cache.cluster.ClusterPolicy - Failed to handle received msg
	at cn.stu.cache.cluster.ClusterPolicy.handleCommand(ClusterPolicy.java:102)
	at cn.stu.cache.redis.RedisPubSubClusterPolicy.onMessage(RedisPubSubClusterPolicy.java:167)
	at redis.clients.jedis.JedisPubSub.process(JedisPubSub.java:142)
	at redis.clients.jedis.JedisPubSub.proceed(JedisPubSub.java:115)
	at redis.clients.jedis.Jedis.subscribe(Jedis.java:2680)
	at cn.stu.cache.redis.RedisPubSubClusterPolicy.lambda$connect$0(RedisPubSubClusterPolicy.java:115)
	at java.lang.Thread.run(Thread.java:748)
cn.stu.cache.CacheException: Undefined [default] caffeine cache
	at cn.stu.cache.caffeine.CaffeineProvider.lambda$buildCache$1(CaffeineProvider.java:70)
	at java.util.concurrent.ConcurrentHashMap.computeIfAbsent(ConcurrentHashMap.java:1660)
	at cn.stu.cache.caffeine.CaffeineProvider.buildCache(CaffeineProvider.java:65)
	at cn.stu.cache.CacheProviderHolder.getLevel1Cache(CacheProviderHolder.java:108)
	at cn.stu.cache.redis.RedisPubSubClusterPolicy.evict(RedisPubSubClusterPolicy.java:89)
	at cn.stu.cache.cluster.ClusterPolicy.handleCommand(ClusterPolicy.java:102)
	at cn.stu.cache.redis.RedisPubSubClusterPolicy.onMessage(RedisPubSubClusterPolicy.java:167)
	at redis.clients.jedis.JedisPubSub.process(JedisPubSub.java:142)
	at redis.clients.jedis.JedisPubSub.proceed(JedisPubSub.java:115)
	at redis.clients.jedis.Jedis.subscribe(Jedis.java:2680)
	at cn.stu.cache.redis.RedisPubSubClusterPolicy.lambda$connect$0(RedisPubSubClusterPolicy.java:115)
	at java.lang.Thread.run(Thread.java:748)
[RedisSubscribeThread] ERROR cn.stu.cache.cluster.ClusterPolicy - Failed to handle received msg
cn.stu.cache.CacheException: Undefined [default] caffeine cache
	at cn.stu.cache.caffeine.CaffeineProvider.lambda$buildCache$1(CaffeineProvider.java:70)
	at java.util.concurrent.ConcurrentHashMap.computeIfAbsent(ConcurrentHashMap.java:1660)
	at cn.stu.cache.caffeine.CaffeineProvider.buildCache(CaffeineProvider.java:65)
	at cn.stu.cache.CacheProviderHolder.getLevel1Cache(CacheProviderHolder.java:108)
	at cn.stu.cache.redis.RedisPubSubClusterPolicy.evict(RedisPubSubClusterPolicy.java:89)
	at cn.stu.cache.cluster.ClusterPolicy.handleCommand(ClusterPolicy.java:102)
	at cn.stu.cache.redis.RedisPubSubClusterPolicy.onMessage(RedisPubSubClusterPolicy.java:167)
	at redis.clients.jedis.JedisPubSub.process(JedisPubSub.java:142)
	at redis.clients.jedis.JedisPubSub.proceed(JedisPubSub.java:115)
	at redis.clients.jedis.Jedis.subscribe(Jedis.java:2680)
	at cn.stu.cache.redis.RedisPubSubClusterPolicy.lambda$connect$0(RedisPubSubClusterPolicy.java:115)
	at java.lang.Thread.run(Thread.java:748)
[RedisSubscribeThread] ERROR cn.stu.cache.cluster.ClusterPolicy - Failed to handle received msg
cn.stu.cache.CacheException: Undefined [default] caffeine cache
	at cn.stu.cache.caffeine.CaffeineProvider.lambda$buildCache$1(CaffeineProvider.java:70)
	at java.util.concurrent.ConcurrentHashMap.computeIfAbsent(ConcurrentHashMap.java:1660)
	at cn.stu.cache.caffeine.CaffeineProvider.buildCache(CaffeineProvider.java:65)
	at cn.stu.cache.CacheProviderHolder.getLevel1Cache(CacheProviderHolder.java:108)
	at cn.stu.cache.redis.RedisPubSubClusterPolicy.evict(RedisPubSubClusterPolicy.java:89)
	at cn.stu.cache.cluster.ClusterPolicy.handleCommand(ClusterPolicy.java:102)
	at cn.stu.cache.redis.RedisPubSubClusterPolicy.onMessage(RedisPubSubClusterPolicy.java:167)
	at redis.clients.jedis.JedisPubSub.process(JedisPubSub.java:142)
	at redis.clients.jedis.JedisPubSub.proceed(JedisPubSub.java:115)
	at redis.clients.jedis.Jedis.subscribe(Jedis.java:2680)
	at cn.stu.cache.redis.RedisPubSubClusterPolicy.lambda$connect$0(RedisPubSubClusterPolicy.java:115)
	at java.lang.Thread.run(Thread.java:748)
[RedisSubscribeThread] ERROR cn.stu.cache.cluster.ClusterPolicy - Failed to handle received msg
cn.stu.cache.CacheException: Undefined [default] caffeine cache
	at cn.stu.cache.caffeine.CaffeineProvider.lambda$buildCache$1(CaffeineProvider.java:70)
	at java.util.concurrent.ConcurrentHashMap.computeIfAbsent(ConcurrentHashMap.java:1660)
	at cn.stu.cache.caffeine.CaffeineProvider.buildCache(CaffeineProvider.java:65)
	at cn.stu.cache.CacheProviderHolder.getLevel1Cache(CacheProviderHolder.java:108)
	at cn.stu.cache.redis.RedisPubSubClusterPolicy.evict(RedisPubSubClusterPolicy.java:89)
	at cn.stu.cache.cluster.ClusterPolicy.handleCommand(ClusterPolicy.java:102)
	at cn.stu.cache.redis.RedisPubSubClusterPolicy.onMessage(RedisPubSubClusterPolicy.java:167)
	at redis.clients.jedis.JedisPubSub.process(JedisPubSub.java:142)
	at redis.clients.jedis.JedisPubSub.proceed(JedisPubSub.java:115)
	at redis.clients.jedis.Jedis.subscribe(Jedis.java:2680)
	at cn.stu.cache.redis.RedisPubSubClusterPolicy.lambda$connect$0(RedisPubSubClusterPolicy.java:115)
	at java.lang.Thread.run(Thread.java:748)
[Test worker] WARN cn.stu.cache.caffeine.CaffeineProvider - Caffeine cache [R7] not defined, using default.
[RedisSubscribeThread] ERROR cn.stu.cache.cluster.ClusterPolicy - Failed to handle received msg
cn.stu.cache.CacheException: Undefined [default] caffeine cache
	at cn.stu.cache.caffeine.CaffeineProvider.lambda$buildCache$1(CaffeineProvider.java:70)
	at java.util.concurrent.ConcurrentHashMap.computeIfAbsent(ConcurrentHashMap.java:1660)
	at cn.stu.cache.caffeine.CaffeineProvider.buildCache(CaffeineProvider.java:65)
	at cn.stu.cache.CacheProviderHolder.getLevel1Cache(CacheProviderHolder.java:108)
	at cn.stu.cache.redis.RedisPubSubClusterPolicy.evict(RedisPubSubClusterPolicy.java:89)
	at cn.stu.cache.cluster.ClusterPolicy.handleCommand(ClusterPolicy.java:102)
	at cn.stu.cache.redis.RedisPubSubClusterPolicy.onMessage(RedisPubSubClusterPolicy.java:167)
	at redis.clients.jedis.JedisPubSub.process(JedisPubSub.java:142)
	at redis.clients.jedis.JedisPubSub.proceed(JedisPubSub.java:115)
	at redis.clients.jedis.Jedis.subscribe(Jedis.java:2680)
	at cn.stu.cache.redis.RedisPubSubClusterPolicy.lambda$connect$0(RedisPubSubClusterPolicy.java:115)
	at java.lang.Thread.run(Thread.java:748)
[RedisSubscribeThread] ERROR cn.stu.cache.cluster.ClusterPolicy - Failed to handle received msg
[RedisSubscribeThread] ERROR cn.stu.cache.cluster.ClusterPolicy - Failed to handle received msg
cn.stu.cache.CacheException: Undefined [default] caffeine cache
[RedisSubscribeThread] ERROR cn.stu.cache.cluster.ClusterPolicy - Failed to handle received msg
	at cn.stu.cache.caffeine.CaffeineProvider.lambda$buildCache$1(CaffeineProvider.java:70)
	at java.util.concurrent.ConcurrentHashMap.computeIfAbsent(ConcurrentHashMap.java:1660)
	at cn.stu.cache.caffeine.CaffeineProvider.buildCache(CaffeineProvider.java:65)
	at cn.stu.cache.CacheProviderHolder.getLevel1Cache(CacheProviderHolder.java:108)
	at cn.stu.cache.redis.RedisPubSubClusterPolicy.evict(RedisPubSubClusterPolicy.java:89)
	at cn.stu.cache.cluster.ClusterPolicy.handleCommand(ClusterPolicy.java:102)
	at cn.stu.cache.redis.RedisPubSubClusterPolicy.onMessage(RedisPubSubClusterPolicy.java:167)
	at redis.clients.jedis.JedisPubSub.process(JedisPubSub.java:142)
	at redis.clients.jedis.JedisPubSub.proceed(JedisPubSub.java:115)
	at redis.clients.jedis.Jedis.subscribe(Jedis.java:2680)
	at cn.stu.cache.redis.RedisPubSubClusterPolicy.lambda$connect$0(RedisPubSubClusterPolicy.java:115)
	at java.lang.Thread.run(Thread.java:748)
[RedisSubscribeThread] ERROR cn.stu.cache.cluster.ClusterPolicy - Failed to handle received msg
cn.stu.cache.CacheException: Undefined [default] caffeine cache
	at cn.stu.cache.caffeine.CaffeineProvider.lambda$buildCache$1(CaffeineProvider.java:70)
	at java.util.concurrent.ConcurrentHashMap.computeIfAbsent(ConcurrentHashMap.java:1660)
	at cn.stu.cache.caffeine.CaffeineProvider.buildCache(CaffeineProvider.java:65)
	at cn.stu.cache.CacheProviderHolder.getLevel1Cache(CacheProviderHolder.java:108)
	at cn.stu.cache.redis.RedisPubSubClusterPolicy.evict(RedisPubSubClusterPolicy.java:89)
	at cn.stu.cache.cluster.ClusterPolicy.handleCommand(ClusterPolicy.java:102)
	at cn.stu.cache.redis.RedisPubSubClusterPolicy.onMessage(RedisPubSubClusterPolicy.java:167)
	at redis.clients.jedis.JedisPubSub.process(JedisPubSub.java:142)
	at redis.clients.jedis.JedisPubSub.proceed(JedisPubSub.java:115)
	at redis.clients.jedis.Jedis.subscribe(Jedis.java:2680)
	at cn.stu.cache.redis.RedisPubSubClusterPolicy.lambda$connect$0(RedisPubSubClusterPolicy.java:115)
	at java.lang.Thread.run(Thread.java:748)
cn.stu.cache.CacheException: Undefined [default] caffeine cache
	at cn.stu.cache.caffeine.CaffeineProvider.lambda$buildCache$1(CaffeineProvider.java:70)
[Test worker] WARN cn.stu.cache.caffeine.CaffeineProvider - Caffeine cache [R8] not defined, using default.
[RedisSubscribeThread] ERROR cn.stu.cache.cluster.ClusterPolicy - Failed to handle received msg
[RedisSubscribeThread] ERROR cn.stu.cache.cluster.ClusterPolicy - Failed to handle received msg
[RedisSubscribeThread] ERROR cn.stu.cache.cluster.ClusterPolicy - Failed to handle received msg
[Test worker] WARN cn.stu.cache.caffeine.CaffeineProvider - Caffeine cache [R9] not defined, using default.
	at java.util.concurrent.ConcurrentHashMap.computeIfAbsent(ConcurrentHashMap.java:1660)
	at cn.stu.cache.caffeine.CaffeineProvider.buildCache(CaffeineProvider.java:65)
	at cn.stu.cache.CacheProviderHolder.getLevel1Cache(CacheProviderHolder.java:108)
	at cn.stu.cache.redis.RedisPubSubClusterPolicy.evict(RedisPubSubClusterPolicy.java:89)
	at cn.stu.cache.cluster.ClusterPolicy.handleCommand(ClusterPolicy.java:102)
	at cn.stu.cache.redis.RedisPubSubClusterPolicy.onMessage(RedisPubSubClusterPolicy.java:167)
	at redis.clients.jedis.JedisPubSub.process(JedisPubSub.java:142)
	at redis.clients.jedis.JedisPubSub.proceed(JedisPubSub.java:115)
	at redis.clients.jedis.Jedis.subscribe(Jedis.java:2680)
	at cn.stu.cache.redis.RedisPubSubClusterPolicy.lambda$connect$0(RedisPubSubClusterPolicy.java:115)
	at java.lang.Thread.run(Thread.java:748)
cn.stu.cache.CacheException: Undefined [default] caffeine cache
	at cn.stu.cache.caffeine.CaffeineProvider.lambda$buildCache$1(CaffeineProvider.java:70)
	at java.util.concurrent.ConcurrentHashMap.computeIfAbsent(ConcurrentHashMap.java:1660)
	at cn.stu.cache.caffeine.CaffeineProvider.buildCache(CaffeineProvider.java:65)
	at cn.stu.cache.CacheProviderHolder.getLevel1Cache(CacheProviderHolder.java:108)
	at cn.stu.cache.redis.RedisPubSubClusterPolicy.evict(RedisPubSubClusterPolicy.java:89)
	at cn.stu.cache.cluster.ClusterPolicy.handleCommand(ClusterPolicy.java:102)
	at cn.stu.cache.redis.RedisPubSubClusterPolicy.onMessage(RedisPubSubClusterPolicy.java:167)
	at redis.clients.jedis.JedisPubSub.process(JedisPubSub.java:142)
	at redis.clients.jedis.JedisPubSub.proceed(JedisPubSub.java:115)
	at redis.clients.jedis.Jedis.subscribe(Jedis.java:2680)
	at cn.stu.cache.redis.RedisPubSubClusterPolicy.lambda$connect$0(RedisPubSubClusterPolicy.java:115)
	at java.lang.Thread.run(Thread.java:748)
[RedisSubscribeThread] ERROR cn.stu.cache.cluster.ClusterPolicy - Failed to handle received msg
cn.stu.cache.CacheException: Undefined [default] caffeine cache
	at cn.stu.cache.caffeine.CaffeineProvider.lambda$buildCache$1(CaffeineProvider.java:70)
	at java.util.concurrent.ConcurrentHashMap.computeIfAbsent(ConcurrentHashMap.java:1660)
	at cn.stu.cache.caffeine.CaffeineProvider.buildCache(CaffeineProvider.java:65)
	at cn.stu.cache.CacheProviderHolder.getLevel1Cache(CacheProviderHolder.java:108)
	at cn.stu.cache.redis.RedisPubSubClusterPolicy.evict(RedisPubSubClusterPolicy.java:89)
	at cn.stu.cache.cluster.ClusterPolicy.handleCommand(ClusterPolicy.java:102)
	at cn.stu.cache.redis.RedisPubSubClusterPolicy.onMessage(RedisPubSubClusterPolicy.java:167)
	at redis.clients.jedis.JedisPubSub.process(JedisPubSub.java:142)
	at redis.clients.jedis.JedisPubSub.proceed(JedisPubSub.java:115)
	at redis.clients.jedis.Jedis.subscribe(Jedis.java:2680)
	at cn.stu.cache.redis.RedisPubSubClusterPolicy.lambda$connect$0(RedisPubSubClusterPolicy.java:115)
	at java.lang.Thread.run(Thread.java:748)
[RedisSubscribeThread] ERROR cn.stu.cache.cluster.ClusterPolicy - Failed to handle received msg
[RedisSubscribeThread] ERROR cn.stu.cache.cluster.ClusterPolicy - Failed to handle received msg
cn.stu.cache.CacheException: Undefined [default] caffeine cache
	at cn.stu.cache.caffeine.CaffeineProvider.lambda$buildCache$1(CaffeineProvider.java:70)
	at java.util.concurrent.ConcurrentHashMap.computeIfAbsent(ConcurrentHashMap.java:1660)
	at cn.stu.cache.caffeine.CaffeineProvider.buildCache(CaffeineProvider.java:65)
	at cn.stu.cache.CacheProviderHolder.getLevel1Cache(CacheProviderHolder.java:108)
	at cn.stu.cache.redis.RedisPubSubClusterPolicy.evict(RedisPubSubClusterPolicy.java:89)
	at cn.stu.cache.cluster.ClusterPolicy.handleCommand(ClusterPolicy.java:102)
	at cn.stu.cache.redis.RedisPubSubClusterPolicy.onMessage(RedisPubSubClusterPolicy.java:167)
	at redis.clients.jedis.JedisPubSub.process(JedisPubSub.java:142)
	at redis.clients.jedis.JedisPubSub.proceed(JedisPubSub.java:115)
	at redis.clients.jedis.Jedis.subscribe(Jedis.java:2680)
	at cn.stu.cache.redis.RedisPubSubClusterPolicy.lambda$connect$0(RedisPubSubClusterPolicy.java:115)
	at java.lang.Thread.run(Thread.java:748)
[RedisSubscribeThread] ERROR cn.stu.cache.cluster.ClusterPolicy - Failed to handle received msg
cn.stu.cache.CacheException: Undefined [default] caffeine cache
	at cn.stu.cache.caffeine.CaffeineProvider.lambda$buildCache$1(CaffeineProvider.java:70)
	at java.util.concurrent.ConcurrentHashMap.computeIfAbsent(ConcurrentHashMap.java:1660)
	at cn.stu.cache.caffeine.CaffeineProvider.buildCache(CaffeineProvider.java:65)
	at cn.stu.cache.CacheProviderHolder.getLevel1Cache(CacheProviderHolder.java:108)
	at cn.stu.cache.redis.RedisPubSubClusterPolicy.evict(RedisPubSubClusterPolicy.java:89)
	at cn.stu.cache.cluster.ClusterPolicy.handleCommand(ClusterPolicy.java:102)
	at cn.stu.cache.redis.RedisPubSubClusterPolicy.onMessage(RedisPubSubClusterPolicy.java:167)
	at redis.clients.jedis.JedisPubSub.process(JedisPubSub.java:142)
	at redis.clients.jedis.JedisPubSub.proceed(JedisPubSub.java:115)
	at redis.clients.jedis.Jedis.subscribe(Jedis.java:2680)
	at cn.stu.cache.redis.RedisPubSubClusterPolicy.lambda$connect$0(RedisPubSubClusterPolicy.java:115)
	at java.lang.Thread.run(Thread.java:748)
cn.stu.cache.CacheException: Undefined [default] caffeine cache
	at cn.stu.cache.caffeine.CaffeineProvider.lambda$buildCache$1(CaffeineProvider.java:70)
	at java.util.concurrent.ConcurrentHashMap.computeIfAbsent(ConcurrentHashMap.java:1660)
	at cn.stu.cache.caffeine.CaffeineProvider.buildCache(CaffeineProvider.java:65)
	at cn.stu.cache.CacheProviderHolder.getLevel1Cache(CacheProviderHolder.java:108)
	at cn.stu.cache.redis.RedisPubSubClusterPolicy.evict(RedisPubSubClusterPolicy.java:89)
	at cn.stu.cache.cluster.ClusterPolicy.handleCommand(ClusterPolicy.java:102)
	at cn.stu.cache.redis.RedisPubSubClusterPolicy.onMessage(RedisPubSubClusterPolicy.java:167)
	at redis.clients.jedis.JedisPubSub.process(JedisPubSub.java:142)
	at redis.clients.jedis.JedisPubSub.proceed(JedisPubSub.java:115)
	at redis.clients.jedis.Jedis.subscribe(Jedis.java:2680)
	at cn.stu.cache.redis.RedisPubSubClusterPolicy.lambda$connect$0(RedisPubSubClusterPolicy.java:115)
	at java.lang.Thread.run(Thread.java:748)
[RedisSubscribeThread] ERROR cn.stu.cache.cluster.ClusterPolicy - Failed to handle received msg
cn.stu.cache.CacheException: Undefined [default] caffeine cache
	at cn.stu.cache.caffeine.CaffeineProvider.lambda$buildCache$1(CaffeineProvider.java:70)
	at java.util.concurrent.ConcurrentHashMap.computeIfAbsent(ConcurrentHashMap.java:1660)
	at cn.stu.cache.caffeine.CaffeineProvider.buildCache(CaffeineProvider.java:65)
	at cn.stu.cache.CacheProviderHolder.getLevel1Cache(CacheProviderHolder.java:108)
	at cn.stu.cache.redis.RedisPubSubClusterPolicy.evict(RedisPubSubClusterPolicy.java:89)
	at cn.stu.cache.cluster.ClusterPolicy.handleCommand(ClusterPolicy.java:102)
	at cn.stu.cache.redis.RedisPubSubClusterPolicy.onMessage(RedisPubSubClusterPolicy.java:167)
	at redis.clients.jedis.JedisPubSub.process(JedisPubSub.java:142)
	at redis.clients.jedis.JedisPubSub.proceed(JedisPubSub.java:115)
	at redis.clients.jedis.Jedis.subscribe(Jedis.java:2680)
	at cn.stu.cache.redis.RedisPubSubClusterPolicy.lambda$connect$0(RedisPubSubClusterPolicy.java:115)
	at java.lang.Thread.run(Thread.java:748)
cn.stu.cache.CacheException: Undefined [default] caffeine cache
	at cn.stu.cache.caffeine.CaffeineProvider.lambda$buildCache$1(CaffeineProvider.java:70)
	at java.util.concurrent.ConcurrentHashMap.computeIfAbsent(ConcurrentHashMap.java:1660)
	at cn.stu.cache.caffeine.CaffeineProvider.buildCache(CaffeineProvider.java:65)
	at cn.stu.cache.CacheProviderHolder.getLevel1Cache(CacheProviderHolder.java:108)
	at cn.stu.cache.redis.RedisPubSubClusterPolicy.evict(RedisPubSubClusterPolicy.java:89)
	at cn.stu.cache.cluster.ClusterPolicy.handleCommand(ClusterPolicy.java:102)
	at cn.stu.cache.redis.RedisPubSubClusterPolicy.onMessage(RedisPubSubClusterPolicy.java:167)
	at redis.clients.jedis.JedisPubSub.process(JedisPubSub.java:142)
	at redis.clients.jedis.JedisPubSub.proceed(JedisPubSub.java:115)
	at redis.clients.jedis.Jedis.subscribe(Jedis.java:2680)
	at cn.stu.cache.redis.RedisPubSubClusterPolicy.lambda$connect$0(RedisPubSubClusterPolicy.java:115)
	at java.lang.Thread.run(Thread.java:748)
[RedisSubscribeThread] ERROR cn.stu.cache.cluster.ClusterPolicy - Failed to handle received msg
cn.stu.cache.CacheException: Undefined [default] caffeine cache
	at cn.stu.cache.caffeine.CaffeineProvider.lambda$buildCache$1(CaffeineProvider.java:70)
	at java.util.concurrent.ConcurrentHashMap.computeIfAbsent(ConcurrentHashMap.java:1660)
	at cn.stu.cache.caffeine.CaffeineProvider.buildCache(CaffeineProvider.java:65)
	at cn.stu.cache.CacheProviderHolder.getLevel1Cache(CacheProviderHolder.java:108)
	at cn.stu.cache.redis.RedisPubSubClusterPolicy.evict(RedisPubSubClusterPolicy.java:89)
	at cn.stu.cache.cluster.ClusterPolicy.handleCommand(ClusterPolicy.java:102)
	at cn.stu.cache.redis.RedisPubSubClusterPolicy.onMessage(RedisPubSubClusterPolicy.java:167)
	at redis.clients.jedis.JedisPubSub.process(JedisPubSub.java:142)
	at redis.clients.jedis.JedisPubSub.proceed(JedisPubSub.java:115)
	at redis.clients.jedis.Jedis.subscribe(Jedis.java:2680)
	at cn.stu.cache.redis.RedisPubSubClusterPolicy.lambda$connect$0(RedisPubSubClusterPolicy.java:115)
	at java.lang.Thread.run(Thread.java:748)
cn.stu.cache.CacheException: Undefined [default] caffeine cache
	at cn.stu.cache.caffeine.CaffeineProvider.lambda$buildCache$1(CaffeineProvider.java:70)
	at java.util.concurrent.ConcurrentHashMap.computeIfAbsent(ConcurrentHashMap.java:1660)
	at cn.stu.cache.caffeine.CaffeineProvider.buildCache(CaffeineProvider.java:65)
	at cn.stu.cache.CacheProviderHolder.getLevel1Cache(CacheProviderHolder.java:108)
	at cn.stu.cache.redis.RedisPubSubClusterPolicy.evict(RedisPubSubClusterPolicy.java:89)
	at cn.stu.cache.cluster.ClusterPolicy.handleCommand(ClusterPolicy.java:102)
	at cn.stu.cache.redis.RedisPubSubClusterPolicy.onMessage(RedisPubSubClusterPolicy.java:167)
	at redis.clients.jedis.JedisPubSub.process(JedisPubSub.java:142)
	at redis.clients.jedis.JedisPubSub.proceed(JedisPubSub.java:115)
	at redis.clients.jedis.Jedis.subscribe(Jedis.java:2680)
	at cn.stu.cache.redis.RedisPubSubClusterPolicy.lambda$connect$0(RedisPubSubClusterPolicy.java:115)
	at java.lang.Thread.run(Thread.java:748)
cn.stu.cache.CacheException: Undefined [default] caffeine cache
	at cn.stu.cache.caffeine.CaffeineProvider.lambda$buildCache$1(CaffeineProvider.java:70)
	at java.util.concurrent.ConcurrentHashMap.computeIfAbsent(ConcurrentHashMap.java:1660)
	at cn.stu.cache.caffeine.CaffeineProvider.buildCache(CaffeineProvider.java:65)
	at cn.stu.cache.CacheProviderHolder.getLevel1Cache(CacheProviderHolder.java:108)
	at cn.stu.cache.redis.RedisPubSubClusterPolicy.evict(RedisPubSubClusterPolicy.java:89)
	at cn.stu.cache.cluster.ClusterPolicy.handleCommand(ClusterPolicy.java:102)
	at cn.stu.cache.redis.RedisPubSubClusterPolicy.onMessage(RedisPubSubClusterPolicy.java:167)
	at redis.clients.jedis.JedisPubSub.process(JedisPubSub.java:142)
	at redis.clients.jedis.JedisPubSub.proceed(JedisPubSub.java:115)
	at redis.clients.jedis.Jedis.subscribe(Jedis.java:2680)
	at cn.stu.cache.redis.RedisPubSubClusterPolicy.lambda$connect$0(RedisPubSubClusterPolicy.java:115)
	at java.lang.Thread.run(Thread.java:748)
[RedisSubscribeThread] ERROR cn.stu.cache.cluster.ClusterPolicy - Failed to handle received msg
cn.stu.cache.CacheException: Undefined [default] caffeine cache
	at cn.stu.cache.caffeine.CaffeineProvider.lambda$buildCache$1(CaffeineProvider.java:70)
	at java.util.concurrent.ConcurrentHashMap.computeIfAbsent(ConcurrentHashMap.java:1660)
	at cn.stu.cache.caffeine.CaffeineProvider.buildCache(CaffeineProvider.java:65)
	at cn.stu.cache.CacheProviderHolder.getLevel1Cache(CacheProviderHolder.java:108)
	at cn.stu.cache.redis.RedisPubSubClusterPolicy.evict(RedisPubSubClusterPolicy.java:89)
	at cn.stu.cache.cluster.ClusterPolicy.handleCommand(ClusterPolicy.java:102)
	at cn.stu.cache.redis.RedisPubSubClusterPolicy.onMessage(RedisPubSubClusterPolicy.java:167)
	at redis.clients.jedis.JedisPubSub.process(JedisPubSub.java:142)
	at redis.clients.jedis.JedisPubSub.proceed(JedisPubSub.java:115)
	at redis.clients.jedis.Jedis.subscribe(Jedis.java:2680)
	at cn.stu.cache.redis.RedisPubSubClusterPolicy.lambda$connect$0(RedisPubSubClusterPolicy.java:115)
	at java.lang.Thread.run(Thread.java:748)
[RedisSubscribeThread] ERROR cn.stu.cache.cluster.ClusterPolicy - Failed to handle received msg
cn.stu.cache.CacheException: Undefined [default] caffeine cache
[RedisSubscribeThread] ERROR cn.stu.cache.cluster.ClusterPolicy - Failed to handle received msg
	at cn.stu.cache.caffeine.CaffeineProvider.lambda$buildCache$1(CaffeineProvider.java:70)
	at java.util.concurrent.ConcurrentHashMap.computeIfAbsent(ConcurrentHashMap.java:1660)
	at cn.stu.cache.caffeine.CaffeineProvider.buildCache(CaffeineProvider.java:65)
	at cn.stu.cache.CacheProviderHolder.getLevel1Cache(CacheProviderHolder.java:108)
	at cn.stu.cache.redis.RedisPubSubClusterPolicy.clear(RedisPubSubClusterPolicy.java:98)
	at cn.stu.cache.cluster.ClusterPolicy.handleCommand(ClusterPolicy.java:106)
	at cn.stu.cache.redis.RedisPubSubClusterPolicy.onMessage(RedisPubSubClusterPolicy.java:167)
	at redis.clients.jedis.JedisPubSub.process(JedisPubSub.java:142)
	at redis.clients.jedis.JedisPubSub.proceed(JedisPubSub.java:115)
	at redis.clients.jedis.Jedis.subscribe(Jedis.java:2680)
	at cn.stu.cache.redis.RedisPubSubClusterPolicy.lambda$connect$0(RedisPubSubClusterPolicy.java:115)
	at java.lang.Thread.run(Thread.java:748)
cn.stu.cache.CacheException: Undefined [default] caffeine cache
[RedisSubscribeThread] ERROR cn.stu.cache.cluster.ClusterPolicy - Failed to handle received msg
	at cn.stu.cache.caffeine.CaffeineProvider.lambda$buildCache$1(CaffeineProvider.java:70)
	at java.util.concurrent.ConcurrentHashMap.computeIfAbsent(ConcurrentHashMap.java:1660)
	at cn.stu.cache.caffeine.CaffeineProvider.buildCache(CaffeineProvider.java:65)
	at cn.stu.cache.CacheProviderHolder.getLevel1Cache(CacheProviderHolder.java:108)
	at cn.stu.cache.redis.RedisPubSubClusterPolicy.clear(RedisPubSubClusterPolicy.java:98)
	at cn.stu.cache.cluster.ClusterPolicy.handleCommand(ClusterPolicy.java:106)
	at cn.stu.cache.redis.RedisPubSubClusterPolicy.onMessage(RedisPubSubClusterPolicy.java:167)
	at redis.clients.jedis.JedisPubSub.process(JedisPubSub.java:142)
	at redis.clients.jedis.JedisPubSub.proceed(JedisPubSub.java:115)
	at redis.clients.jedis.Jedis.subscribe(Jedis.java:2680)
	at cn.stu.cache.redis.RedisPubSubClusterPolicy.lambda$connect$0(RedisPubSubClusterPolicy.java:115)
	at java.lang.Thread.run(Thread.java:748)
cn.stu.cache.CacheException: Undefined [default] caffeine cache
	at cn.stu.cache.caffeine.CaffeineProvider.lambda$buildCache$1(CaffeineProvider.java:70)
	at java.util.concurrent.ConcurrentHashMap.computeIfAbsent(ConcurrentHashMap.java:1660)
	at cn.stu.cache.caffeine.CaffeineProvider.buildCache(CaffeineProvider.java:65)
	at cn.stu.cache.CacheProviderHolder.getLevel1Cache(CacheProviderHolder.java:108)
	at cn.stu.cache.redis.RedisPubSubClusterPolicy.clear(RedisPubSubClusterPolicy.java:98)
	at cn.stu.cache.cluster.ClusterPolicy.handleCommand(ClusterPolicy.java:106)
	at cn.stu.cache.redis.RedisPubSubClusterPolicy.onMessage(RedisPubSubClusterPolicy.java:167)
	at redis.clients.jedis.JedisPubSub.process(JedisPubSub.java:142)
	at redis.clients.jedis.JedisPubSub.proceed(JedisPubSub.java:115)
	at redis.clients.jedis.Jedis.subscribe(Jedis.java:2680)
	at cn.stu.cache.redis.RedisPubSubClusterPolicy.lambda$connect$0(RedisPubSubClusterPolicy.java:115)
	at java.lang.Thread.run(Thread.java:748)
[RedisSubscribeThread] ERROR cn.stu.cache.cluster.ClusterPolicy - Failed to handle received msg
cn.stu.cache.CacheException: Undefined [default] caffeine cache
	at cn.stu.cache.caffeine.CaffeineProvider.lambda$buildCache$1(CaffeineProvider.java:70)
	at java.util.concurrent.ConcurrentHashMap.computeIfAbsent(ConcurrentHashMap.java:1660)
	at cn.stu.cache.caffeine.CaffeineProvider.buildCache(CaffeineProvider.java:65)
	at cn.stu.cache.CacheProviderHolder.getLevel1Cache(CacheProviderHolder.java:108)
	at cn.stu.cache.redis.RedisPubSubClusterPolicy.clear(RedisPubSubClusterPolicy.java:98)
	at cn.stu.cache.cluster.ClusterPolicy.handleCommand(ClusterPolicy.java:106)
	at cn.stu.cache.redis.RedisPubSubClusterPolicy.onMessage(RedisPubSubClusterPolicy.java:167)
	at redis.clients.jedis.JedisPubSub.process(JedisPubSub.java:142)
	at redis.clients.jedis.JedisPubSub.proceed(JedisPubSub.java:115)
	at redis.clients.jedis.Jedis.subscribe(Jedis.java:2680)
	at cn.stu.cache.redis.RedisPubSubClusterPolicy.lambda$connect$0(RedisPubSubClusterPolicy.java:115)
	at java.lang.Thread.run(Thread.java:748)
[RedisSubscribeThread] ERROR cn.stu.cache.cluster.ClusterPolicy - Failed to handle received msg
cn.stu.cache.CacheException: Undefined [default] caffeine cache
	at cn.stu.cache.caffeine.CaffeineProvider.lambda$buildCache$1(CaffeineProvider.java:70)
	at java.util.concurrent.ConcurrentHashMap.computeIfAbsent(ConcurrentHashMap.java:1660)
	at cn.stu.cache.caffeine.CaffeineProvider.buildCache(CaffeineProvider.java:65)
	at cn.stu.cache.CacheProviderHolder.getLevel1Cache(CacheProviderHolder.java:108)
	at cn.stu.cache.redis.RedisPubSubClusterPolicy.clear(RedisPubSubClusterPolicy.java:98)
	at cn.stu.cache.cluster.ClusterPolicy.handleCommand(ClusterPolicy.java:106)
	at cn.stu.cache.redis.RedisPubSubClusterPolicy.onMessage(RedisPubSubClusterPolicy.java:167)
	at redis.clients.jedis.JedisPubSub.process(JedisPubSub.java:142)
	at redis.clients.jedis.JedisPubSub.proceed(JedisPubSub.java:115)
	at redis.clients.jedis.Jedis.subscribe(Jedis.java:2680)
	at cn.stu.cache.redis.RedisPubSubClusterPolicy.lambda$connect$0(RedisPubSubClusterPolicy.java:115)
	at java.lang.Thread.run(Thread.java:748)
[RedisSubscribeThread] ERROR cn.stu.cache.cluster.ClusterPolicy - Failed to handle received msg
[RedisSubscribeThread] ERROR cn.stu.cache.cluster.ClusterPolicy - Failed to handle received msg
cn.stu.cache.CacheException: Undefined [default] caffeine cache
	at cn.stu.cache.caffeine.CaffeineProvider.lambda$buildCache$1(CaffeineProvider.java:70)
	at java.util.concurrent.ConcurrentHashMap.computeIfAbsent(ConcurrentHashMap.java:1660)
	at cn.stu.cache.caffeine.CaffeineProvider.buildCache(CaffeineProvider.java:65)
	at cn.stu.cache.CacheProviderHolder.getLevel1Cache(CacheProviderHolder.java:108)
	at cn.stu.cache.redis.RedisPubSubClusterPolicy.clear(RedisPubSubClusterPolicy.java:98)
	at cn.stu.cache.cluster.ClusterPolicy.handleCommand(ClusterPolicy.java:106)
	at cn.stu.cache.redis.RedisPubSubClusterPolicy.onMessage(RedisPubSubClusterPolicy.java:167)
	at redis.clients.jedis.JedisPubSub.process(JedisPubSub.java:142)
	at redis.clients.jedis.JedisPubSub.proceed(JedisPubSub.java:115)
	at redis.clients.jedis.Jedis.subscribe(Jedis.java:2680)
	at cn.stu.cache.redis.RedisPubSubClusterPolicy.lambda$connect$0(RedisPubSubClusterPolicy.java:115)
	at java.lang.Thread.run(Thread.java:748)
[RedisSubscribeThread] ERROR cn.stu.cache.cluster.ClusterPolicy - Failed to handle received msg
cn.stu.cache.CacheException: Undefined [default] caffeine cache
	at cn.stu.cache.caffeine.CaffeineProvider.lambda$buildCache$1(CaffeineProvider.java:70)
	at java.util.concurrent.ConcurrentHashMap.computeIfAbsent(ConcurrentHashMap.java:1660)
	at cn.stu.cache.caffeine.CaffeineProvider.buildCache(CaffeineProvider.java:65)
	at cn.stu.cache.CacheProviderHolder.getLevel1Cache(CacheProviderHolder.java:108)
	at cn.stu.cache.redis.RedisPubSubClusterPolicy.clear(RedisPubSubClusterPolicy.java:98)
	at cn.stu.cache.cluster.ClusterPolicy.handleCommand(ClusterPolicy.java:106)
	at cn.stu.cache.redis.RedisPubSubClusterPolicy.onMessage(RedisPubSubClusterPolicy.java:167)
	at redis.clients.jedis.JedisPubSub.process(JedisPubSub.java:142)
	at redis.clients.jedis.JedisPubSub.proceed(JedisPubSub.java:115)
	at redis.clients.jedis.Jedis.subscribe(Jedis.java:2680)
	at cn.stu.cache.redis.RedisPubSubClusterPolicy.lambda$connect$0(RedisPubSubClusterPolicy.java:115)
	at java.lang.Thread.run(Thread.java:748)
cn.stu.cache.CacheException: Undefined [default] caffeine cache
	at cn.stu.cache.caffeine.CaffeineProvider.lambda$buildCache$1(CaffeineProvider.java:70)
	at java.util.concurrent.ConcurrentHashMap.computeIfAbsent(ConcurrentHashMap.java:1660)
	at cn.stu.cache.caffeine.CaffeineProvider.buildCache(CaffeineProvider.java:65)
	at cn.stu.cache.CacheProviderHolder.getLevel1Cache(CacheProviderHolder.java:108)
	at cn.stu.cache.redis.RedisPubSubClusterPolicy.clear(RedisPubSubClusterPolicy.java:98)
	at cn.stu.cache.cluster.ClusterPolicy.handleCommand(ClusterPolicy.java:106)
	at cn.stu.cache.redis.RedisPubSubClusterPolicy.onMessage(RedisPubSubClusterPolicy.java:167)
	at redis.clients.jedis.JedisPubSub.process(JedisPubSub.java:142)
	at redis.clients.jedis.JedisPubSub.proceed(JedisPubSub.java:115)
	at redis.clients.jedis.Jedis.subscribe(Jedis.java:2680)
	at cn.stu.cache.redis.RedisPubSubClusterPolicy.lambda$connect$0(RedisPubSubClusterPolicy.java:115)
	at java.lang.Thread.run(Thread.java:748)
[RedisSubscribeThread] ERROR cn.stu.cache.cluster.ClusterPolicy - Failed to handle received msg
cn.stu.cache.CacheException: Undefined [default] caffeine cache
	at cn.stu.cache.caffeine.CaffeineProvider.lambda$buildCache$1(CaffeineProvider.java:70)
	at java.util.concurrent.ConcurrentHashMap.computeIfAbsent(ConcurrentHashMap.java:1660)
	at cn.stu.cache.caffeine.CaffeineProvider.buildCache(CaffeineProvider.java:65)
	at cn.stu.cache.CacheProviderHolder.getLevel1Cache(CacheProviderHolder.java:108)
	at cn.stu.cache.redis.RedisPubSubClusterPolicy.clear(RedisPubSubClusterPolicy.java:98)
	at cn.stu.cache.cluster.ClusterPolicy.handleCommand(ClusterPolicy.java:106)
	at cn.stu.cache.redis.RedisPubSubClusterPolicy.onMessage(RedisPubSubClusterPolicy.java:167)
	at redis.clients.jedis.JedisPubSub.process(JedisPubSub.java:142)
	at redis.clients.jedis.JedisPubSub.proceed(JedisPubSub.java:115)
	at redis.clients.jedis.Jedis.subscribe(Jedis.java:2680)
	at cn.stu.cache.redis.RedisPubSubClusterPolicy.lambda$connect$0(RedisPubSubClusterPolicy.java:115)
	at java.lang.Thread.run(Thread.java:748)
[RedisSubscribeThread] ERROR cn.stu.cache.cluster.ClusterPolicy - Failed to handle received msg
cn.stu.cache.CacheException: Undefined [default] caffeine cache
	at cn.stu.cache.caffeine.CaffeineProvider.lambda$buildCache$1(CaffeineProvider.java:70)
	at java.util.concurrent.ConcurrentHashMap.computeIfAbsent(ConcurrentHashMap.java:1660)
	at cn.stu.cache.caffeine.CaffeineProvider.buildCache(CaffeineProvider.java:65)
	at cn.stu.cache.CacheProviderHolder.getLevel1Cache(CacheProviderHolder.java:108)
	at cn.stu.cache.redis.RedisPubSubClusterPolicy.clear(RedisPubSubClusterPolicy.java:98)
	at cn.stu.cache.cluster.ClusterPolicy.handleCommand(ClusterPolicy.java:106)
	at cn.stu.cache.redis.RedisPubSubClusterPolicy.onMessage(RedisPubSubClusterPolicy.java:167)
	at redis.clients.jedis.JedisPubSub.process(JedisPubSub.java:142)
	at redis.clients.jedis.JedisPubSub.proceed(JedisPubSub.java:115)
	at redis.clients.jedis.Jedis.subscribe(Jedis.java:2680)
	at cn.stu.cache.redis.RedisPubSubClusterPolicy.lambda$connect$0(RedisPubSubClusterPolicy.java:115)
	at java.lang.Thread.run(Thread.java:748)
[RedisSubscribeThread] ERROR cn.stu.cache.cluster.ClusterPolicy - Failed to handle received msg
cn.stu.cache.CacheException: Undefined [default] caffeine cache
	at cn.stu.cache.caffeine.CaffeineProvider.lambda$buildCache$1(CaffeineProvider.java:70)
	at java.util.concurrent.ConcurrentHashMap.computeIfAbsent(ConcurrentHashMap.java:1660)
	at cn.stu.cache.caffeine.CaffeineProvider.buildCache(CaffeineProvider.java:65)
	at cn.stu.cache.CacheProviderHolder.getLevel1Cache(CacheProviderHolder.java:108)
	at cn.stu.cache.redis.RedisPubSubClusterPolicy.clear(RedisPubSubClusterPolicy.java:98)
	at cn.stu.cache.cluster.ClusterPolicy.handleCommand(ClusterPolicy.java:106)
	at cn.stu.cache.redis.RedisPubSubClusterPolicy.onMessage(RedisPubSubClusterPolicy.java:167)
	at redis.clients.jedis.JedisPubSub.process(JedisPubSub.java:142)
	at redis.clients.jedis.JedisPubSub.proceed(JedisPubSub.java:115)
	at redis.clients.jedis.Jedis.subscribe(Jedis.java:2680)
[RedisSubscribeThread] ERROR cn.stu.cache.cluster.ClusterPolicy - Failed to handle received msg
	at cn.stu.cache.redis.RedisPubSubClusterPolicy.lambda$connect$0(RedisPubSubClusterPolicy.java:115)
	at java.lang.Thread.run(Thread.java:748)
cn.stu.cache.CacheException: Undefined [default] caffeine cache
	at cn.stu.cache.caffeine.CaffeineProvider.lambda$buildCache$1(CaffeineProvider.java:70)
	at java.util.concurrent.ConcurrentHashMap.computeIfAbsent(ConcurrentHashMap.java:1660)
	at cn.stu.cache.caffeine.CaffeineProvider.buildCache(CaffeineProvider.java:65)
	at cn.stu.cache.CacheProviderHolder.getLevel1Cache(CacheProviderHolder.java:108)
	at cn.stu.cache.redis.RedisPubSubClusterPolicy.clear(RedisPubSubClusterPolicy.java:98)
	at cn.stu.cache.cluster.ClusterPolicy.handleCommand(ClusterPolicy.java:106)
	at cn.stu.cache.redis.RedisPubSubClusterPolicy.onMessage(RedisPubSubClusterPolicy.java:167)
	at redis.clients.jedis.JedisPubSub.process(JedisPubSub.java:142)
	at redis.clients.jedis.JedisPubSub.proceed(JedisPubSub.java:115)
	at redis.clients.jedis.Jedis.subscribe(Jedis.java:2680)
	at cn.stu.cache.redis.RedisPubSubClusterPolicy.lambda$connect$0(RedisPubSubClusterPolicy.java:115)
	at java.lang.Thread.run(Thread.java:748)
[RedisSubscribeThread] ERROR cn.stu.cache.cluster.ClusterPolicy - Failed to handle received msg
cn.stu.cache.CacheException: Undefined [default] caffeine cache
	at cn.stu.cache.caffeine.CaffeineProvider.lambda$buildCache$1(CaffeineProvider.java:70)
	at java.util.concurrent.ConcurrentHashMap.computeIfAbsent(ConcurrentHashMap.java:1660)
	at cn.stu.cache.caffeine.CaffeineProvider.buildCache(CaffeineProvider.java:65)
[RedisSubscribeThread] ERROR cn.stu.cache.cluster.ClusterPolicy - Failed to handle received msg
	at cn.stu.cache.CacheProviderHolder.getLevel1Cache(CacheProviderHolder.java:108)
	at cn.stu.cache.redis.RedisPubSubClusterPolicy.clear(RedisPubSubClusterPolicy.java:98)
	at cn.stu.cache.cluster.ClusterPolicy.handleCommand(ClusterPolicy.java:106)
	at cn.stu.cache.redis.RedisPubSubClusterPolicy.onMessage(RedisPubSubClusterPolicy.java:167)
	at redis.clients.jedis.JedisPubSub.process(JedisPubSub.java:142)
	at redis.clients.jedis.JedisPubSub.proceed(JedisPubSub.java:115)
	at redis.clients.jedis.Jedis.subscribe(Jedis.java:2680)
	at cn.stu.cache.redis.RedisPubSubClusterPolicy.lambda$connect$0(RedisPubSubClusterPolicy.java:115)
	at java.lang.Thread.run(Thread.java:748)
cn.stu.cache.CacheException: Undefined [default] caffeine cache
	at cn.stu.cache.caffeine.CaffeineProvider.lambda$buildCache$1(CaffeineProvider.java:70)
	at java.util.concurrent.ConcurrentHashMap.computeIfAbsent(ConcurrentHashMap.java:1660)
	at cn.stu.cache.caffeine.CaffeineProvider.buildCache(CaffeineProvider.java:65)
	at cn.stu.cache.CacheProviderHolder.getLevel1Cache(CacheProviderHolder.java:108)
	at cn.stu.cache.redis.RedisPubSubClusterPolicy.clear(RedisPubSubClusterPolicy.java:98)
	at cn.stu.cache.cluster.ClusterPolicy.handleCommand(ClusterPolicy.java:106)
	at cn.stu.cache.redis.RedisPubSubClusterPolicy.onMessage(RedisPubSubClusterPolicy.java:167)
	at redis.clients.jedis.JedisPubSub.process(JedisPubSub.java:142)
	at redis.clients.jedis.JedisPubSub.proceed(JedisPubSub.java:115)
	at redis.clients.jedis.Jedis.subscribe(Jedis.java:2680)
	at cn.stu.cache.redis.RedisPubSubClusterPolicy.lambda$connect$0(RedisPubSubClusterPolicy.java:115)
	at java.lang.Thread.run(Thread.java:748)
[RedisSubscribeThread] ERROR cn.stu.cache.cluster.ClusterPolicy - Failed to handle received msg
cn.stu.cache.CacheException: Undefined [default] caffeine cache
	at cn.stu.cache.caffeine.CaffeineProvider.lambda$buildCache$1(CaffeineProvider.java:70)
	at java.util.concurrent.ConcurrentHashMap.computeIfAbsent(ConcurrentHashMap.java:1660)
	at cn.stu.cache.caffeine.CaffeineProvider.buildCache(CaffeineProvider.java:65)
	at cn.stu.cache.CacheProviderHolder.getLevel1Cache(CacheProviderHolder.java:108)
	at cn.stu.cache.redis.RedisPubSubClusterPolicy.clear(RedisPubSubClusterPolicy.java:98)
	at cn.stu.cache.cluster.ClusterPolicy.handleCommand(ClusterPolicy.java:106)
	at cn.stu.cache.redis.RedisPubSubClusterPolicy.onMessage(RedisPubSubClusterPolicy.java:167)
	at redis.clients.jedis.JedisPubSub.process(JedisPubSub.java:142)
	at redis.clients.jedis.JedisPubSub.proceed(JedisPubSub.java:115)
	at redis.clients.jedis.Jedis.subscribe(Jedis.java:2680)
	at cn.stu.cache.redis.RedisPubSubClusterPolicy.lambda$connect$0(RedisPubSubClusterPolicy.java:115)
	at java.lang.Thread.run(Thread.java:748)
[RedisSubscribeThread] ERROR cn.stu.cache.cluster.ClusterPolicy - Failed to handle received msg
cn.stu.cache.CacheException: Undefined [default] caffeine cache
	at cn.stu.cache.caffeine.CaffeineProvider.lambda$buildCache$1(CaffeineProvider.java:70)
	at java.util.concurrent.ConcurrentHashMap.computeIfAbsent(ConcurrentHashMap.java:1660)
	at cn.stu.cache.caffeine.CaffeineProvider.buildCache(CaffeineProvider.java:65)
[RedisSubscribeThread] ERROR cn.stu.cache.cluster.ClusterPolicy - Failed to handle received msg
	at cn.stu.cache.CacheProviderHolder.getLevel1Cache(CacheProviderHolder.java:108)
	at cn.stu.cache.redis.RedisPubSubClusterPolicy.clear(RedisPubSubClusterPolicy.java:98)
	at cn.stu.cache.cluster.ClusterPolicy.handleCommand(ClusterPolicy.java:106)
	at cn.stu.cache.redis.RedisPubSubClusterPolicy.onMessage(RedisPubSubClusterPolicy.java:167)
	at redis.clients.jedis.JedisPubSub.process(JedisPubSub.java:142)
	at redis.clients.jedis.JedisPubSub.proceed(JedisPubSub.java:115)
	at redis.clients.jedis.Jedis.subscribe(Jedis.java:2680)
	at cn.stu.cache.redis.RedisPubSubClusterPolicy.lambda$connect$0(RedisPubSubClusterPolicy.java:115)
	at java.lang.Thread.run(Thread.java:748)
cn.stu.cache.CacheException: Undefined [default] caffeine cache
[RedisSubscribeThread] ERROR cn.stu.cache.cluster.ClusterPolicy - Failed to handle received msg
	at cn.stu.cache.caffeine.CaffeineProvider.lambda$buildCache$1(CaffeineProvider.java:70)
	at java.util.concurrent.ConcurrentHashMap.computeIfAbsent(ConcurrentHashMap.java:1660)
	at cn.stu.cache.caffeine.CaffeineProvider.buildCache(CaffeineProvider.java:65)
	at cn.stu.cache.CacheProviderHolder.getLevel1Cache(CacheProviderHolder.java:108)
	at cn.stu.cache.redis.RedisPubSubClusterPolicy.clear(RedisPubSubClusterPolicy.java:98)
	at cn.stu.cache.cluster.ClusterPolicy.handleCommand(ClusterPolicy.java:106)
	at cn.stu.cache.redis.RedisPubSubClusterPolicy.onMessage(RedisPubSubClusterPolicy.java:167)
	at redis.clients.jedis.JedisPubSub.process(JedisPubSub.java:142)
	at redis.clients.jedis.JedisPubSub.proceed(JedisPubSub.java:115)
	at redis.clients.jedis.Jedis.subscribe(Jedis.java:2680)
	at cn.stu.cache.redis.RedisPubSubClusterPolicy.lambda$connect$0(RedisPubSubClusterPolicy.java:115)
	at java.lang.Thread.run(Thread.java:748)
[RedisSubscribeThread] ERROR cn.stu.cache.cluster.ClusterPolicy - Failed to handle received msg
cn.stu.cache.CacheException: Undefined [default] caffeine cache
	at cn.stu.cache.caffeine.CaffeineProvider.lambda$buildCache$1(CaffeineProvider.java:70)
	at java.util.concurrent.ConcurrentHashMap.computeIfAbsent(ConcurrentHashMap.java:1660)
	at cn.stu.cache.caffeine.CaffeineProvider.buildCache(CaffeineProvider.java:65)
	at cn.stu.cache.CacheProviderHolder.getLevel1Cache(CacheProviderHolder.java:108)
	at cn.stu.cache.redis.RedisPubSubClusterPolicy.clear(RedisPubSubClusterPolicy.java:98)
	at cn.stu.cache.cluster.ClusterPolicy.handleCommand(ClusterPolicy.java:106)
	at cn.stu.cache.redis.RedisPubSubClusterPolicy.onMessage(RedisPubSubClusterPolicy.java:167)
	at redis.clients.jedis.JedisPubSub.process(JedisPubSub.java:142)
	at redis.clients.jedis.JedisPubSub.proceed(JedisPubSub.java:115)
	at redis.clients.jedis.Jedis.subscribe(Jedis.java:2680)
	at cn.stu.cache.redis.RedisPubSubClusterPolicy.lambda$connect$0(RedisPubSubClusterPolicy.java:115)
	at java.lang.Thread.run(Thread.java:748)
cn.stu.cache.CacheException: Undefined [default] caffeine cache
	at cn.stu.cache.caffeine.CaffeineProvider.lambda$buildCache$1(CaffeineProvider.java:70)
	at java.util.concurrent.ConcurrentHashMap.computeIfAbsent(ConcurrentHashMap.java:1660)
	at cn.stu.cache.caffeine.CaffeineProvider.buildCache(CaffeineProvider.java:65)
	at cn.stu.cache.CacheProviderHolder.getLevel1Cache(CacheProviderHolder.java:108)
	at cn.stu.cache.redis.RedisPubSubClusterPolicy.clear(RedisPubSubClusterPolicy.java:98)
	at cn.stu.cache.cluster.ClusterPolicy.handleCommand(ClusterPolicy.java:106)
	at cn.stu.cache.redis.RedisPubSubClusterPolicy.onMessage(RedisPubSubClusterPolicy.java:167)
	at redis.clients.jedis.JedisPubSub.process(JedisPubSub.java:142)
	at redis.clients.jedis.JedisPubSub.proceed(JedisPubSub.java:115)
	at redis.clients.jedis.Jedis.subscribe(Jedis.java:2680)
	at cn.stu.cache.redis.RedisPubSubClusterPolicy.lambda$connect$0(RedisPubSubClusterPolicy.java:115)
	at java.lang.Thread.run(Thread.java:748)
[RedisSubscribeThread] ERROR cn.stu.cache.cluster.ClusterPolicy - Failed to handle received msg
cn.stu.cache.CacheException: Undefined [default] caffeine cache
	at cn.stu.cache.caffeine.CaffeineProvider.lambda$buildCache$1(CaffeineProvider.java:70)
	at java.util.concurrent.ConcurrentHashMap.computeIfAbsent(ConcurrentHashMap.java:1660)
	at cn.stu.cache.caffeine.CaffeineProvider.buildCache(CaffeineProvider.java:65)
	at cn.stu.cache.CacheProviderHolder.getLevel1Cache(CacheProviderHolder.java:108)
	at cn.stu.cache.redis.RedisPubSubClusterPolicy.clear(RedisPubSubClusterPolicy.java:98)
	at cn.stu.cache.cluster.ClusterPolicy.handleCommand(ClusterPolicy.java:106)
	at cn.stu.cache.redis.RedisPubSubClusterPolicy.onMessage(RedisPubSubClusterPolicy.java:167)
	at redis.clients.jedis.JedisPubSub.process(JedisPubSub.java:142)
	at redis.clients.jedis.JedisPubSub.proceed(JedisPubSub.java:115)
	at redis.clients.jedis.Jedis.subscribe(Jedis.java:2680)
	at cn.stu.cache.redis.RedisPubSubClusterPolicy.lambda$connect$0(RedisPubSubClusterPolicy.java:115)
	at java.lang.Thread.run(Thread.java:748)
[RedisSubscribeThread] ERROR cn.stu.cache.cluster.ClusterPolicy - Failed to handle received msg
cn.stu.cache.CacheException: Undefined [default] caffeine cache
	at cn.stu.cache.caffeine.CaffeineProvider.lambda$buildCache$1(CaffeineProvider.java:70)
	at java.util.concurrent.ConcurrentHashMap.computeIfAbsent(ConcurrentHashMap.java:1660)
	at cn.stu.cache.caffeine.CaffeineProvider.buildCache(CaffeineProvider.java:65)
	at cn.stu.cache.CacheProviderHolder.getLevel1Cache(CacheProviderHolder.java:108)
	at cn.stu.cache.redis.RedisPubSubClusterPolicy.clear(RedisPubSubClusterPolicy.java:98)
	at cn.stu.cache.cluster.ClusterPolicy.handleCommand(ClusterPolicy.java:106)
	at cn.stu.cache.redis.RedisPubSubClusterPolicy.onMessage(RedisPubSubClusterPolicy.java:167)
	at redis.clients.jedis.JedisPubSub.process(JedisPubSub.java:142)
	at redis.clients.jedis.JedisPubSub.proceed(JedisPubSub.java:115)
	at redis.clients.jedis.Jedis.subscribe(Jedis.java:2680)
	at cn.stu.cache.redis.RedisPubSubClusterPolicy.lambda$connect$0(RedisPubSubClusterPolicy.java:115)
	at java.lang.Thread.run(Thread.java:748)
[RedisSubscribeThread] ERROR cn.stu.cache.cluster.ClusterPolicy - Failed to handle received msg
cn.stu.cache.CacheException: Undefined [default] caffeine cache
	at cn.stu.cache.caffeine.CaffeineProvider.lambda$buildCache$1(CaffeineProvider.java:70)
	at java.util.concurrent.ConcurrentHashMap.computeIfAbsent(ConcurrentHashMap.java:1660)
	at cn.stu.cache.caffeine.CaffeineProvider.buildCache(CaffeineProvider.java:65)
	at cn.stu.cache.CacheProviderHolder.getLevel1Cache(CacheProviderHolder.java:108)
	at cn.stu.cache.redis.RedisPubSubClusterPolicy.clear(RedisPubSubClusterPolicy.java:98)
	at cn.stu.cache.cluster.ClusterPolicy.handleCommand(ClusterPolicy.java:106)
	at cn.stu.cache.redis.RedisPubSubClusterPolicy.onMessage(RedisPubSubClusterPolicy.java:167)
	at redis.clients.jedis.JedisPubSub.process(JedisPubSub.java:142)
	at redis.clients.jedis.JedisPubSub.proceed(JedisPubSub.java:115)
	at redis.clients.jedis.Jedis.subscribe(Jedis.java:2680)
	at cn.stu.cache.redis.RedisPubSubClusterPolicy.lambda$connect$0(RedisPubSubClusterPolicy.java:115)
	at java.lang.Thread.run(Thread.java:748)
[RedisSubscribeThread] ERROR cn.stu.cache.cluster.ClusterPolicy - Failed to handle received msg
cn.stu.cache.CacheException: Undefined [default] caffeine cache
	at cn.stu.cache.caffeine.CaffeineProvider.lambda$buildCache$1(CaffeineProvider.java:70)
	at java.util.concurrent.ConcurrentHashMap.computeIfAbsent(ConcurrentHashMap.java:1660)
	at cn.stu.cache.caffeine.CaffeineProvider.buildCache(CaffeineProvider.java:65)
	at cn.stu.cache.CacheProviderHolder.getLevel1Cache(CacheProviderHolder.java:108)
	at cn.stu.cache.redis.RedisPubSubClusterPolicy.clear(RedisPubSubClusterPolicy.java:98)
	at cn.stu.cache.cluster.ClusterPolicy.handleCommand(ClusterPolicy.java:106)
	at cn.stu.cache.redis.RedisPubSubClusterPolicy.onMessage(RedisPubSubClusterPolicy.java:167)
	at redis.clients.jedis.JedisPubSub.process(JedisPubSub.java:142)
	at redis.clients.jedis.JedisPubSub.proceed(JedisPubSub.java:115)
	at redis.clients.jedis.Jedis.subscribe(Jedis.java:2680)
	at cn.stu.cache.redis.RedisPubSubClusterPolicy.lambda$connect$0(RedisPubSubClusterPolicy.java:115)
	at java.lang.Thread.run(Thread.java:748)
[RedisSubscribeThread] ERROR cn.stu.cache.cluster.ClusterPolicy - Failed to handle received msg
cn.stu.cache.CacheException: Undefined [default] caffeine cache
	at cn.stu.cache.caffeine.CaffeineProvider.lambda$buildCache$1(CaffeineProvider.java:70)
	at java.util.concurrent.ConcurrentHashMap.computeIfAbsent(ConcurrentHashMap.java:1660)
	at cn.stu.cache.caffeine.CaffeineProvider.buildCache(CaffeineProvider.java:65)
	at cn.stu.cache.CacheProviderHolder.getLevel1Cache(CacheProviderHolder.java:108)
	at cn.stu.cache.redis.RedisPubSubClusterPolicy.clear(RedisPubSubClusterPolicy.java:98)
	at cn.stu.cache.cluster.ClusterPolicy.handleCommand(ClusterPolicy.java:106)
	at cn.stu.cache.redis.RedisPubSubClusterPolicy.onMessage(RedisPubSubClusterPolicy.java:167)
	at redis.clients.jedis.JedisPubSub.process(JedisPubSub.java:142)
	at redis.clients.jedis.JedisPubSub.proceed(JedisPubSub.java:115)
	at redis.clients.jedis.Jedis.subscribe(Jedis.java:2680)
	at cn.stu.cache.redis.RedisPubSubClusterPolicy.lambda$connect$0(RedisPubSubClusterPolicy.java:115)
	at java.lang.Thread.run(Thread.java:748)
[RedisSubscribeThread] ERROR cn.stu.cache.cluster.ClusterPolicy - Failed to handle received msg
cn.stu.cache.CacheException: Undefined [default] caffeine cache
	at cn.stu.cache.caffeine.CaffeineProvider.lambda$buildCache$1(CaffeineProvider.java:70)
	at java.util.concurrent.ConcurrentHashMap.computeIfAbsent(ConcurrentHashMap.java:1660)
	at cn.stu.cache.caffeine.CaffeineProvider.buildCache(CaffeineProvider.java:65)
	at cn.stu.cache.CacheProviderHolder.getLevel1Cache(CacheProviderHolder.java:108)
	at cn.stu.cache.redis.RedisPubSubClusterPolicy.clear(RedisPubSubClusterPolicy.java:98)
	at cn.stu.cache.cluster.ClusterPolicy.handleCommand(ClusterPolicy.java:106)
	at cn.stu.cache.redis.RedisPubSubClusterPolicy.onMessage(RedisPubSubClusterPolicy.java:167)
	at redis.clients.jedis.JedisPubSub.process(JedisPubSub.java:142)
	at redis.clients.jedis.JedisPubSub.proceed(JedisPubSub.java:115)
	at redis.clients.jedis.Jedis.subscribe(Jedis.java:2680)
	at cn.stu.cache.redis.RedisPubSubClusterPolicy.lambda$connect$0(RedisPubSubClusterPolicy.java:115)
	at java.lang.Thread.run(Thread.java:748)
[RedisSubscribeThread] ERROR cn.stu.cache.cluster.ClusterPolicy - Failed to handle received msg
cn.stu.cache.CacheException: Undefined [default] caffeine cache
	at cn.stu.cache.caffeine.CaffeineProvider.lambda$buildCache$1(CaffeineProvider.java:70)
	at java.util.concurrent.ConcurrentHashMap.computeIfAbsent(ConcurrentHashMap.java:1660)
	at cn.stu.cache.caffeine.CaffeineProvider.buildCache(CaffeineProvider.java:65)
	at cn.stu.cache.CacheProviderHolder.getLevel1Cache(CacheProviderHolder.java:108)
	at cn.stu.cache.redis.RedisPubSubClusterPolicy.clear(RedisPubSubClusterPolicy.java:98)
	at cn.stu.cache.cluster.ClusterPolicy.handleCommand(ClusterPolicy.java:106)
	at cn.stu.cache.redis.RedisPubSubClusterPolicy.onMessage(RedisPubSubClusterPolicy.java:167)
	at redis.clients.jedis.JedisPubSub.process(JedisPubSub.java:142)
	at redis.clients.jedis.JedisPubSub.proceed(JedisPubSub.java:115)
	at redis.clients.jedis.Jedis.subscribe(Jedis.java:2680)
	at cn.stu.cache.redis.RedisPubSubClusterPolicy.lambda$connect$0(RedisPubSubClusterPolicy.java:115)
	at java.lang.Thread.run(Thread.java:748)
[RedisSubscribeThread] ERROR cn.stu.cache.cluster.ClusterPolicy - Failed to handle received msg
cn.stu.cache.CacheException: Undefined [default] caffeine cache
	at cn.stu.cache.caffeine.CaffeineProvider.lambda$buildCache$1(CaffeineProvider.java:70)
	at java.util.concurrent.ConcurrentHashMap.computeIfAbsent(ConcurrentHashMap.java:1660)
	at cn.stu.cache.caffeine.CaffeineProvider.buildCache(CaffeineProvider.java:65)
	at cn.stu.cache.CacheProviderHolder.getLevel1Cache(CacheProviderHolder.java:108)
	at cn.stu.cache.redis.RedisPubSubClusterPolicy.clear(RedisPubSubClusterPolicy.java:98)
	at cn.stu.cache.cluster.ClusterPolicy.handleCommand(ClusterPolicy.java:106)
	at cn.stu.cache.redis.RedisPubSubClusterPolicy.onMessage(RedisPubSubClusterPolicy.java:167)
	at redis.clients.jedis.JedisPubSub.process(JedisPubSub.java:142)
	at redis.clients.jedis.JedisPubSub.proceed(JedisPubSub.java:115)
	at redis.clients.jedis.Jedis.subscribe(Jedis.java:2680)
	at cn.stu.cache.redis.RedisPubSubClusterPolicy.lambda$connect$0(RedisPubSubClusterPolicy.java:115)
	at java.lang.Thread.run(Thread.java:748)
[RedisSubscribeThread] ERROR cn.stu.cache.cluster.ClusterPolicy - Failed to handle received msg
[RedisSubscribeThread] ERROR cn.stu.cache.cluster.ClusterPolicy - Failed to handle received msg
cn.stu.cache.CacheException: Undefined [default] caffeine cache
	at cn.stu.cache.caffeine.CaffeineProvider.lambda$buildCache$1(CaffeineProvider.java:70)
	at java.util.concurrent.ConcurrentHashMap.computeIfAbsent(ConcurrentHashMap.java:1660)
	at cn.stu.cache.caffeine.CaffeineProvider.buildCache(CaffeineProvider.java:65)
	at cn.stu.cache.CacheProviderHolder.getLevel1Cache(CacheProviderHolder.java:108)
[RedisSubscribeThread] ERROR cn.stu.cache.cluster.ClusterPolicy - Failed to handle received msg
	at cn.stu.cache.redis.RedisPubSubClusterPolicy.clear(RedisPubSubClusterPolicy.java:98)
	at cn.stu.cache.cluster.ClusterPolicy.handleCommand(ClusterPolicy.java:106)
	at cn.stu.cache.redis.RedisPubSubClusterPolicy.onMessage(RedisPubSubClusterPolicy.java:167)
	at redis.clients.jedis.JedisPubSub.process(JedisPubSub.java:142)
	at redis.clients.jedis.JedisPubSub.proceed(JedisPubSub.java:115)
	at redis.clients.jedis.Jedis.subscribe(Jedis.java:2680)
	at cn.stu.cache.redis.RedisPubSubClusterPolicy.lambda$connect$0(RedisPubSubClusterPolicy.java:115)
	at java.lang.Thread.run(Thread.java:748)
cn.stu.cache.CacheException: Undefined [default] caffeine cache
	at cn.stu.cache.caffeine.CaffeineProvider.lambda$buildCache$1(CaffeineProvider.java:70)
	at java.util.concurrent.ConcurrentHashMap.computeIfAbsent(ConcurrentHashMap.java:1660)
	at cn.stu.cache.caffeine.CaffeineProvider.buildCache(CaffeineProvider.java:65)
	at cn.stu.cache.CacheProviderHolder.getLevel1Cache(CacheProviderHolder.java:108)
	at cn.stu.cache.redis.RedisPubSubClusterPolicy.clear(RedisPubSubClusterPolicy.java:98)
	at cn.stu.cache.cluster.ClusterPolicy.handleCommand(ClusterPolicy.java:106)
	at cn.stu.cache.redis.RedisPubSubClusterPolicy.onMessage(RedisPubSubClusterPolicy.java:167)
	at redis.clients.jedis.JedisPubSub.process(JedisPubSub.java:142)
	at redis.clients.jedis.JedisPubSub.proceed(JedisPubSub.java:115)
	at redis.clients.jedis.Jedis.subscribe(Jedis.java:2680)
	at cn.stu.cache.redis.RedisPubSubClusterPolicy.lambda$connect$0(RedisPubSubClusterPolicy.java:115)
	at java.lang.Thread.run(Thread.java:748)
[RedisSubscribeThread] ERROR cn.stu.cache.cluster.ClusterPolicy - Failed to handle received msg
cn.stu.cache.CacheException: Undefined [default] caffeine cache
	at cn.stu.cache.caffeine.CaffeineProvider.lambda$buildCache$1(CaffeineProvider.java:70)
	at java.util.concurrent.ConcurrentHashMap.computeIfAbsent(ConcurrentHashMap.java:1660)
	at cn.stu.cache.caffeine.CaffeineProvider.buildCache(CaffeineProvider.java:65)
	at cn.stu.cache.CacheProviderHolder.getLevel1Cache(CacheProviderHolder.java:108)
	at cn.stu.cache.redis.RedisPubSubClusterPolicy.clear(RedisPubSubClusterPolicy.java:98)
	at cn.stu.cache.cluster.ClusterPolicy.handleCommand(ClusterPolicy.java:106)
	at cn.stu.cache.redis.RedisPubSubClusterPolicy.onMessage(RedisPubSubClusterPolicy.java:167)
	at redis.clients.jedis.JedisPubSub.process(JedisPubSub.java:142)
	at redis.clients.jedis.JedisPubSub.proceed(JedisPubSub.java:115)
	at redis.clients.jedis.Jedis.subscribe(Jedis.java:2680)
	at cn.stu.cache.redis.RedisPubSubClusterPolicy.lambda$connect$0(RedisPubSubClusterPolicy.java:115)
[RedisSubscribeThread] ERROR cn.stu.cache.cluster.ClusterPolicy - Failed to handle received msg
	at java.lang.Thread.run(Thread.java:748)
cn.stu.cache.CacheException: Undefined [default] caffeine cache
	at cn.stu.cache.caffeine.CaffeineProvider.lambda$buildCache$1(CaffeineProvider.java:70)
	at java.util.concurrent.ConcurrentHashMap.computeIfAbsent(ConcurrentHashMap.java:1660)
	at cn.stu.cache.caffeine.CaffeineProvider.buildCache(CaffeineProvider.java:65)
	at cn.stu.cache.CacheProviderHolder.getLevel1Cache(CacheProviderHolder.java:108)
	at cn.stu.cache.redis.RedisPubSubClusterPolicy.clear(RedisPubSubClusterPolicy.java:98)
	at cn.stu.cache.cluster.ClusterPolicy.handleCommand(ClusterPolicy.java:106)
	at cn.stu.cache.redis.RedisPubSubClusterPolicy.onMessage(RedisPubSubClusterPolicy.java:167)
	at redis.clients.jedis.JedisPubSub.process(JedisPubSub.java:142)
	at redis.clients.jedis.JedisPubSub.proceed(JedisPubSub.java:115)
	at redis.clients.jedis.Jedis.subscribe(Jedis.java:2680)
	at cn.stu.cache.redis.RedisPubSubClusterPolicy.lambda$connect$0(RedisPubSubClusterPolicy.java:115)
	at java.lang.Thread.run(Thread.java:748)
[RedisSubscribeThread] ERROR cn.stu.cache.cluster.ClusterPolicy - Failed to handle received msg
cn.stu.cache.CacheException: Undefined [default] caffeine cache
	at cn.stu.cache.caffeine.CaffeineProvider.lambda$buildCache$1(CaffeineProvider.java:70)
	at java.util.concurrent.ConcurrentHashMap.computeIfAbsent(ConcurrentHashMap.java:1660)
[RedisSubscribeThread] ERROR cn.stu.cache.cluster.ClusterPolicy - Failed to handle received msg
	at cn.stu.cache.caffeine.CaffeineProvider.buildCache(CaffeineProvider.java:65)
	at cn.stu.cache.CacheProviderHolder.getLevel1Cache(CacheProviderHolder.java:108)
	at cn.stu.cache.redis.RedisPubSubClusterPolicy.clear(RedisPubSubClusterPolicy.java:98)
	at cn.stu.cache.cluster.ClusterPolicy.handleCommand(ClusterPolicy.java:106)
	at cn.stu.cache.redis.RedisPubSubClusterPolicy.onMessage(RedisPubSubClusterPolicy.java:167)
	at redis.clients.jedis.JedisPubSub.process(JedisPubSub.java:142)
	at redis.clients.jedis.JedisPubSub.proceed(JedisPubSub.java:115)
	at redis.clients.jedis.Jedis.subscribe(Jedis.java:2680)
	at cn.stu.cache.redis.RedisPubSubClusterPolicy.lambda$connect$0(RedisPubSubClusterPolicy.java:115)
	at java.lang.Thread.run(Thread.java:748)
cn.stu.cache.CacheException: Undefined [default] caffeine cache
	at cn.stu.cache.caffeine.CaffeineProvider.lambda$buildCache$1(CaffeineProvider.java:70)
	at java.util.concurrent.ConcurrentHashMap.computeIfAbsent(ConcurrentHashMap.java:1660)
	at cn.stu.cache.caffeine.CaffeineProvider.buildCache(CaffeineProvider.java:65)
	at cn.stu.cache.CacheProviderHolder.getLevel1Cache(CacheProviderHolder.java:108)
	at cn.stu.cache.redis.RedisPubSubClusterPolicy.clear(RedisPubSubClusterPolicy.java:98)
	at cn.stu.cache.cluster.ClusterPolicy.handleCommand(ClusterPolicy.java:106)
	at cn.stu.cache.redis.RedisPubSubClusterPolicy.onMessage(RedisPubSubClusterPolicy.java:167)
	at redis.clients.jedis.JedisPubSub.process(JedisPubSub.java:142)
	at redis.clients.jedis.JedisPubSub.proceed(JedisPubSub.java:115)
	at redis.clients.jedis.Jedis.subscribe(Jedis.java:2680)
	at cn.stu.cache.redis.RedisPubSubClusterPolicy.lambda$connect$0(RedisPubSubClusterPolicy.java:115)
	at java.lang.Thread.run(Thread.java:748)
[RedisSubscribeThread] ERROR cn.stu.cache.cluster.ClusterPolicy - Failed to handle received msg
cn.stu.cache.CacheException: Undefined [default] caffeine cache
	at cn.stu.cache.caffeine.CaffeineProvider.lambda$buildCache$1(CaffeineProvider.java:70)
	at java.util.concurrent.ConcurrentHashMap.computeIfAbsent(ConcurrentHashMap.java:1660)
	at cn.stu.cache.caffeine.CaffeineProvider.buildCache(CaffeineProvider.java:65)
	at cn.stu.cache.CacheProviderHolder.getLevel1Cache(CacheProviderHolder.java:108)
	at cn.stu.cache.redis.RedisPubSubClusterPolicy.clear(RedisPubSubClusterPolicy.java:98)
	at cn.stu.cache.cluster.ClusterPolicy.handleCommand(ClusterPolicy.java:106)
	at cn.stu.cache.redis.RedisPubSubClusterPolicy.onMessage(RedisPubSubClusterPolicy.java:167)
	at redis.clients.jedis.JedisPubSub.process(JedisPubSub.java:142)
	at redis.clients.jedis.JedisPubSub.proceed(JedisPubSub.java:115)
	at redis.clients.jedis.Jedis.subscribe(Jedis.java:2680)
	at cn.stu.cache.redis.RedisPubSubClusterPolicy.lambda$connect$0(RedisPubSubClusterPolicy.java:115)
	at java.lang.Thread.run(Thread.java:748)
cn.stu.cache.CacheException: Undefined [default] caffeine cache
	at cn.stu.cache.caffeine.CaffeineProvider.lambda$buildCache$1(CaffeineProvider.java:70)
	at java.util.concurrent.ConcurrentHashMap.computeIfAbsent(ConcurrentHashMap.java:1660)
	at cn.stu.cache.caffeine.CaffeineProvider.buildCache(CaffeineProvider.java:65)
	at cn.stu.cache.CacheProviderHolder.getLevel1Cache(CacheProviderHolder.java:108)
	at cn.stu.cache.redis.RedisPubSubClusterPolicy.clear(RedisPubSubClusterPolicy.java:98)
	at cn.stu.cache.cluster.ClusterPolicy.handleCommand(ClusterPolicy.java:106)
	at cn.stu.cache.redis.RedisPubSubClusterPolicy.onMessage(RedisPubSubClusterPolicy.java:167)
	at redis.clients.jedis.JedisPubSub.process(JedisPubSub.java:142)
	at redis.clients.jedis.JedisPubSub.proceed(JedisPubSub.java:115)
	at redis.clients.jedis.Jedis.subscribe(Jedis.java:2680)
	at cn.stu.cache.redis.RedisPubSubClusterPolicy.lambda$connect$0(RedisPubSubClusterPolicy.java:115)
	at java.lang.Thread.run(Thread.java:748)
[RedisSubscribeThread] ERROR cn.stu.cache.cluster.ClusterPolicy - Failed to handle received msg
cn.stu.cache.CacheException: Undefined [default] caffeine cache
	at cn.stu.cache.caffeine.CaffeineProvider.lambda$buildCache$1(CaffeineProvider.java:70)
	at java.util.concurrent.ConcurrentHashMap.computeIfAbsent(ConcurrentHashMap.java:1660)
	at cn.stu.cache.caffeine.CaffeineProvider.buildCache(CaffeineProvider.java:65)
	at cn.stu.cache.CacheProviderHolder.getLevel1Cache(CacheProviderHolder.java:108)
	at cn.stu.cache.redis.RedisPubSubClusterPolicy.clear(RedisPubSubClusterPolicy.java:98)
	at cn.stu.cache.cluster.ClusterPolicy.handleCommand(ClusterPolicy.java:106)
	at cn.stu.cache.redis.RedisPubSubClusterPolicy.onMessage(RedisPubSubClusterPolicy.java:167)
	at redis.clients.jedis.JedisPubSub.process(JedisPubSub.java:142)
	at redis.clients.jedis.JedisPubSub.proceed(JedisPubSub.java:115)
	at redis.clients.jedis.Jedis.subscribe(Jedis.java:2680)
[RedisSubscribeThread] ERROR cn.stu.cache.cluster.ClusterPolicy - Failed to handle received msg
	at cn.stu.cache.redis.RedisPubSubClusterPolicy.lambda$connect$0(RedisPubSubClusterPolicy.java:115)
	at java.lang.Thread.run(Thread.java:748)
cn.stu.cache.CacheException: Undefined [default] caffeine cache
	at cn.stu.cache.caffeine.CaffeineProvider.lambda$buildCache$1(CaffeineProvider.java:70)
	at java.util.concurrent.ConcurrentHashMap.computeIfAbsent(ConcurrentHashMap.java:1660)
	at cn.stu.cache.caffeine.CaffeineProvider.buildCache(CaffeineProvider.java:65)
	at cn.stu.cache.CacheProviderHolder.getLevel1Cache(CacheProviderHolder.java:108)
	at cn.stu.cache.redis.RedisPubSubClusterPolicy.clear(RedisPubSubClusterPolicy.java:98)
	at cn.stu.cache.cluster.ClusterPolicy.handleCommand(ClusterPolicy.java:106)
	at cn.stu.cache.redis.RedisPubSubClusterPolicy.onMessage(RedisPubSubClusterPolicy.java:167)
	at redis.clients.jedis.JedisPubSub.process(JedisPubSub.java:142)
	at redis.clients.jedis.JedisPubSub.proceed(JedisPubSub.java:115)
	at redis.clients.jedis.Jedis.subscribe(Jedis.java:2680)
	at cn.stu.cache.redis.RedisPubSubClusterPolicy.lambda$connect$0(RedisPubSubClusterPolicy.java:115)
	at java.lang.Thread.run(Thread.java:748)
[RedisSubscribeThread] ERROR cn.stu.cache.cluster.ClusterPolicy - Failed to handle received msg
cn.stu.cache.CacheException: Undefined [default] caffeine cache
	at cn.stu.cache.caffeine.CaffeineProvider.lambda$buildCache$1(CaffeineProvider.java:70)
[RedisSubscribeThread] ERROR cn.stu.cache.cluster.ClusterPolicy - Failed to handle received msg
	at java.util.concurrent.ConcurrentHashMap.computeIfAbsent(ConcurrentHashMap.java:1660)
	at cn.stu.cache.caffeine.CaffeineProvider.buildCache(CaffeineProvider.java:65)
	at cn.stu.cache.CacheProviderHolder.getLevel1Cache(CacheProviderHolder.java:108)
	at cn.stu.cache.redis.RedisPubSubClusterPolicy.clear(RedisPubSubClusterPolicy.java:98)
	at cn.stu.cache.cluster.ClusterPolicy.handleCommand(ClusterPolicy.java:106)
	at cn.stu.cache.redis.RedisPubSubClusterPolicy.onMessage(RedisPubSubClusterPolicy.java:167)
	at redis.clients.jedis.JedisPubSub.process(JedisPubSub.java:142)
	at redis.clients.jedis.JedisPubSub.proceed(JedisPubSub.java:115)
	at redis.clients.jedis.Jedis.subscribe(Jedis.java:2680)
	at cn.stu.cache.redis.RedisPubSubClusterPolicy.lambda$connect$0(RedisPubSubClusterPolicy.java:115)
	at java.lang.Thread.run(Thread.java:748)
cn.stu.cache.CacheException: Undefined [default] caffeine cache
	at cn.stu.cache.caffeine.CaffeineProvider.lambda$buildCache$1(CaffeineProvider.java:70)
	at java.util.concurrent.ConcurrentHashMap.computeIfAbsent(ConcurrentHashMap.java:1660)
	at cn.stu.cache.caffeine.CaffeineProvider.buildCache(CaffeineProvider.java:65)
	at cn.stu.cache.CacheProviderHolder.getLevel1Cache(CacheProviderHolder.java:108)
	at cn.stu.cache.redis.RedisPubSubClusterPolicy.clear(RedisPubSubClusterPolicy.java:98)
	at cn.stu.cache.cluster.ClusterPolicy.handleCommand(ClusterPolicy.java:106)
	at cn.stu.cache.redis.RedisPubSubClusterPolicy.onMessage(RedisPubSubClusterPolicy.java:167)
	at redis.clients.jedis.JedisPubSub.process(JedisPubSub.java:142)
	at redis.clients.jedis.JedisPubSub.proceed(JedisPubSub.java:115)
	at redis.clients.jedis.Jedis.subscribe(Jedis.java:2680)
	at cn.stu.cache.redis.RedisPubSubClusterPolicy.lambda$connect$0(RedisPubSubClusterPolicy.java:115)
	at java.lang.Thread.run(Thread.java:748)
[RedisSubscribeThread] ERROR cn.stu.cache.cluster.ClusterPolicy - Failed to handle received msg
cn.stu.cache.CacheException: Undefined [default] caffeine cache
	at cn.stu.cache.caffeine.CaffeineProvider.lambda$buildCache$1(CaffeineProvider.java:70)
	at java.util.concurrent.ConcurrentHashMap.computeIfAbsent(ConcurrentHashMap.java:1660)
	at cn.stu.cache.caffeine.CaffeineProvider.buildCache(CaffeineProvider.java:65)
	at cn.stu.cache.CacheProviderHolder.getLevel1Cache(CacheProviderHolder.java:108)
	at cn.stu.cache.redis.RedisPubSubClusterPolicy.clear(RedisPubSubClusterPolicy.java:98)
	at cn.stu.cache.cluster.ClusterPolicy.handleCommand(ClusterPolicy.java:106)
	at cn.stu.cache.redis.RedisPubSubClusterPolicy.onMessage(RedisPubSubClusterPolicy.java:167)
	at redis.clients.jedis.JedisPubSub.process(JedisPubSub.java:142)
	at redis.clients.jedis.JedisPubSub.proceed(JedisPubSub.java:115)
	at redis.clients.jedis.Jedis.subscribe(Jedis.java:2680)
	at cn.stu.cache.redis.RedisPubSubClusterPolicy.lambda$connect$0(RedisPubSubClusterPolicy.java:115)
	at java.lang.Thread.run(Thread.java:748)
[RedisSubscribeThread] ERROR cn.stu.cache.cluster.ClusterPolicy - Failed to handle received msg
cn.stu.cache.CacheException: Undefined [default] caffeine cache
	at cn.stu.cache.caffeine.CaffeineProvider.lambda$buildCache$1(CaffeineProvider.java:70)
	at java.util.concurrent.ConcurrentHashMap.computeIfAbsent(ConcurrentHashMap.java:1660)
	at cn.stu.cache.caffeine.CaffeineProvider.buildCache(CaffeineProvider.java:65)
	at cn.stu.cache.CacheProviderHolder.getLevel1Cache(CacheProviderHolder.java:108)
	at cn.stu.cache.redis.RedisPubSubClusterPolicy.clear(RedisPubSubClusterPolicy.java:98)
	at cn.stu.cache.cluster.ClusterPolicy.handleCommand(ClusterPolicy.java:106)
	at cn.stu.cache.redis.RedisPubSubClusterPolicy.onMessage(RedisPubSubClusterPolicy.java:167)
	at redis.clients.jedis.JedisPubSub.process(JedisPubSub.java:142)
	at redis.clients.jedis.JedisPubSub.proceed(JedisPubSub.java:115)
	at redis.clients.jedis.Jedis.subscribe(Jedis.java:2680)
	at cn.stu.cache.redis.RedisPubSubClusterPolicy.lambda$connect$0(RedisPubSubClusterPolicy.java:115)
	at java.lang.Thread.run(Thread.java:748)
[RedisSubscribeThread] ERROR cn.stu.cache.cluster.ClusterPolicy - Failed to handle received msg
cn.stu.cache.CacheException: Undefined [default] caffeine cache
	at cn.stu.cache.caffeine.CaffeineProvider.lambda$buildCache$1(CaffeineProvider.java:70)
	at java.util.concurrent.ConcurrentHashMap.computeIfAbsent(ConcurrentHashMap.java:1660)
	at cn.stu.cache.caffeine.CaffeineProvider.buildCache(CaffeineProvider.java:65)
	at cn.stu.cache.CacheProviderHolder.getLevel1Cache(CacheProviderHolder.java:108)
	at cn.stu.cache.redis.RedisPubSubClusterPolicy.clear(RedisPubSubClusterPolicy.java:98)
	at cn.stu.cache.cluster.ClusterPolicy.handleCommand(ClusterPolicy.java:106)
	at cn.stu.cache.redis.RedisPubSubClusterPolicy.onMessage(RedisPubSubClusterPolicy.java:167)
	at redis.clients.jedis.JedisPubSub.process(JedisPubSub.java:142)
	at redis.clients.jedis.JedisPubSub.proceed(JedisPubSub.java:115)
	at redis.clients.jedis.Jedis.subscribe(Jedis.java:2680)
	at cn.stu.cache.redis.RedisPubSubClusterPolicy.lambda$connect$0(RedisPubSubClusterPolicy.java:115)
	at java.lang.Thread.run(Thread.java:748)
[RedisSubscribeThread] ERROR cn.stu.cache.cluster.ClusterPolicy - Failed to handle received msg
[RedisSubscribeThread] ERROR cn.stu.cache.cluster.ClusterPolicy - Failed to handle received msg
cn.stu.cache.CacheException: Undefined [default] caffeine cache
	at cn.stu.cache.caffeine.CaffeineProvider.lambda$buildCache$1(CaffeineProvider.java:70)
	at java.util.concurrent.ConcurrentHashMap.computeIfAbsent(ConcurrentHashMap.java:1660)
	at cn.stu.cache.caffeine.CaffeineProvider.buildCache(CaffeineProvider.java:65)
	at cn.stu.cache.CacheProviderHolder.getLevel1Cache(CacheProviderHolder.java:108)
	at cn.stu.cache.redis.RedisPubSubClusterPolicy.clear(RedisPubSubClusterPolicy.java:98)
	at cn.stu.cache.cluster.ClusterPolicy.handleCommand(ClusterPolicy.java:106)
	at cn.stu.cache.redis.RedisPubSubClusterPolicy.onMessage(RedisPubSubClusterPolicy.java:167)
	at redis.clients.jedis.JedisPubSub.process(JedisPubSub.java:142)
	at redis.clients.jedis.JedisPubSub.proceed(JedisPubSub.java:115)
	at redis.clients.jedis.Jedis.subscribe(Jedis.java:2680)
	at cn.stu.cache.redis.RedisPubSubClusterPolicy.lambda$connect$0(RedisPubSubClusterPolicy.java:115)
	at java.lang.Thread.run(Thread.java:748)
cn.stu.cache.CacheException: Undefined [default] caffeine cache
	at cn.stu.cache.caffeine.CaffeineProvider.lambda$buildCache$1(CaffeineProvider.java:70)
	at java.util.concurrent.ConcurrentHashMap.computeIfAbsent(ConcurrentHashMap.java:1660)
	at cn.stu.cache.caffeine.CaffeineProvider.buildCache(CaffeineProvider.java:65)
	at cn.stu.cache.CacheProviderHolder.getLevel1Cache(CacheProviderHolder.java:108)
	at cn.stu.cache.redis.RedisPubSubClusterPolicy.clear(RedisPubSubClusterPolicy.java:98)
	at cn.stu.cache.cluster.ClusterPolicy.handleCommand(ClusterPolicy.java:106)
	at cn.stu.cache.redis.RedisPubSubClusterPolicy.onMessage(RedisPubSubClusterPolicy.java:167)
	at redis.clients.jedis.JedisPubSub.process(JedisPubSub.java:142)
	at redis.clients.jedis.JedisPubSub.proceed(JedisPubSub.java:115)
	at redis.clients.jedis.Jedis.subscribe(Jedis.java:2680)
	at cn.stu.cache.redis.RedisPubSubClusterPolicy.lambda$connect$0(RedisPubSubClusterPolicy.java:115)
	at java.lang.Thread.run(Thread.java:748)
[RedisSubscribeThread] ERROR cn.stu.cache.cluster.ClusterPolicy - Failed to handle received msg
cn.stu.cache.CacheException: Undefined [default] caffeine cache
	at cn.stu.cache.caffeine.CaffeineProvider.lambda$buildCache$1(CaffeineProvider.java:70)
	at java.util.concurrent.ConcurrentHashMap.computeIfAbsent(ConcurrentHashMap.java:1660)
	at cn.stu.cache.caffeine.CaffeineProvider.buildCache(CaffeineProvider.java:65)
	at cn.stu.cache.CacheProviderHolder.getLevel1Cache(CacheProviderHolder.java:108)
	at cn.stu.cache.redis.RedisPubSubClusterPolicy.clear(RedisPubSubClusterPolicy.java:98)
	at cn.stu.cache.cluster.ClusterPolicy.handleCommand(ClusterPolicy.java:106)
	at cn.stu.cache.redis.RedisPubSubClusterPolicy.onMessage(RedisPubSubClusterPolicy.java:167)
	at redis.clients.jedis.JedisPubSub.process(JedisPubSub.java:142)
	at redis.clients.jedis.JedisPubSub.proceed(JedisPubSub.java:115)
	at redis.clients.jedis.Jedis.subscribe(Jedis.java:2680)
	at cn.stu.cache.redis.RedisPubSubClusterPolicy.lambda$connect$0(RedisPubSubClusterPolicy.java:115)
	at java.lang.Thread.run(Thread.java:748)
[RedisSubscribeThread] ERROR cn.stu.cache.cluster.ClusterPolicy - Failed to handle received msg
[RedisSubscribeThread] ERROR cn.stu.cache.cluster.ClusterPolicy - Failed to handle received msg
[RedisSubscribeThread] ERROR cn.stu.cache.cluster.ClusterPolicy - Failed to handle received msg
[RedisSubscribeThread] ERROR cn.stu.cache.cluster.ClusterPolicy - Failed to handle received msg
cn.stu.cache.CacheException: Undefined [default] caffeine cache
[RedisSubscribeThread] ERROR cn.stu.cache.cluster.ClusterPolicy - Failed to handle received msg
	at cn.stu.cache.caffeine.CaffeineProvider.lambda$buildCache$1(CaffeineProvider.java:70)
	at java.util.concurrent.ConcurrentHashMap.computeIfAbsent(ConcurrentHashMap.java:1660)
	at cn.stu.cache.caffeine.CaffeineProvider.buildCache(CaffeineProvider.java:65)
	at cn.stu.cache.CacheProviderHolder.getLevel1Cache(CacheProviderHolder.java:108)
	at cn.stu.cache.redis.RedisPubSubClusterPolicy.clear(RedisPubSubClusterPolicy.java:98)
	at cn.stu.cache.cluster.ClusterPolicy.handleCommand(ClusterPolicy.java:106)
	at cn.stu.cache.redis.RedisPubSubClusterPolicy.onMessage(RedisPubSubClusterPolicy.java:167)
	at redis.clients.jedis.JedisPubSub.process(JedisPubSub.java:142)
	at redis.clients.jedis.JedisPubSub.proceed(JedisPubSub.java:115)
	at redis.clients.jedis.Jedis.subscribe(Jedis.java:2680)
	at cn.stu.cache.redis.RedisPubSubClusterPolicy.lambda$connect$0(RedisPubSubClusterPolicy.java:115)
	at java.lang.Thread.run(Thread.java:748)
cn.stu.cache.CacheException: Undefined [default] caffeine cache
	at cn.stu.cache.caffeine.CaffeineProvider.lambda$buildCache$1(CaffeineProvider.java:70)
	at java.util.concurrent.ConcurrentHashMap.computeIfAbsent(ConcurrentHashMap.java:1660)
	at cn.stu.cache.caffeine.CaffeineProvider.buildCache(CaffeineProvider.java:65)
	at cn.stu.cache.CacheProviderHolder.getLevel1Cache(CacheProviderHolder.java:108)
	at cn.stu.cache.redis.RedisPubSubClusterPolicy.clear(RedisPubSubClusterPolicy.java:98)
	at cn.stu.cache.cluster.ClusterPolicy.handleCommand(ClusterPolicy.java:106)
	at cn.stu.cache.redis.RedisPubSubClusterPolicy.onMessage(RedisPubSubClusterPolicy.java:167)
	at redis.clients.jedis.JedisPubSub.process(JedisPubSub.java:142)
	at redis.clients.jedis.JedisPubSub.proceed(JedisPubSub.java:115)
	at redis.clients.jedis.Jedis.subscribe(Jedis.java:2680)
	at cn.stu.cache.redis.RedisPubSubClusterPolicy.lambda$connect$0(RedisPubSubClusterPolicy.java:115)
	at java.lang.Thread.run(Thread.java:748)
cn.stu.cache.CacheException: Undefined [default] caffeine cache
	at cn.stu.cache.caffeine.CaffeineProvider.lambda$buildCache$1(CaffeineProvider.java:70)
	at java.util.concurrent.ConcurrentHashMap.computeIfAbsent(ConcurrentHashMap.java:1660)
	at cn.stu.cache.caffeine.CaffeineProvider.buildCache(CaffeineProvider.java:65)
	at cn.stu.cache.CacheProviderHolder.getLevel1Cache(CacheProviderHolder.java:108)
	at cn.stu.cache.redis.RedisPubSubClusterPolicy.clear(RedisPubSubClusterPolicy.java:98)
	at cn.stu.cache.cluster.ClusterPolicy.handleCommand(ClusterPolicy.java:106)
	at cn.stu.cache.redis.RedisPubSubClusterPolicy.onMessage(RedisPubSubClusterPolicy.java:167)
	at redis.clients.jedis.JedisPubSub.process(JedisPubSub.java:142)
	at redis.clients.jedis.JedisPubSub.proceed(JedisPubSub.java:115)
	at redis.clients.jedis.Jedis.subscribe(Jedis.java:2680)
	at cn.stu.cache.redis.RedisPubSubClusterPolicy.lambda$connect$0(RedisPubSubClusterPolicy.java:115)
	at java.lang.Thread.run(Thread.java:748)
cn.stu.cache.CacheException: Undefined [default] caffeine cache
	at cn.stu.cache.caffeine.CaffeineProvider.lambda$buildCache$1(CaffeineProvider.java:70)
	at java.util.concurrent.ConcurrentHashMap.computeIfAbsent(ConcurrentHashMap.java:1660)
	at cn.stu.cache.caffeine.CaffeineProvider.buildCache(CaffeineProvider.java:65)
	at cn.stu.cache.CacheProviderHolder.getLevel1Cache(CacheProviderHolder.java:108)
	at cn.stu.cache.redis.RedisPubSubClusterPolicy.clear(RedisPubSubClusterPolicy.java:98)
	at cn.stu.cache.cluster.ClusterPolicy.handleCommand(ClusterPolicy.java:106)
	at cn.stu.cache.redis.RedisPubSubClusterPolicy.onMessage(RedisPubSubClusterPolicy.java:167)
	at redis.clients.jedis.JedisPubSub.process(JedisPubSub.java:142)
	at redis.clients.jedis.JedisPubSub.proceed(JedisPubSub.java:115)
	at redis.clients.jedis.Jedis.subscribe(Jedis.java:2680)
	at cn.stu.cache.redis.RedisPubSubClusterPolicy.lambda$connect$0(RedisPubSubClusterPolicy.java:115)
	at java.lang.Thread.run(Thread.java:748)
cn.stu.cache.CacheException: Undefined [default] caffeine cache
	at cn.stu.cache.caffeine.CaffeineProvider.lambda$buildCache$1(CaffeineProvider.java:70)
	at java.util.concurrent.ConcurrentHashMap.computeIfAbsent(ConcurrentHashMap.java:1660)
	at cn.stu.cache.caffeine.CaffeineProvider.buildCache(CaffeineProvider.java:65)
	at cn.stu.cache.CacheProviderHolder.getLevel1Cache(CacheProviderHolder.java:108)
	at cn.stu.cache.redis.RedisPubSubClusterPolicy.clear(RedisPubSubClusterPolicy.java:98)
	at cn.stu.cache.cluster.ClusterPolicy.handleCommand(ClusterPolicy.java:106)
	at cn.stu.cache.redis.RedisPubSubClusterPolicy.onMessage(RedisPubSubClusterPolicy.java:167)
	at redis.clients.jedis.JedisPubSub.process(JedisPubSub.java:142)
	at redis.clients.jedis.JedisPubSub.proceed(JedisPubSub.java:115)
	at redis.clients.jedis.Jedis.subscribe(Jedis.java:2680)
	at cn.stu.cache.redis.RedisPubSubClusterPolicy.lambda$connect$0(RedisPubSubClusterPolicy.java:115)
	at java.lang.Thread.run(Thread.java:748)
[RedisSubscribeThread] INFO cn.stu.cache.cluster.ClusterPolicy - Node-4017807 quit !
[RedisSubscribeThread] INFO cn.stu.cache.cluster.ClusterPolicy - Node-4017807 quit !
[RedisSubscribeThread] INFO cn.stu.cache.cluster.ClusterPolicy - Node-4017807 quit !
[RedisSubscribeThread] INFO cn.stu.cache.cluster.ClusterPolicy - Node-4017807 quit !
[RedisSubscribeThread] INFO cn.stu.cache.cluster.ClusterPolicy - Node-4017807 quit !
[RedisSubscribeThread] INFO cn.stu.cache.redis.RedisPubSubClusterPolicy - Disconnect to redis channel: j2cache
]]></system-err>
</testsuite>
