<?xml version="1.0" encoding="UTF-8"?>
<testsuite name="stu.memcached.MemcacheOperationTest" tests="1" skipped="0" failures="0" errors="0" timestamp="2019-04-13T02:14:23" hostname="zhanghanlin" time="0.052">
  <properties/>
  <testcase name="memOperationConnectTest" classname="stu.memcached.MemcacheOperationTest" time="0.052"/>
  <system-out><![CDATA[]]></system-out>
  <system-err><![CDATA[]]></system-err>
</testsuite>
