<?xml version="1.0" encoding="UTF-8"?>
<testsuite name="com.cache.log.LoggerFactoryTest" tests="4" skipped="0" failures="0" errors="0" timestamp="2019-04-13T02:14:34" hostname="zhanghanlin" time="0.104">
  <properties/>
  <testcase name="slf4jTest" classname="com.cache.log.LoggerFactoryTest" time="0.017"/>
  <testcase name="logFactoryTest" classname="com.cache.log.LoggerFactoryTest" time="0.0"/>
  <testcase name="noLogTest" classname="com.cache.log.LoggerFactoryTest" time="0.002"/>
  <testcase name="log4jTest" classname="com.cache.log.LoggerFactoryTest" time="0.082"/>
  <system-out><![CDATA[DEBUG [Test worker] - 日志适配器初始化成功
DEBUG [Test worker] - debug
 WARN [Test worker] - warn
ERROR [Test worker] - error
]]></system-out>
  <system-err><![CDATA[[Test worker] WARN com.cache.log.LoggerFactoryTest - warn
[Test worker] ERROR com.cache.log.LoggerFactoryTest - error
[Test worker] WARN com.cache.log.LoggerFactoryTest - warn
[Test worker] ERROR com.cache.log.LoggerFactoryTest - error
]]></system-err>
</testsuite>
